程序开始>>>>>>
[ZslCustomsAssist.Program-LogSystemMsg][58][INFO][1] 2024-06-04 16:29:10,563--当前客户端版本号：1.0.0.0
[ZslCustomsAssist.Program-LogSystemMsg][59][INFO][1] 2024-06-04 16:29:10,589--当前运行环境：Windows 10 Home China(64) 版本号:22000
[ZslCustomsAssist.SPSecure.SPSecureAPI-SpcGetErrMsg][370][INFO][1] 2024-06-04 16:29:12,497--【打开设备0】提示信息！
[ZslCustomsAssist.SPSecure.SPSecureAPI-SpcGetErrMsg][374][INFO][1] 2024-06-04 16:29:12,499--E-PortMsg--==：打开设备成功！
[ZslCustomsAssist.SPSecure.SPSecureAPI-SpcGetErrMsg][370][INFO][1] 2024-06-04 16:29:12,510--【获取卡号0】提示信息！
[ZslCustomsAssist.SPSecure.SPSecureAPI-SpcGetErrMsg][374][INFO][1] 2024-06-04 16:29:12,511--E-PortMsg--==：获取卡号成功！
[ZslCustomsAssist.Jobs.ClearTimeOutFileJob-ClearFile][55][INFO][10] 2024-06-04 16:29:17,598--D:\file\ZslCustomsAssist\ZslCustomsAssist\bin\Debug\net6.0-windows\Log不存在，取消清除！
[ZslCustomsAssist.SPSecure.SPSecureAPI-SpcGetErrMsg][370][INFO][1] 2024-06-04 16:29:18,123--【获取卡内证书算法标识0】提示信息！
[ZslCustomsAssist.SPSecure.SPSecureAPI-SpcGetErrMsg][374][INFO][1] 2024-06-04 16:29:18,123--E-PortMsg--==：获取卡内证书算法标识成功！
[ZslCustomsAssist.SPSecure.SPSecureAPI-SpcGetErrMsg][370][INFO][1] 2024-06-04 16:29:18,124--【获取证书号03000000000bcd8b0】提示信息！
[ZslCustomsAssist.SPSecure.SPSecureAPI-SpcGetErrMsg][374][INFO][1] 2024-06-04 16:29:18,124--E-PortMsg--==：获取证书号03000000000bcd8b成功！
[ZslCustomsAssist.SPSecure.SPSecureAPI-SpcGetErrMsg][370][INFO][1] 2024-06-04 16:29:18,143--【获取申请者名称0】提示信息！
[ZslCustomsAssist.SPSecure.SPSecureAPI-SpcGetErrMsg][374][INFO][1] 2024-06-04 16:29:18,143--E-PortMsg--==：获取申请者名称成功！
[ZslCustomsAssist.SPSecure.SPSecureAPI-SpcGetErrMsg][370][INFO][1] 2024-06-04 16:29:18,143--【获取单位代码0】提示信息！
[ZslCustomsAssist.SPSecure.SPSecureAPI-SpcGetErrMsg][374][INFO][1] 2024-06-04 16:29:18,144--E-PortMsg--==：获取单位代码成功！
[ZslCustomsAssist.SPSecure.SPSecureAPI-SpcGetErrMsg][370][INFO][1] 2024-06-04 16:29:18,144--【获取单位名称0】提示信息！
[ZslCustomsAssist.SPSecure.SPSecureAPI-SpcGetErrMsg][374][INFO][1] 2024-06-04 16:29:18,144--E-PortMsg--==：获取单位名称成功！
[ZslCustomsAssist.SPSecure.SPSecureAPI-SpcGetErrMsg][370][INFO][1] 2024-06-04 16:29:18,144--【获取单位类别0】提示信息！
[ZslCustomsAssist.SPSecure.SPSecureAPI-SpcGetErrMsg][374][INFO][1] 2024-06-04 16:29:18,145--E-PortMsg--==：获取单位类别成功！
[ZslCustomsAssist.SPSecure.SPSecureAPI-SpcGetErrMsg][370][INFO][1] 2024-06-04 16:29:18,145--【获取卡签名证书0】提示信息！
[ZslCustomsAssist.SPSecure.SPSecureAPI-SpcGetErrMsg][374][INFO][1] 2024-06-04 16:29:18,145--E-PortMsg--==：获取卡签名证书成功！
[ZslCustomsAssist.Jobs.SynchronousConfigurationJob-SynchronousConfigurationStart][71][INFO][1] 2024-06-04 16:29:18,366--本次同步配置共耗时：0.209s
[ZslCustomsAssist.FormMain-FormMain_Load][337][INFO][1] 2024-06-04 16:29:18,385--客户端启动中...
[ZslCustomsAssist.FormMain-StartThreads][199][INFO][1] 2024-06-04 16:29:18,393--开启请求报文服务！
[ZslCustomsAssist.FormMain-StartThreads][205][INFO][1] 2024-06-04 16:29:18,398--开启报文发送服务！
[ZslCustomsAssist.FormMain-StartThreads][211][INFO][1] 2024-06-04 16:29:18,402--开启回执接收任务！
[ZslCustomsAssist.Jobs.ReportSendJob-OnDoJob][49][DEBUG][15] 2024-06-04 16:29:19,404--报文发送业务线程，开始!
[ZslCustomsAssist.Jobs.ReportSendJob-CtrlReportSendThreads][60][INFO][15] 2024-06-04 16:29:19,404--开始处理报文发送业务，预计开启线程数：10
[ZslCustomsAssist.Jobs.ReportSendJob-OnDoReportSend][83][ERROR][31] 2024-06-04 16:29:20,411--执行了OnDoReportSend！
[ZslCustomsAssist.Jobs.ReportSendJob-OnDoReportSend][83][ERROR][32] 2024-06-04 16:29:21,416--执行了OnDoReportSend！
[ZslCustomsAssist.Jobs.ReportSendJob-OnDoReportSend][83][ERROR][22] 2024-06-04 16:29:22,427--执行了OnDoReportSend！
[ZslCustomsAssist.Jobs.ReportSendJob-OnDoReportSend][83][ERROR][33] 2024-06-04 16:29:23,430--执行了OnDoReportSend！
[ZslCustomsAssist.Jobs.ReportSendJob-OnDoReportSend][83][ERROR][34] 2024-06-04 16:29:24,437--执行了OnDoReportSend！
[ZslCustomsAssist.Jobs.ReportSendJob-OnDoReportSend][83][ERROR][35] 2024-06-04 16:29:25,445--执行了OnDoReportSend！
[ZslCustomsAssist.Jobs.ReportSendJob-OnDoReportSend][83][ERROR][6] 2024-06-04 16:29:26,454--执行了OnDoReportSend！
[ZslCustomsAssist.Jobs.SendAbstractRequestJob-RequestReport][71][ERROR][13] 2024-06-04 16:29:26,603--请求摘要数据=============================
[ZslCustomsAssist.Jobs.SendAbstractRequestJob-RequestReport][78][ERROR][13] 2024-06-04 16:29:26,605--{
  "id": "293411200407",
  "type": 1,
  "guid": "C9AE13C4-5AFD-28BD-6E72-64588FE7BCEA",
  "orderNo": "293411200407",
  "fileName": "SZCPORTCEB311Message_EDI4403961X7S_E001_293411200407",
  "xmlMessage": "<?xml version=\"1.0\" encoding=\"UTF-8\"?>\n<ceb:CEB311Message xmlns:ceb=\"http://www.chinaport.gov.cn/ceb\" guid=\"C9AE13C4-5AFD-28BD-6E72-64588FE7BCEA\" version=\"1.0\"  xmlns:xsi=\"http://www.w3.org/2001/XMLSchema-instance\">\n        <ceb:Order>\n            <ceb:OrderHead>\n                <ceb:guid>C9AE13C4-5AFD-28BD-6E72-64588FE7BCEA</ceb:guid>\n                <ceb:appType>1</ceb:appType>\n                <ceb:appTime>20240604162924</ceb:appTime>\n                <ceb:appStatus>2</ceb:appStatus>\n                <ceb:orderType>I</ceb:orderType>\n                <ceb:orderNo>293411200407</ceb:orderNo>\n                <ceb:ebpCode>31149679BZ</ceb:ebpCode>\n                <ceb:ebpName>上海京东才奥电子商务有限公司</ceb:ebpName>\n                <ceb:ebcCode>4403961X7S</ceb:ebcCode>\n                <ceb:ebcName>深圳市中英街商旅服务有限公司</ceb:ebcName>\n                <ceb:goodsValue>154.42</ceb:goodsValue>\n                <ceb:freight>0.0</ceb:freight>\n                <ceb:discount>0.00</ceb:discount>\n                <ceb:taxTotal>44.58</ceb:taxTotal>\n                <ceb:acturalPaid>199.00</ceb:acturalPaid>\n                <ceb:currency>142</ceb:currency>\n                <ceb:buyerRegNo>293411200407</ceb:buyerRegNo>\n                <ceb:buyerName>黄志聪</ceb:buyerName>\n                <ceb:buyerTelephone>13599166502</ceb:buyerTelephone>\n                <ceb:buyerIdType>1</ceb:buyerIdType>\n                <ceb:buyerIdNumber>350583197701178339</ceb:buyerIdNumber>\n                <ceb:payCode>4403169D3W</ceb:payCode>\n                <ceb:payName>财付通支付科技有限公司</ceb:payName>\n                <ceb:payTransactionId>420000217120240529098125771500</ceb:payTransactionId>\n                <ceb:batchNumbers></ceb:batchNumbers>\n                <ceb:consignee>黄志聪</ceb:consignee>\n                <ceb:consigneeTelephone>13599166502</ceb:consigneeTelephone>\n                <ceb:consigneeAddress>福建泉州市南安市罗东镇金山豪庭4楼 手机号后四位6502</ceb:consigneeAddress>\n            </ceb:OrderHead>\n            <ceb:OrderList>\n                <ceb:gnum>1</ceb:gnum>\n                <ceb:itemNo>20231101034</ceb:itemNo>\n                <ceb:itemName>芝华士(Chivas Regal)12年苏格兰调和型威士忌40度洋酒 1000ml</ceb:itemName>\n                <ceb:gmodel>1L/瓶</ceb:gmodel>\n                <ceb:itemDescribe>芝华士(Chivas Regal)12年苏格兰调和型威士忌40度洋酒 1000ml</ceb:itemDescribe>\n                <ceb:barCode>无</ceb:barCode>\n                <ceb:unit>142</ceb:unit>\n                <ceb:qty>1</ceb:qty>\n                <ceb:price>154.42</ceb:price>\n                <ceb:totalPrice>154.42</ceb:totalPrice>\n                <ceb:currency>142</ceb:currency>\n                <ceb:country>303</ceb:country>\n            </ceb:OrderList>\n        </ceb:Order>\n    <ceb:BaseTransfer>\n    <ceb:copCode>4403961X7S</ceb:copCode>\n    <ceb:copName>深圳市中英街商旅服务有限公司</ceb:copName>\n    <ceb:dxpMode>DXP</ceb:dxpMode>\n    <ceb:dxpId>DXPENT0000486448</ceb:dxpId>\n</ceb:BaseTransfer>\n</ceb:CEB311Message>\n",
  "digestValue": "<ds:SignedInfo xmlns:ceb=\"http://www.chinaport.gov.cn/ceb\" xmlns:ds=\"http://www.w3.org/2000/09/xmldsig#\" xmlns:xsi=\"http://www.w3.org/2001/XMLSchema-instance\" ><ds:CanonicalizationMethod Algorithm=\"http://www.w3.org/TR/2001/REC-xml-c14n-20010315\"></ds:CanonicalizationMethod><ds:SignatureMethod Algorithm=\"http://www.w3.org/2000/09/xmldsig#rsa-sha1\"></ds:SignatureMethod><ds:Reference URI=\"\"><ds:Transforms><ds:Transform Algorithm=\"http://www.w3.org/2000/09/xmldsig#enveloped-signature\"></ds:Transform></ds:Transforms><ds:DigestMethod Algorithm=\"http://www.w3.org/2000/09/xmldsig#sha1\"></ds:DigestMethod><ds:DigestValue>NqqqKYKmiTKNl4XHzbMnieRm0uA=</ds:DigestValue></ds:Reference></ds:SignedInfo>",
  "signInfo": null
}请求摘要数据=============================000
[ZslCustomsAssist.SPSecure.SPSecureAPI-SpcSignData][37][INFO][13] 2024-06-04 16:29:26,622--==<ds:SignedInfo xmlns:ceb="http://www.chinaport.gov.cn/ceb" xmlns:ds="http://www.w3.org/2000/09/xmldsig#" xmlns:xsi="http://www.w3.org/2001/XMLSchema-instance"><ds:CanonicalizationMethod Algorithm="http://www.w3.org/TR/2001/REC-xml-c14n-20010315"></ds:CanonicalizationMethod><ds:SignatureMethod Algorithm="http://www.w3.org/2000/09/xmldsig#rsa-sha1"></ds:SignatureMethod><ds:Reference URI=""><ds:Transforms><ds:Transform Algorithm="http://www.w3.org/2000/09/xmldsig#enveloped-signature"></ds:Transform></ds:Transforms><ds:DigestMethod Algorithm="http://www.w3.org/2000/09/xmldsig#sha1"></ds:DigestMethod><ds:DigestValue>NqqqKYKmiTKNl4XHzbMnieRm0uA=</ds:DigestValue></ds:Reference></ds:SignedInfo>——————————————————————————！System.Byte[]【System.Byte[]】XML字符串加业务签信息！695】XML字符串加业务签信息！695】XML字符串加业务签信息！True
[ZslCustomsAssist.SPSecure.SPSecureAPI-SpcGetErrMsg][370][INFO][13] 2024-06-04 16:29:26,739--【XML字符串加业务签0】提示信息！
[ZslCustomsAssist.SPSecure.SPSecureAPI-SpcGetErrMsg][374][INFO][13] 2024-06-04 16:29:26,739--E-PortMsg--==：XML字符串加业务签成功！
[ZslCustomsAssist.Jobs.SendAbstractRequestJob-RequestReport][88][ERROR][13] 2024-06-04 16:29:26,739--{
  "id": "293411200407",
  "type": 1,
  "guid": "C9AE13C4-5AFD-28BD-6E72-64588FE7BCEA",
  "orderNo": "293411200407",
  "fileName": "SZCPORTCEB311Message_EDI4403961X7S_E001_293411200407",
  "xmlMessage": "<?xml version=\"1.0\" encoding=\"UTF-8\"?>\n<ceb:CEB311Message xmlns:ceb=\"http://www.chinaport.gov.cn/ceb\" guid=\"C9AE13C4-5AFD-28BD-6E72-64588FE7BCEA\" version=\"1.0\"  xmlns:xsi=\"http://www.w3.org/2001/XMLSchema-instance\">\n        <ceb:Order>\n            <ceb:OrderHead>\n                <ceb:guid>C9AE13C4-5AFD-28BD-6E72-64588FE7BCEA</ceb:guid>\n                <ceb:appType>1</ceb:appType>\n                <ceb:appTime>20240604162924</ceb:appTime>\n                <ceb:appStatus>2</ceb:appStatus>\n                <ceb:orderType>I</ceb:orderType>\n                <ceb:orderNo>293411200407</ceb:orderNo>\n                <ceb:ebpCode>31149679BZ</ceb:ebpCode>\n                <ceb:ebpName>上海京东才奥电子商务有限公司</ceb:ebpName>\n                <ceb:ebcCode>4403961X7S</ceb:ebcCode>\n                <ceb:ebcName>深圳市中英街商旅服务有限公司</ceb:ebcName>\n                <ceb:goodsValue>154.42</ceb:goodsValue>\n                <ceb:freight>0.0</ceb:freight>\n                <ceb:discount>0.00</ceb:discount>\n                <ceb:taxTotal>44.58</ceb:taxTotal>\n                <ceb:acturalPaid>199.00</ceb:acturalPaid>\n                <ceb:currency>142</ceb:currency>\n                <ceb:buyerRegNo>293411200407</ceb:buyerRegNo>\n                <ceb:buyerName>黄志聪</ceb:buyerName>\n                <ceb:buyerTelephone>13599166502</ceb:buyerTelephone>\n                <ceb:buyerIdType>1</ceb:buyerIdType>\n                <ceb:buyerIdNumber>350583197701178339</ceb:buyerIdNumber>\n                <ceb:payCode>4403169D3W</ceb:payCode>\n                <ceb:payName>财付通支付科技有限公司</ceb:payName>\n                <ceb:payTransactionId>420000217120240529098125771500</ceb:payTransactionId>\n                <ceb:batchNumbers></ceb:batchNumbers>\n                <ceb:consignee>黄志聪</ceb:consignee>\n                <ceb:consigneeTelephone>13599166502</ceb:consigneeTelephone>\n                <ceb:consigneeAddress>福建泉州市南安市罗东镇金山豪庭4楼 手机号后四位6502</ceb:consigneeAddress>\n            </ceb:OrderHead>\n            <ceb:OrderList>\n                <ceb:gnum>1</ceb:gnum>\n                <ceb:itemNo>20231101034</ceb:itemNo>\n                <ceb:itemName>芝华士(Chivas Regal)12年苏格兰调和型威士忌40度洋酒 1000ml</ceb:itemName>\n                <ceb:gmodel>1L/瓶</ceb:gmodel>\n                <ceb:itemDescribe>芝华士(Chivas Regal)12年苏格兰调和型威士忌40度洋酒 1000ml</ceb:itemDescribe>\n                <ceb:barCode>无</ceb:barCode>\n                <ceb:unit>142</ceb:unit>\n                <ceb:qty>1</ceb:qty>\n                <ceb:price>154.42</ceb:price>\n                <ceb:totalPrice>154.42</ceb:totalPrice>\n                <ceb:currency>142</ceb:currency>\n                <ceb:country>303</ceb:country>\n            </ceb:OrderList>\n        </ceb:Order>\n    <ceb:BaseTransfer>\n    <ceb:copCode>4403961X7S</ceb:copCode>\n    <ceb:copName>深圳市中英街商旅服务有限公司</ceb:copName>\n    <ceb:dxpMode>DXP</ceb:dxpMode>\n    <ceb:dxpId>DXPENT0000486448</ceb:dxpId>\n</ceb:BaseTransfer>\n</ceb:CEB311Message>\n",
  "digestValue": "PGRzOlNpZ25lZEluZm8geG1sbnM6Y2ViPSJodHRwOi8vd3d3LmNoaW5hcG9ydC5nb3YuY24vY2ViIiB4bWxuczpkcz0iaHR0cDovL3d3dy53My5vcmcvMjAwMC8wOS94bWxkc2lnIyIgeG1sbnM6eHNpPSJodHRwOi8vd3d3LnczLm9yZy8yMDAxL1hNTFNjaGVtYS1pbnN0YW5jZSIgPjxkczpDYW5vbmljYWxpemF0aW9uTWV0aG9kIEFsZ29yaXRobT0iaHR0cDovL3d3dy53My5vcmcvVFIvMjAwMS9SRUMteG1sLWMxNG4tMjAwMTAzMTUiPjwvZHM6Q2Fub25pY2FsaXphdGlvbk1ldGhvZD48ZHM6U2lnbmF0dXJlTWV0aG9kIEFsZ29yaXRobT0iaHR0cDovL3d3dy53My5vcmcvMjAwMC8wOS94bWxkc2lnI3JzYS1zaGExIj48L2RzOlNpZ25hdHVyZU1ldGhvZD48ZHM6UmVmZXJlbmNlIFVSST0iIj48ZHM6VHJhbnNmb3Jtcz48ZHM6VHJhbnNmb3JtIEFsZ29yaXRobT0iaHR0cDovL3d3dy53My5vcmcvMjAwMC8wOS94bWxkc2lnI2VudmVsb3BlZC1zaWduYXR1cmUiPjwvZHM6VHJhbnNmb3JtPjwvZHM6VHJhbnNmb3Jtcz48ZHM6RGlnZXN0TWV0aG9kIEFsZ29yaXRobT0iaHR0cDovL3d3dy53My5vcmcvMjAwMC8wOS94bWxkc2lnI3NoYTEiPjwvZHM6RGlnZXN0TWV0aG9kPjxkczpEaWdlc3RWYWx1ZT5OcXFxS1lLbWlUS05sNFhIemJNbmllUm0wdUE9PC9kczpEaWdlc3RWYWx1ZT48L2RzOlJlZmVyZW5jZT48L2RzOlNpZ25lZEluZm8+",
  "signInfo": "dg5N1+QbgPH3mqyzIjoaTxcoIsJ1633E2deFNqrVl7N3r2uJlG3IIq+D02vneYlvlbdelLZ6JljxezcxQX1nbw=="
}请求摘要数据=============================111
[ZslCustomsAssist.Service.ApiService-SendDataCallbackAbstract][263][INFO][13] 2024-06-04 16:29:26,740--【{"id":"293411200407","type":1,"guid":"C9AE13C4-5AFD-28BD-6E72-64588FE7BCEA","orderNo":"293411200407","fileName":"SZCPORTCEB311Message_EDI4403961X7S_E001_293411200407","xmlMessage":"<?xml version=\"1.0\" encoding=\"UTF-8\"?>\n<ceb:CEB311Message xmlns:ceb=\"http://www.chinaport.gov.cn/ceb\" guid=\"C9AE13C4-5AFD-28BD-6E72-64588FE7BCEA\" version=\"1.0\"  xmlns:xsi=\"http://www.w3.org/2001/XMLSchema-instance\">\n        <ceb:Order>\n            <ceb:OrderHead>\n                <ceb:guid>C9AE13C4-5AFD-28BD-6E72-64588FE7BCEA</ceb:guid>\n                <ceb:appType>1</ceb:appType>\n                <ceb:appTime>20240604162924</ceb:appTime>\n                <ceb:appStatus>2</ceb:appStatus>\n                <ceb:orderType>I</ceb:orderType>\n                <ceb:orderNo>293411200407</ceb:orderNo>\n                <ceb:ebpCode>31149679BZ</ceb:ebpCode>\n                <ceb:ebpName>上海京东才奥电子商务有限公司</ceb:ebpName>\n                <ceb:ebcCode>4403961X7S</ceb:ebcCode>\n                <ceb:ebcName>深圳市中英街商旅服务有限公司</ceb:ebcName>\n                <ceb:goodsValue>154.42</ceb:goodsValue>\n                <ceb:freight>0.0</ceb:freight>\n                <ceb:discount>0.00</ceb:discount>\n                <ceb:taxTotal>44.58</ceb:taxTotal>\n                <ceb:acturalPaid>199.00</ceb:acturalPaid>\n                <ceb:currency>142</ceb:currency>\n                <ceb:buyerRegNo>293411200407</ceb:buyerRegNo>\n                <ceb:buyerName>黄志聪</ceb:buyerName>\n                <ceb:buyerTelephone>13599166502</ceb:buyerTelephone>\n                <ceb:buyerIdType>1</ceb:buyerIdType>\n                <ceb:buyerIdNumber>350583197701178339</ceb:buyerIdNumber>\n                <ceb:payCode>4403169D3W</ceb:payCode>\n                <ceb:payName>财付通支付科技有限公司</ceb:payName>\n                <ceb:payTransactionId>420000217120240529098125771500</ceb:payTransactionId>\n                <ceb:batchNumbers></ceb:batchNumbers>\n                <ceb:consignee>黄志聪</ceb:consignee>\n                <ceb:consigneeTelephone>13599166502</ceb:consigneeTelephone>\n                <ceb:consigneeAddress>福建泉州市南安市罗东镇金山豪庭4楼 手机号后四位6502</ceb:consigneeAddress>\n            </ceb:OrderHead>\n            <ceb:OrderList>\n                <ceb:gnum>1</ceb:gnum>\n                <ceb:itemNo>20231101034</ceb:itemNo>\n                <ceb:itemName>芝华士(Chivas Regal)12年苏格兰调和型威士忌40度洋酒 1000ml</ceb:itemName>\n                <ceb:gmodel>1L/瓶</ceb:gmodel>\n                <ceb:itemDescribe>芝华士(Chivas Regal)12年苏格兰调和型威士忌40度洋酒 1000ml</ceb:itemDescribe>\n                <ceb:barCode>无</ceb:barCode>\n                <ceb:unit>142</ceb:unit>\n                <ceb:qty>1</ceb:qty>\n                <ceb:price>154.42</ceb:price>\n                <ceb:totalPrice>154.42</ceb:totalPrice>\n                <ceb:currency>142</ceb:currency>\n                <ceb:country>303</ceb:country>\n            </ceb:OrderList>\n        </ceb:Order>\n    <ceb:BaseTransfer>\n    <ceb:copCode>4403961X7S</ceb:copCode>\n    <ceb:copName>深圳市中英街商旅服务有限公司</ceb:copName>\n    <ceb:dxpMode>DXP</ceb:dxpMode>\n    <ceb:dxpId>DXPENT0000486448</ceb:dxpId>\n</ceb:BaseTransfer>\n</ceb:CEB311Message>\n","digestValue":"PGRzOlNpZ25lZEluZm8geG1sbnM6Y2ViPSJodHRwOi8vd3d3LmNoaW5hcG9ydC5nb3YuY24vY2ViIiB4bWxuczpkcz0iaHR0cDovL3d3dy53My5vcmcvMjAwMC8wOS94bWxkc2lnIyIgeG1sbnM6eHNpPSJodHRwOi8vd3d3LnczLm9yZy8yMDAxL1hNTFNjaGVtYS1pbnN0YW5jZSIgPjxkczpDYW5vbmljYWxpemF0aW9uTWV0aG9kIEFsZ29yaXRobT0iaHR0cDovL3d3dy53My5vcmcvVFIvMjAwMS9SRUMteG1sLWMxNG4tMjAwMTAzMTUiPjwvZHM6Q2Fub25pY2FsaXphdGlvbk1ldGhvZD48ZHM6U2lnbmF0dXJlTWV0aG9kIEFsZ29yaXRobT0iaHR0cDovL3d3dy53My5vcmcvMjAwMC8wOS94bWxkc2lnI3JzYS1zaGExIj48L2RzOlNpZ25hdHVyZU1ldGhvZD48ZHM6UmVmZXJlbmNlIFVSST0iIj48ZHM6VHJhbnNmb3Jtcz48ZHM6VHJhbnNmb3JtIEFsZ29yaXRobT0iaHR0cDovL3d3dy53My5vcmcvMjAwMC8wOS94bWxkc2lnI2VudmVsb3BlZC1zaWduYXR1cmUiPjwvZHM6VHJhbnNmb3JtPjwvZHM6VHJhbnNmb3Jtcz48ZHM6RGlnZXN0TWV0aG9kIEFsZ29yaXRobT0iaHR0cDovL3d3dy53My5vcmcvMjAwMC8wOS94bWxkc2lnI3NoYTEiPjwvZHM6RGlnZXN0TWV0aG9kPjxkczpEaWdlc3RWYWx1ZT5OcXFxS1lLbWlUS05sNFhIemJNbmllUm0wdUE9PC9kczpEaWdlc3RWYWx1ZT48L2RzOlJlZmVyZW5jZT48L2RzOlNpZ25lZEluZm8+","signInfo":"dg5N1+QbgPH3mqyzIjoaTxcoIsJ1633E2deFNqrVl7N3r2uJlG3IIq+D02vneYlvlbdelLZ6JljxezcxQX1nbw=="}】postStr数据！
[ZslCustomsAssist.Service.ApiService-SendDataCallbackAbstract][267][INFO][13] 2024-06-04 16:29:27,146--调用中商旅辅助系统回执接口完成
[ZslCustomsAssist.Jobs.ReportSendJob-OnDoReportSend][83][ERROR][36] 2024-06-04 16:29:27,457--执行了OnDoReportSend！
[ZslCustomsAssist.Jobs.ReportSendJob-OnDoReportSend][83][ERROR][38] 2024-06-04 16:29:28,466--执行了OnDoReportSend！
[ZslCustomsAssist.Jobs.ReportSendJob-OnDoReportSend][83][ERROR][39] 2024-06-04 16:29:29,476--执行了OnDoReportSend！
[ZslCustomsAssist.SPSecure.SPSecureAPI-SpcGetErrMsg][370][INFO][20] 2024-06-04 16:30:18,503--【打开设备0】提示信息！
[ZslCustomsAssist.SPSecure.SPSecureAPI-SpcGetErrMsg][374][INFO][20] 2024-06-04 16:30:18,504--E-PortMsg--==：打开设备成功！
[ZslCustomsAssist.SPSecure.SPSecureAPI-SpcGetErrMsg][370][INFO][20] 2024-06-04 16:30:18,504--【获取卡号0】提示信息！
[ZslCustomsAssist.SPSecure.SPSecureAPI-SpcGetErrMsg][374][INFO][20] 2024-06-04 16:30:18,504--E-PortMsg--==：获取卡号成功！
[ZslCustomsAssist.Jobs.CheckCardStateJob-CheckCardState][79][INFO][20] 2024-06-04 16:30:18,504--插卡状态正常！2100060064918---2100060064918True
[ZslCustomsAssist.SPSecure.SPSecureAPI-SpcGetErrMsg][370][INFO][20] 2024-06-04 16:31:18,593--【打开设备0】提示信息！
[ZslCustomsAssist.SPSecure.SPSecureAPI-SpcGetErrMsg][374][INFO][20] 2024-06-04 16:31:18,593--E-PortMsg--==：打开设备成功！
[ZslCustomsAssist.SPSecure.SPSecureAPI-SpcGetErrMsg][370][INFO][20] 2024-06-04 16:31:18,593--【获取卡号0】提示信息！
[ZslCustomsAssist.SPSecure.SPSecureAPI-SpcGetErrMsg][374][INFO][20] 2024-06-04 16:31:18,593--E-PortMsg--==：获取卡号成功！
[ZslCustomsAssist.Jobs.CheckCardStateJob-CheckCardState][79][INFO][20] 2024-06-04 16:31:18,593--插卡状态正常！2100060064918---2100060064918True
[ZslCustomsAssist.Jobs.SendAbstractRequestJob-RequestReport][71][ERROR][13] 2024-06-04 16:31:37,767--请求摘要数据=============================
[ZslCustomsAssist.Jobs.SendAbstractRequestJob-RequestReport][78][ERROR][13] 2024-06-04 16:31:37,767--{
  "id": "296187815649",
  "type": 1,
  "guid": "5910D727-207F-5635-818B-A52CF8B51EA8",
  "orderNo": "296187815649",
  "fileName": "SZCPORTCEB311Message_EDI4403961X7S_E001_296187815649",
  "xmlMessage": "<?xml version=\"1.0\" encoding=\"UTF-8\"?>\n<ceb:CEB311Message xmlns:ceb=\"http://www.chinaport.gov.cn/ceb\" guid=\"5910D727-207F-5635-818B-A52CF8B51EA8\" version=\"1.0\"  xmlns:xsi=\"http://www.w3.org/2001/XMLSchema-instance\">\n        <ceb:Order>\n            <ceb:OrderHead>\n                <ceb:guid>5910D727-207F-5635-818B-A52CF8B51EA8</ceb:guid>\n                <ceb:appType>1</ceb:appType>\n                <ceb:appTime>20240604163135</ceb:appTime>\n                <ceb:appStatus>2</ceb:appStatus>\n                <ceb:orderType>I</ceb:orderType>\n                <ceb:orderNo>296187815649</ceb:orderNo>\n                <ceb:ebpCode>31149679BZ</ceb:ebpCode>\n                <ceb:ebpName>上海京东才奥电子商务有限公司</ceb:ebpName>\n                <ceb:ebcCode>4403961X7S</ceb:ebcCode>\n                <ceb:ebcName>深圳市中英街商旅服务有限公司</ceb:ebcName>\n                <ceb:goodsValue>154.42</ceb:goodsValue>\n                <ceb:freight>0.0</ceb:freight>\n                <ceb:discount>5.02</ceb:discount>\n                <ceb:taxTotal>44.58</ceb:taxTotal>\n                <ceb:acturalPaid>193.98</ceb:acturalPaid>\n                <ceb:currency>142</ceb:currency>\n                <ceb:buyerRegNo>296187815649</ceb:buyerRegNo>\n                <ceb:buyerName>刘胡威</ceb:buyerName>\n                <ceb:buyerTelephone>18950828801</ceb:buyerTelephone>\n                <ceb:buyerIdType>1</ceb:buyerIdType>\n                <ceb:buyerIdNumber>350822198901210039</ceb:buyerIdNumber>\n                <ceb:payCode>1108980025</ceb:payCode>\n                <ceb:payName>网银在线（北京）科技有限公司</ceb:payName>\n                <ceb:payTransactionId>0052171701227507771</ceb:payTransactionId>\n                <ceb:batchNumbers></ceb:batchNumbers>\n                <ceb:consignee>刘胡威</ceb:consignee>\n                <ceb:consigneeTelephone>18950828801</ceb:consigneeTelephone>\n                <ceb:consigneeAddress>福建龙岩市新罗区东肖街道龙岩大道与兴业路交汇处东北角融侨悦府16a幢102 手机号后四位8801</ceb:consigneeAddress>\n            </ceb:OrderHead>\n            <ceb:OrderList>\n                <ceb:gnum>1</ceb:gnum>\n                <ceb:itemNo>20231101034</ceb:itemNo>\n                <ceb:itemName>芝华士(Chivas Regal)12年苏格兰调和型威士忌40度洋酒 1000ml</ceb:itemName>\n                <ceb:gmodel>1L/瓶</ceb:gmodel>\n                <ceb:itemDescribe>芝华士(Chivas Regal)12年苏格兰调和型威士忌40度洋酒 1000ml</ceb:itemDescribe>\n                <ceb:barCode>无</ceb:barCode>\n                <ceb:unit>142</ceb:unit>\n                <ceb:qty>1</ceb:qty>\n                <ceb:price>154.42</ceb:price>\n                <ceb:totalPrice>154.42</ceb:totalPrice>\n                <ceb:currency>142</ceb:currency>\n                <ceb:country>303</ceb:country>\n            </ceb:OrderList>\n        </ceb:Order>\n    <ceb:BaseTransfer>\n    <ceb:copCode>4403961X7S</ceb:copCode>\n    <ceb:copName>深圳市中英街商旅服务有限公司</ceb:copName>\n    <ceb:dxpMode>DXP</ceb:dxpMode>\n    <ceb:dxpId>DXPENT0000486448</ceb:dxpId>\n</ceb:BaseTransfer>\n</ceb:CEB311Message>\n",
  "digestValue": "<ds:SignedInfo xmlns:ceb=\"http://www.chinaport.gov.cn/ceb\" xmlns:ds=\"http://www.w3.org/2000/09/xmldsig#\" xmlns:xsi=\"http://www.w3.org/2001/XMLSchema-instance\" ><ds:CanonicalizationMethod Algorithm=\"http://www.w3.org/TR/2001/REC-xml-c14n-20010315\"></ds:CanonicalizationMethod><ds:SignatureMethod Algorithm=\"http://www.w3.org/2000/09/xmldsig#rsa-sha1\"></ds:SignatureMethod><ds:Reference URI=\"\"><ds:Transforms><ds:Transform Algorithm=\"http://www.w3.org/2000/09/xmldsig#enveloped-signature\"></ds:Transform></ds:Transforms><ds:DigestMethod Algorithm=\"http://www.w3.org/2000/09/xmldsig#sha1\"></ds:DigestMethod><ds:DigestValue>FdVFELQVu2T6awmjb+O7z0Ay8Pk=</ds:DigestValue></ds:Reference></ds:SignedInfo>",
  "signInfo": null
}请求摘要数据=============================000
[ZslCustomsAssist.SPSecure.SPSecureAPI-SpcSignData][37][INFO][13] 2024-06-04 16:31:37,767--==<ds:SignedInfo xmlns:ceb="http://www.chinaport.gov.cn/ceb" xmlns:ds="http://www.w3.org/2000/09/xmldsig#" xmlns:xsi="http://www.w3.org/2001/XMLSchema-instance"><ds:CanonicalizationMethod Algorithm="http://www.w3.org/TR/2001/REC-xml-c14n-20010315"></ds:CanonicalizationMethod><ds:SignatureMethod Algorithm="http://www.w3.org/2000/09/xmldsig#rsa-sha1"></ds:SignatureMethod><ds:Reference URI=""><ds:Transforms><ds:Transform Algorithm="http://www.w3.org/2000/09/xmldsig#enveloped-signature"></ds:Transform></ds:Transforms><ds:DigestMethod Algorithm="http://www.w3.org/2000/09/xmldsig#sha1"></ds:DigestMethod><ds:DigestValue>FdVFELQVu2T6awmjb+O7z0Ay8Pk=</ds:DigestValue></ds:Reference></ds:SignedInfo>——————————————————————————！System.Byte[]【System.Byte[]】XML字符串加业务签信息！695】XML字符串加业务签信息！695】XML字符串加业务签信息！True
[ZslCustomsAssist.SPSecure.SPSecureAPI-SpcGetErrMsg][370][INFO][13] 2024-06-04 16:31:37,882--【XML字符串加业务签0】提示信息！
[ZslCustomsAssist.SPSecure.SPSecureAPI-SpcGetErrMsg][374][INFO][13] 2024-06-04 16:31:37,883--E-PortMsg--==：XML字符串加业务签成功！
[ZslCustomsAssist.Jobs.SendAbstractRequestJob-RequestReport][88][ERROR][13] 2024-06-04 16:31:37,883--{
  "id": "296187815649",
  "type": 1,
  "guid": "5910D727-207F-5635-818B-A52CF8B51EA8",
  "orderNo": "296187815649",
  "fileName": "SZCPORTCEB311Message_EDI4403961X7S_E001_296187815649",
  "xmlMessage": "<?xml version=\"1.0\" encoding=\"UTF-8\"?>\n<ceb:CEB311Message xmlns:ceb=\"http://www.chinaport.gov.cn/ceb\" guid=\"5910D727-207F-5635-818B-A52CF8B51EA8\" version=\"1.0\"  xmlns:xsi=\"http://www.w3.org/2001/XMLSchema-instance\">\n        <ceb:Order>\n            <ceb:OrderHead>\n                <ceb:guid>5910D727-207F-5635-818B-A52CF8B51EA8</ceb:guid>\n                <ceb:appType>1</ceb:appType>\n                <ceb:appTime>20240604163135</ceb:appTime>\n                <ceb:appStatus>2</ceb:appStatus>\n                <ceb:orderType>I</ceb:orderType>\n                <ceb:orderNo>296187815649</ceb:orderNo>\n                <ceb:ebpCode>31149679BZ</ceb:ebpCode>\n                <ceb:ebpName>上海京东才奥电子商务有限公司</ceb:ebpName>\n                <ceb:ebcCode>4403961X7S</ceb:ebcCode>\n                <ceb:ebcName>深圳市中英街商旅服务有限公司</ceb:ebcName>\n                <ceb:goodsValue>154.42</ceb:goodsValue>\n                <ceb:freight>0.0</ceb:freight>\n                <ceb:discount>5.02</ceb:discount>\n                <ceb:taxTotal>44.58</ceb:taxTotal>\n                <ceb:acturalPaid>193.98</ceb:acturalPaid>\n                <ceb:currency>142</ceb:currency>\n                <ceb:buyerRegNo>296187815649</ceb:buyerRegNo>\n                <ceb:buyerName>刘胡威</ceb:buyerName>\n                <ceb:buyerTelephone>18950828801</ceb:buyerTelephone>\n                <ceb:buyerIdType>1</ceb:buyerIdType>\n                <ceb:buyerIdNumber>350822198901210039</ceb:buyerIdNumber>\n                <ceb:payCode>1108980025</ceb:payCode>\n                <ceb:payName>网银在线（北京）科技有限公司</ceb:payName>\n                <ceb:payTransactionId>0052171701227507771</ceb:payTransactionId>\n                <ceb:batchNumbers></ceb:batchNumbers>\n                <ceb:consignee>刘胡威</ceb:consignee>\n                <ceb:consigneeTelephone>18950828801</ceb:consigneeTelephone>\n                <ceb:consigneeAddress>福建龙岩市新罗区东肖街道龙岩大道与兴业路交汇处东北角融侨悦府16a幢102 手机号后四位8801</ceb:consigneeAddress>\n            </ceb:OrderHead>\n            <ceb:OrderList>\n                <ceb:gnum>1</ceb:gnum>\n                <ceb:itemNo>20231101034</ceb:itemNo>\n                <ceb:itemName>芝华士(Chivas Regal)12年苏格兰调和型威士忌40度洋酒 1000ml</ceb:itemName>\n                <ceb:gmodel>1L/瓶</ceb:gmodel>\n                <ceb:itemDescribe>芝华士(Chivas Regal)12年苏格兰调和型威士忌40度洋酒 1000ml</ceb:itemDescribe>\n                <ceb:barCode>无</ceb:barCode>\n                <ceb:unit>142</ceb:unit>\n                <ceb:qty>1</ceb:qty>\n                <ceb:price>154.42</ceb:price>\n                <ceb:totalPrice>154.42</ceb:totalPrice>\n                <ceb:currency>142</ceb:currency>\n                <ceb:country>303</ceb:country>\n            </ceb:OrderList>\n        </ceb:Order>\n    <ceb:BaseTransfer>\n    <ceb:copCode>4403961X7S</ceb:copCode>\n    <ceb:copName>深圳市中英街商旅服务有限公司</ceb:copName>\n    <ceb:dxpMode>DXP</ceb:dxpMode>\n    <ceb:dxpId>DXPENT0000486448</ceb:dxpId>\n</ceb:BaseTransfer>\n</ceb:CEB311Message>\n",
  "digestValue": "PGRzOlNpZ25lZEluZm8geG1sbnM6Y2ViPSJodHRwOi8vd3d3LmNoaW5hcG9ydC5nb3YuY24vY2ViIiB4bWxuczpkcz0iaHR0cDovL3d3dy53My5vcmcvMjAwMC8wOS94bWxkc2lnIyIgeG1sbnM6eHNpPSJodHRwOi8vd3d3LnczLm9yZy8yMDAxL1hNTFNjaGVtYS1pbnN0YW5jZSIgPjxkczpDYW5vbmljYWxpemF0aW9uTWV0aG9kIEFsZ29yaXRobT0iaHR0cDovL3d3dy53My5vcmcvVFIvMjAwMS9SRUMteG1sLWMxNG4tMjAwMTAzMTUiPjwvZHM6Q2Fub25pY2FsaXphdGlvbk1ldGhvZD48ZHM6U2lnbmF0dXJlTWV0aG9kIEFsZ29yaXRobT0iaHR0cDovL3d3dy53My5vcmcvMjAwMC8wOS94bWxkc2lnI3JzYS1zaGExIj48L2RzOlNpZ25hdHVyZU1ldGhvZD48ZHM6UmVmZXJlbmNlIFVSST0iIj48ZHM6VHJhbnNmb3Jtcz48ZHM6VHJhbnNmb3JtIEFsZ29yaXRobT0iaHR0cDovL3d3dy53My5vcmcvMjAwMC8wOS94bWxkc2lnI2VudmVsb3BlZC1zaWduYXR1cmUiPjwvZHM6VHJhbnNmb3JtPjwvZHM6VHJhbnNmb3Jtcz48ZHM6RGlnZXN0TWV0aG9kIEFsZ29yaXRobT0iaHR0cDovL3d3dy53My5vcmcvMjAwMC8wOS94bWxkc2lnI3NoYTEiPjwvZHM6RGlnZXN0TWV0aG9kPjxkczpEaWdlc3RWYWx1ZT5GZFZGRUxRVnUyVDZhd21qYitPN3owQXk4UGs9PC9kczpEaWdlc3RWYWx1ZT48L2RzOlJlZmVyZW5jZT48L2RzOlNpZ25lZEluZm8+",
  "signInfo": "MQxHDk9FpK9uUtOEXkmFvmk7A1TpbnyfIxMzYVK/EJxSLD8tBvmt6LcQLG03HtNWrN1iaiwmgp+FU2Jsf7MNpw=="
}请求摘要数据=============================111
[ZslCustomsAssist.Service.ApiService-SendDataCallbackAbstract][263][INFO][13] 2024-06-04 16:31:37,883--【{"id":"296187815649","type":1,"guid":"5910D727-207F-5635-818B-A52CF8B51EA8","orderNo":"296187815649","fileName":"SZCPORTCEB311Message_EDI4403961X7S_E001_296187815649","xmlMessage":"<?xml version=\"1.0\" encoding=\"UTF-8\"?>\n<ceb:CEB311Message xmlns:ceb=\"http://www.chinaport.gov.cn/ceb\" guid=\"5910D727-207F-5635-818B-A52CF8B51EA8\" version=\"1.0\"  xmlns:xsi=\"http://www.w3.org/2001/XMLSchema-instance\">\n        <ceb:Order>\n            <ceb:OrderHead>\n                <ceb:guid>5910D727-207F-5635-818B-A52CF8B51EA8</ceb:guid>\n                <ceb:appType>1</ceb:appType>\n                <ceb:appTime>20240604163135</ceb:appTime>\n                <ceb:appStatus>2</ceb:appStatus>\n                <ceb:orderType>I</ceb:orderType>\n                <ceb:orderNo>296187815649</ceb:orderNo>\n                <ceb:ebpCode>31149679BZ</ceb:ebpCode>\n                <ceb:ebpName>上海京东才奥电子商务有限公司</ceb:ebpName>\n                <ceb:ebcCode>4403961X7S</ceb:ebcCode>\n                <ceb:ebcName>深圳市中英街商旅服务有限公司</ceb:ebcName>\n                <ceb:goodsValue>154.42</ceb:goodsValue>\n                <ceb:freight>0.0</ceb:freight>\n                <ceb:discount>5.02</ceb:discount>\n                <ceb:taxTotal>44.58</ceb:taxTotal>\n                <ceb:acturalPaid>193.98</ceb:acturalPaid>\n                <ceb:currency>142</ceb:currency>\n                <ceb:buyerRegNo>296187815649</ceb:buyerRegNo>\n                <ceb:buyerName>刘胡威</ceb:buyerName>\n                <ceb:buyerTelephone>18950828801</ceb:buyerTelephone>\n                <ceb:buyerIdType>1</ceb:buyerIdType>\n                <ceb:buyerIdNumber>350822198901210039</ceb:buyerIdNumber>\n                <ceb:payCode>1108980025</ceb:payCode>\n                <ceb:payName>网银在线（北京）科技有限公司</ceb:payName>\n                <ceb:payTransactionId>0052171701227507771</ceb:payTransactionId>\n                <ceb:batchNumbers></ceb:batchNumbers>\n                <ceb:consignee>刘胡威</ceb:consignee>\n                <ceb:consigneeTelephone>18950828801</ceb:consigneeTelephone>\n                <ceb:consigneeAddress>福建龙岩市新罗区东肖街道龙岩大道与兴业路交汇处东北角融侨悦府16a幢102 手机号后四位8801</ceb:consigneeAddress>\n            </ceb:OrderHead>\n            <ceb:OrderList>\n                <ceb:gnum>1</ceb:gnum>\n                <ceb:itemNo>20231101034</ceb:itemNo>\n                <ceb:itemName>芝华士(Chivas Regal)12年苏格兰调和型威士忌40度洋酒 1000ml</ceb:itemName>\n                <ceb:gmodel>1L/瓶</ceb:gmodel>\n                <ceb:itemDescribe>芝华士(Chivas Regal)12年苏格兰调和型威士忌40度洋酒 1000ml</ceb:itemDescribe>\n                <ceb:barCode>无</ceb:barCode>\n                <ceb:unit>142</ceb:unit>\n                <ceb:qty>1</ceb:qty>\n                <ceb:price>154.42</ceb:price>\n                <ceb:totalPrice>154.42</ceb:totalPrice>\n                <ceb:currency>142</ceb:currency>\n                <ceb:country>303</ceb:country>\n            </ceb:OrderList>\n        </ceb:Order>\n    <ceb:BaseTransfer>\n    <ceb:copCode>4403961X7S</ceb:copCode>\n    <ceb:copName>深圳市中英街商旅服务有限公司</ceb:copName>\n    <ceb:dxpMode>DXP</ceb:dxpMode>\n    <ceb:dxpId>DXPENT0000486448</ceb:dxpId>\n</ceb:BaseTransfer>\n</ceb:CEB311Message>\n","digestValue":"PGRzOlNpZ25lZEluZm8geG1sbnM6Y2ViPSJodHRwOi8vd3d3LmNoaW5hcG9ydC5nb3YuY24vY2ViIiB4bWxuczpkcz0iaHR0cDovL3d3dy53My5vcmcvMjAwMC8wOS94bWxkc2lnIyIgeG1sbnM6eHNpPSJodHRwOi8vd3d3LnczLm9yZy8yMDAxL1hNTFNjaGVtYS1pbnN0YW5jZSIgPjxkczpDYW5vbmljYWxpemF0aW9uTWV0aG9kIEFsZ29yaXRobT0iaHR0cDovL3d3dy53My5vcmcvVFIvMjAwMS9SRUMteG1sLWMxNG4tMjAwMTAzMTUiPjwvZHM6Q2Fub25pY2FsaXphdGlvbk1ldGhvZD48ZHM6U2lnbmF0dXJlTWV0aG9kIEFsZ29yaXRobT0iaHR0cDovL3d3dy53My5vcmcvMjAwMC8wOS94bWxkc2lnI3JzYS1zaGExIj48L2RzOlNpZ25hdHVyZU1ldGhvZD48ZHM6UmVmZXJlbmNlIFVSST0iIj48ZHM6VHJhbnNmb3Jtcz48ZHM6VHJhbnNmb3JtIEFsZ29yaXRobT0iaHR0cDovL3d3dy53My5vcmcvMjAwMC8wOS94bWxkc2lnI2VudmVsb3BlZC1zaWduYXR1cmUiPjwvZHM6VHJhbnNmb3JtPjwvZHM6VHJhbnNmb3Jtcz48ZHM6RGlnZXN0TWV0aG9kIEFsZ29yaXRobT0iaHR0cDovL3d3dy53My5vcmcvMjAwMC8wOS94bWxkc2lnI3NoYTEiPjwvZHM6RGlnZXN0TWV0aG9kPjxkczpEaWdlc3RWYWx1ZT5GZFZGRUxRVnUyVDZhd21qYitPN3owQXk4UGs9PC9kczpEaWdlc3RWYWx1ZT48L2RzOlJlZmVyZW5jZT48L2RzOlNpZ25lZEluZm8+","signInfo":"MQxHDk9FpK9uUtOEXkmFvmk7A1TpbnyfIxMzYVK/EJxSLD8tBvmt6LcQLG03HtNWrN1iaiwmgp+FU2Jsf7MNpw=="}】postStr数据！
[ZslCustomsAssist.Service.ApiService-SendDataCallbackAbstract][267][INFO][13] 2024-06-04 16:31:38,611--调用中商旅辅助系统回执接口完成
[ZslCustomsAssist.SPSecure.SPSecureAPI-SpcGetErrMsg][370][INFO][20] 2024-06-04 16:32:18,682--【打开设备0】提示信息！
[ZslCustomsAssist.SPSecure.SPSecureAPI-SpcGetErrMsg][374][INFO][20] 2024-06-04 16:32:18,682--E-PortMsg--==：打开设备成功！
[ZslCustomsAssist.SPSecure.SPSecureAPI-SpcGetErrMsg][370][INFO][20] 2024-06-04 16:32:18,682--【获取卡号0】提示信息！
[ZslCustomsAssist.SPSecure.SPSecureAPI-SpcGetErrMsg][374][INFO][20] 2024-06-04 16:32:18,683--E-PortMsg--==：获取卡号成功！
[ZslCustomsAssist.Jobs.CheckCardStateJob-CheckCardState][79][INFO][20] 2024-06-04 16:32:18,683--插卡状态正常！2100060064918---2100060064918True
[ZslCustomsAssist.SPSecure.SPSecureAPI-SpcGetErrMsg][370][INFO][20] 2024-06-04 16:33:18,762--【打开设备0】提示信息！
[ZslCustomsAssist.SPSecure.SPSecureAPI-SpcGetErrMsg][374][INFO][20] 2024-06-04 16:33:18,762--E-PortMsg--==：打开设备成功！
[ZslCustomsAssist.SPSecure.SPSecureAPI-SpcGetErrMsg][370][INFO][20] 2024-06-04 16:33:18,762--【获取卡号0】提示信息！
[ZslCustomsAssist.SPSecure.SPSecureAPI-SpcGetErrMsg][374][INFO][20] 2024-06-04 16:33:18,762--E-PortMsg--==：获取卡号成功！
[ZslCustomsAssist.Jobs.CheckCardStateJob-CheckCardState][79][INFO][20] 2024-06-04 16:33:18,762--插卡状态正常！2100060064918---2100060064918True
[ZslCustomsAssist.SPSecure.SPSecureAPI-SpcGetErrMsg][370][INFO][20] 2024-06-04 16:34:18,833--【打开设备0】提示信息！
[ZslCustomsAssist.SPSecure.SPSecureAPI-SpcGetErrMsg][374][INFO][20] 2024-06-04 16:34:18,833--E-PortMsg--==：打开设备成功！
[ZslCustomsAssist.SPSecure.SPSecureAPI-SpcGetErrMsg][370][INFO][20] 2024-06-04 16:34:18,833--【获取卡号0】提示信息！
[ZslCustomsAssist.SPSecure.SPSecureAPI-SpcGetErrMsg][374][INFO][20] 2024-06-04 16:34:18,833--E-PortMsg--==：获取卡号成功！
[ZslCustomsAssist.Jobs.CheckCardStateJob-CheckCardState][79][INFO][20] 2024-06-04 16:34:18,833--插卡状态正常！2100060064918---2100060064918True
[ZslCustomsAssist.SPSecure.SPSecureAPI-SpcGetErrMsg][370][INFO][20] 2024-06-04 16:35:18,917--【打开设备0】提示信息！
[ZslCustomsAssist.SPSecure.SPSecureAPI-SpcGetErrMsg][374][INFO][20] 2024-06-04 16:35:18,917--E-PortMsg--==：打开设备成功！
[ZslCustomsAssist.SPSecure.SPSecureAPI-SpcGetErrMsg][370][INFO][20] 2024-06-04 16:35:18,917--【获取卡号0】提示信息！
[ZslCustomsAssist.SPSecure.SPSecureAPI-SpcGetErrMsg][374][INFO][20] 2024-06-04 16:35:18,917--E-PortMsg--==：获取卡号成功！
[ZslCustomsAssist.Jobs.CheckCardStateJob-CheckCardState][79][INFO][20] 2024-06-04 16:35:18,917--插卡状态正常！2100060064918---2100060064918True
[ZslCustomsAssist.SPSecure.SPSecureAPI-SpcGetErrMsg][370][INFO][20] 2024-06-04 16:36:18,996--【打开设备0】提示信息！
[ZslCustomsAssist.SPSecure.SPSecureAPI-SpcGetErrMsg][374][INFO][20] 2024-06-04 16:36:18,996--E-PortMsg--==：打开设备成功！
[ZslCustomsAssist.SPSecure.SPSecureAPI-SpcGetErrMsg][370][INFO][20] 2024-06-04 16:36:18,996--【获取卡号0】提示信息！
[ZslCustomsAssist.SPSecure.SPSecureAPI-SpcGetErrMsg][374][INFO][20] 2024-06-04 16:36:18,996--E-PortMsg--==：获取卡号成功！
[ZslCustomsAssist.Jobs.CheckCardStateJob-CheckCardState][79][INFO][20] 2024-06-04 16:36:18,996--插卡状态正常！2100060064918---2100060064918True
[ZslCustomsAssist.SPSecure.SPSecureAPI-SpcGetErrMsg][370][INFO][20] 2024-06-04 16:37:19,073--【打开设备0】提示信息！
[ZslCustomsAssist.SPSecure.SPSecureAPI-SpcGetErrMsg][374][INFO][20] 2024-06-04 16:37:19,073--E-PortMsg--==：打开设备成功！
[ZslCustomsAssist.SPSecure.SPSecureAPI-SpcGetErrMsg][370][INFO][20] 2024-06-04 16:37:19,073--【获取卡号0】提示信息！
[ZslCustomsAssist.SPSecure.SPSecureAPI-SpcGetErrMsg][374][INFO][20] 2024-06-04 16:37:19,073--E-PortMsg--==：获取卡号成功！
[ZslCustomsAssist.Jobs.CheckCardStateJob-CheckCardState][79][INFO][20] 2024-06-04 16:37:19,073--插卡状态正常！2100060064918---2100060064918True
[ZslCustomsAssist.SPSecure.SPSecureAPI-SpcGetErrMsg][370][INFO][20] 2024-06-04 16:38:19,154--【打开设备0】提示信息！
[ZslCustomsAssist.SPSecure.SPSecureAPI-SpcGetErrMsg][374][INFO][20] 2024-06-04 16:38:19,154--E-PortMsg--==：打开设备成功！
[ZslCustomsAssist.SPSecure.SPSecureAPI-SpcGetErrMsg][370][INFO][20] 2024-06-04 16:38:19,154--【获取卡号0】提示信息！
[ZslCustomsAssist.SPSecure.SPSecureAPI-SpcGetErrMsg][374][INFO][20] 2024-06-04 16:38:19,154--E-PortMsg--==：获取卡号成功！
[ZslCustomsAssist.Jobs.CheckCardStateJob-CheckCardState][79][INFO][20] 2024-06-04 16:38:19,154--插卡状态正常！2100060064918---2100060064918True
[ZslCustomsAssist.SPSecure.SPSecureAPI-SpcGetErrMsg][370][INFO][20] 2024-06-04 16:39:19,233--【打开设备0】提示信息！
[ZslCustomsAssist.SPSecure.SPSecureAPI-SpcGetErrMsg][374][INFO][20] 2024-06-04 16:39:19,233--E-PortMsg--==：打开设备成功！
[ZslCustomsAssist.SPSecure.SPSecureAPI-SpcGetErrMsg][370][INFO][20] 2024-06-04 16:39:19,233--【获取卡号0】提示信息！
[ZslCustomsAssist.SPSecure.SPSecureAPI-SpcGetErrMsg][374][INFO][20] 2024-06-04 16:39:19,233--E-PortMsg--==：获取卡号成功！
[ZslCustomsAssist.Jobs.CheckCardStateJob-CheckCardState][79][INFO][20] 2024-06-04 16:39:19,233--插卡状态正常！2100060064918---2100060064918True
[ZslCustomsAssist.SPSecure.SPSecureAPI-SpcGetErrMsg][370][INFO][20] 2024-06-04 16:40:19,309--【打开设备0】提示信息！
[ZslCustomsAssist.SPSecure.SPSecureAPI-SpcGetErrMsg][374][INFO][20] 2024-06-04 16:40:19,309--E-PortMsg--==：打开设备成功！
[ZslCustomsAssist.SPSecure.SPSecureAPI-SpcGetErrMsg][370][INFO][20] 2024-06-04 16:40:19,309--【获取卡号0】提示信息！
[ZslCustomsAssist.SPSecure.SPSecureAPI-SpcGetErrMsg][374][INFO][20] 2024-06-04 16:40:19,309--E-PortMsg--==：获取卡号成功！
[ZslCustomsAssist.Jobs.CheckCardStateJob-CheckCardState][79][INFO][20] 2024-06-04 16:40:19,309--插卡状态正常！2100060064918---2100060064918True
[ZslCustomsAssist.SPSecure.SPSecureAPI-SpcGetErrMsg][370][INFO][20] 2024-06-04 16:41:19,389--【打开设备0】提示信息！
[ZslCustomsAssist.SPSecure.SPSecureAPI-SpcGetErrMsg][374][INFO][20] 2024-06-04 16:41:19,389--E-PortMsg--==：打开设备成功！
[ZslCustomsAssist.SPSecure.SPSecureAPI-SpcGetErrMsg][370][INFO][20] 2024-06-04 16:41:19,389--【获取卡号0】提示信息！
[ZslCustomsAssist.SPSecure.SPSecureAPI-SpcGetErrMsg][374][INFO][20] 2024-06-04 16:41:19,389--E-PortMsg--==：获取卡号成功！
[ZslCustomsAssist.Jobs.CheckCardStateJob-CheckCardState][79][INFO][20] 2024-06-04 16:41:19,389--插卡状态正常！2100060064918---2100060064918True
[ZslCustomsAssist.SPSecure.SPSecureAPI-SpcGetErrMsg][370][INFO][20] 2024-06-04 16:42:19,465--【打开设备0】提示信息！
[ZslCustomsAssist.SPSecure.SPSecureAPI-SpcGetErrMsg][374][INFO][20] 2024-06-04 16:42:19,465--E-PortMsg--==：打开设备成功！
[ZslCustomsAssist.SPSecure.SPSecureAPI-SpcGetErrMsg][370][INFO][20] 2024-06-04 16:42:19,465--【获取卡号0】提示信息！
[ZslCustomsAssist.SPSecure.SPSecureAPI-SpcGetErrMsg][374][INFO][20] 2024-06-04 16:42:19,465--E-PortMsg--==：获取卡号成功！
[ZslCustomsAssist.Jobs.CheckCardStateJob-CheckCardState][79][INFO][20] 2024-06-04 16:42:19,465--插卡状态正常！2100060064918---2100060064918True
[ZslCustomsAssist.SPSecure.SPSecureAPI-SpcGetErrMsg][370][INFO][20] 2024-06-04 16:43:19,548--【打开设备0】提示信息！
[ZslCustomsAssist.SPSecure.SPSecureAPI-SpcGetErrMsg][374][INFO][20] 2024-06-04 16:43:19,549--E-PortMsg--==：打开设备成功！
[ZslCustomsAssist.SPSecure.SPSecureAPI-SpcGetErrMsg][370][INFO][20] 2024-06-04 16:43:19,549--【获取卡号0】提示信息！
[ZslCustomsAssist.SPSecure.SPSecureAPI-SpcGetErrMsg][374][INFO][20] 2024-06-04 16:43:19,549--E-PortMsg--==：获取卡号成功！
[ZslCustomsAssist.Jobs.CheckCardStateJob-CheckCardState][79][INFO][20] 2024-06-04 16:43:19,549--插卡状态正常！2100060064918---2100060064918True
[ZslCustomsAssist.SPSecure.SPSecureAPI-SpcGetErrMsg][370][INFO][20] 2024-06-04 16:44:19,629--【打开设备0】提示信息！
[ZslCustomsAssist.SPSecure.SPSecureAPI-SpcGetErrMsg][374][INFO][20] 2024-06-04 16:44:19,629--E-PortMsg--==：打开设备成功！
[ZslCustomsAssist.SPSecure.SPSecureAPI-SpcGetErrMsg][370][INFO][20] 2024-06-04 16:44:19,629--【获取卡号0】提示信息！
[ZslCustomsAssist.SPSecure.SPSecureAPI-SpcGetErrMsg][374][INFO][20] 2024-06-04 16:44:19,629--E-PortMsg--==：获取卡号成功！
[ZslCustomsAssist.Jobs.CheckCardStateJob-CheckCardState][79][INFO][20] 2024-06-04 16:44:19,629--插卡状态正常！2100060064918---2100060064918True
[ZslCustomsAssist.SPSecure.SPSecureAPI-SpcGetErrMsg][370][INFO][20] 2024-06-04 16:45:19,713--【打开设备0】提示信息！
[ZslCustomsAssist.SPSecure.SPSecureAPI-SpcGetErrMsg][374][INFO][20] 2024-06-04 16:45:19,715--E-PortMsg--==：打开设备成功！
[ZslCustomsAssist.SPSecure.SPSecureAPI-SpcGetErrMsg][370][INFO][20] 2024-06-04 16:45:19,716--【获取卡号0】提示信息！
[ZslCustomsAssist.SPSecure.SPSecureAPI-SpcGetErrMsg][374][INFO][20] 2024-06-04 16:45:19,716--E-PortMsg--==：获取卡号成功！
[ZslCustomsAssist.Jobs.CheckCardStateJob-CheckCardState][79][INFO][20] 2024-06-04 16:45:19,716--插卡状态正常！2100060064918---2100060064918True
[ZslCustomsAssist.SPSecure.SPSecureAPI-SpcGetErrMsg][370][INFO][20] 2024-06-04 16:46:19,801--【打开设备0】提示信息！
[ZslCustomsAssist.SPSecure.SPSecureAPI-SpcGetErrMsg][374][INFO][20] 2024-06-04 16:46:19,802--E-PortMsg--==：打开设备成功！
[ZslCustomsAssist.SPSecure.SPSecureAPI-SpcGetErrMsg][370][INFO][20] 2024-06-04 16:46:19,802--【获取卡号0】提示信息！
[ZslCustomsAssist.SPSecure.SPSecureAPI-SpcGetErrMsg][374][INFO][20] 2024-06-04 16:46:19,802--E-PortMsg--==：获取卡号成功！
[ZslCustomsAssist.Jobs.CheckCardStateJob-CheckCardState][79][INFO][20] 2024-06-04 16:46:19,802--插卡状态正常！2100060064918---2100060064918True
[ZslCustomsAssist.SPSecure.SPSecureAPI-SpcGetErrMsg][370][INFO][20] 2024-06-04 16:47:19,877--【打开设备0】提示信息！
[ZslCustomsAssist.SPSecure.SPSecureAPI-SpcGetErrMsg][374][INFO][20] 2024-06-04 16:47:19,877--E-PortMsg--==：打开设备成功！
[ZslCustomsAssist.SPSecure.SPSecureAPI-SpcGetErrMsg][370][INFO][20] 2024-06-04 16:47:19,877--【获取卡号0】提示信息！
[ZslCustomsAssist.SPSecure.SPSecureAPI-SpcGetErrMsg][374][INFO][20] 2024-06-04 16:47:19,877--E-PortMsg--==：获取卡号成功！
[ZslCustomsAssist.Jobs.CheckCardStateJob-CheckCardState][79][INFO][20] 2024-06-04 16:47:19,877--插卡状态正常！2100060064918---2100060064918True
[ZslCustomsAssist.SPSecure.SPSecureAPI-SpcGetErrMsg][370][INFO][20] 2024-06-04 16:48:19,950--【打开设备0】提示信息！
[ZslCustomsAssist.SPSecure.SPSecureAPI-SpcGetErrMsg][374][INFO][20] 2024-06-04 16:48:19,950--E-PortMsg--==：打开设备成功！
[ZslCustomsAssist.SPSecure.SPSecureAPI-SpcGetErrMsg][370][INFO][20] 2024-06-04 16:48:19,950--【获取卡号0】提示信息！
[ZslCustomsAssist.SPSecure.SPSecureAPI-SpcGetErrMsg][374][INFO][20] 2024-06-04 16:48:19,951--E-PortMsg--==：获取卡号成功！
[ZslCustomsAssist.Jobs.CheckCardStateJob-CheckCardState][79][INFO][20] 2024-06-04 16:48:19,951--插卡状态正常！2100060064918---2100060064918True
[ZslCustomsAssist.SPSecure.SPSecureAPI-SpcGetErrMsg][370][INFO][20] 2024-06-04 16:49:20,032--【打开设备0】提示信息！
[ZslCustomsAssist.SPSecure.SPSecureAPI-SpcGetErrMsg][374][INFO][20] 2024-06-04 16:49:20,033--E-PortMsg--==：打开设备成功！
[ZslCustomsAssist.SPSecure.SPSecureAPI-SpcGetErrMsg][370][INFO][20] 2024-06-04 16:49:20,033--【获取卡号0】提示信息！
[ZslCustomsAssist.SPSecure.SPSecureAPI-SpcGetErrMsg][374][INFO][20] 2024-06-04 16:49:20,033--E-PortMsg--==：获取卡号成功！
[ZslCustomsAssist.Jobs.CheckCardStateJob-CheckCardState][79][INFO][20] 2024-06-04 16:49:20,033--插卡状态正常！2100060064918---2100060064918True
[ZslCustomsAssist.SPSecure.SPSecureAPI-SpcGetErrMsg][370][INFO][20] 2024-06-04 16:50:20,116--【打开设备0】提示信息！
[ZslCustomsAssist.SPSecure.SPSecureAPI-SpcGetErrMsg][374][INFO][20] 2024-06-04 16:50:20,117--E-PortMsg--==：打开设备成功！
[ZslCustomsAssist.SPSecure.SPSecureAPI-SpcGetErrMsg][370][INFO][20] 2024-06-04 16:50:20,117--【获取卡号0】提示信息！
[ZslCustomsAssist.SPSecure.SPSecureAPI-SpcGetErrMsg][374][INFO][20] 2024-06-04 16:50:20,117--E-PortMsg--==：获取卡号成功！
[ZslCustomsAssist.Jobs.CheckCardStateJob-CheckCardState][79][INFO][20] 2024-06-04 16:50:20,117--插卡状态正常！2100060064918---2100060064918True
[ZslCustomsAssist.SPSecure.SPSecureAPI-SpcGetErrMsg][370][INFO][20] 2024-06-04 16:51:20,188--【打开设备0】提示信息！
[ZslCustomsAssist.SPSecure.SPSecureAPI-SpcGetErrMsg][374][INFO][20] 2024-06-04 16:51:20,189--E-PortMsg--==：打开设备成功！
[ZslCustomsAssist.SPSecure.SPSecureAPI-SpcGetErrMsg][370][INFO][20] 2024-06-04 16:51:20,189--【获取卡号0】提示信息！
[ZslCustomsAssist.SPSecure.SPSecureAPI-SpcGetErrMsg][374][INFO][20] 2024-06-04 16:51:20,189--E-PortMsg--==：获取卡号成功！
[ZslCustomsAssist.Jobs.CheckCardStateJob-CheckCardState][79][INFO][20] 2024-06-04 16:51:20,189--插卡状态正常！2100060064918---2100060064918True
[ZslCustomsAssist.SPSecure.SPSecureAPI-SpcGetErrMsg][370][INFO][20] 2024-06-04 16:52:20,269--【打开设备0】提示信息！
[ZslCustomsAssist.SPSecure.SPSecureAPI-SpcGetErrMsg][374][INFO][20] 2024-06-04 16:52:20,270--E-PortMsg--==：打开设备成功！
[ZslCustomsAssist.SPSecure.SPSecureAPI-SpcGetErrMsg][370][INFO][20] 2024-06-04 16:52:20,270--【获取卡号0】提示信息！
[ZslCustomsAssist.SPSecure.SPSecureAPI-SpcGetErrMsg][374][INFO][20] 2024-06-04 16:52:20,270--E-PortMsg--==：获取卡号成功！
[ZslCustomsAssist.Jobs.CheckCardStateJob-CheckCardState][79][INFO][20] 2024-06-04 16:52:20,270--插卡状态正常！2100060064918---2100060064918True
[ZslCustomsAssist.SPSecure.SPSecureAPI-SpcGetErrMsg][370][INFO][20] 2024-06-04 16:53:20,349--【打开设备0】提示信息！
[ZslCustomsAssist.SPSecure.SPSecureAPI-SpcGetErrMsg][374][INFO][20] 2024-06-04 16:53:20,351--E-PortMsg--==：打开设备成功！
[ZslCustomsAssist.SPSecure.SPSecureAPI-SpcGetErrMsg][370][INFO][20] 2024-06-04 16:53:20,351--【获取卡号0】提示信息！
[ZslCustomsAssist.SPSecure.SPSecureAPI-SpcGetErrMsg][374][INFO][20] 2024-06-04 16:53:20,351--E-PortMsg--==：获取卡号成功！
[ZslCustomsAssist.Jobs.CheckCardStateJob-CheckCardState][79][INFO][20] 2024-06-04 16:53:20,351--插卡状态正常！2100060064918---2100060064918True
[ZslCustomsAssist.SPSecure.SPSecureAPI-SpcGetErrMsg][370][INFO][20] 2024-06-04 16:54:20,428--【打开设备0】提示信息！
[ZslCustomsAssist.SPSecure.SPSecureAPI-SpcGetErrMsg][374][INFO][20] 2024-06-04 16:54:20,428--E-PortMsg--==：打开设备成功！
[ZslCustomsAssist.SPSecure.SPSecureAPI-SpcGetErrMsg][370][INFO][20] 2024-06-04 16:54:20,428--【获取卡号0】提示信息！
[ZslCustomsAssist.SPSecure.SPSecureAPI-SpcGetErrMsg][374][INFO][20] 2024-06-04 16:54:20,429--E-PortMsg--==：获取卡号成功！
[ZslCustomsAssist.Jobs.CheckCardStateJob-CheckCardState][79][INFO][20] 2024-06-04 16:54:20,429--插卡状态正常！2100060064918---2100060064918True
[ZslCustomsAssist.SPSecure.SPSecureAPI-SpcGetErrMsg][370][INFO][20] 2024-06-04 16:55:20,508--【打开设备0】提示信息！
[ZslCustomsAssist.SPSecure.SPSecureAPI-SpcGetErrMsg][374][INFO][20] 2024-06-04 16:55:20,509--E-PortMsg--==：打开设备成功！
[ZslCustomsAssist.SPSecure.SPSecureAPI-SpcGetErrMsg][370][INFO][20] 2024-06-04 16:55:20,509--【获取卡号0】提示信息！
[ZslCustomsAssist.SPSecure.SPSecureAPI-SpcGetErrMsg][374][INFO][20] 2024-06-04 16:55:20,509--E-PortMsg--==：获取卡号成功！
[ZslCustomsAssist.Jobs.CheckCardStateJob-CheckCardState][79][INFO][20] 2024-06-04 16:55:20,509--插卡状态正常！2100060064918---2100060064918True
[ZslCustomsAssist.SPSecure.SPSecureAPI-SpcGetErrMsg][370][INFO][20] 2024-06-04 16:56:20,588--【打开设备0】提示信息！
[ZslCustomsAssist.SPSecure.SPSecureAPI-SpcGetErrMsg][374][INFO][20] 2024-06-04 16:56:20,589--E-PortMsg--==：打开设备成功！
[ZslCustomsAssist.SPSecure.SPSecureAPI-SpcGetErrMsg][370][INFO][20] 2024-06-04 16:56:20,589--【获取卡号0】提示信息！
[ZslCustomsAssist.SPSecure.SPSecureAPI-SpcGetErrMsg][374][INFO][20] 2024-06-04 16:56:20,589--E-PortMsg--==：获取卡号成功！
[ZslCustomsAssist.Jobs.CheckCardStateJob-CheckCardState][79][INFO][20] 2024-06-04 16:56:20,589--插卡状态正常！2100060064918---2100060064918True
[ZslCustomsAssist.Jobs.ReportSendJob-OnDoReportSend][169][INFO][36] 2024-06-04 16:56:50,907--程序退出中/更新中/卡状态异常,不再处理任何报文！线程[36]从线程池中移除
[ZslCustomsAssist.Jobs.ReportSendJob-OnDoReportSend][169][INFO][31] 2024-06-04 16:56:50,907--程序退出中/更新中/卡状态异常,不再处理任何报文！线程[31]从线程池中移除
[ZslCustomsAssist.Jobs.ReportSendJob-OnDoReportSend][169][INFO][32] 2024-06-04 16:56:50,907--程序退出中/更新中/卡状态异常,不再处理任何报文！线程[32]从线程池中移除
[ZslCustomsAssist.Jobs.ReportSendJob-OnDoReportSend][169][INFO][22] 2024-06-04 16:56:50,907--程序退出中/更新中/卡状态异常,不再处理任何报文！线程[22]从线程池中移除
[ZslCustomsAssist.Jobs.ReportSendJob-OnDoReportSend][169][INFO][33] 2024-06-04 16:56:50,907--程序退出中/更新中/卡状态异常,不再处理任何报文！线程[33]从线程池中移除
[ZslCustomsAssist.Jobs.ReportSendJob-OnDoReportSend][169][INFO][34] 2024-06-04 16:56:50,907--程序退出中/更新中/卡状态异常,不再处理任何报文！线程[34]从线程池中移除
[ZslCustomsAssist.Jobs.ReportSendJob-OnDoReportSend][169][INFO][35] 2024-06-04 16:56:50,907--程序退出中/更新中/卡状态异常,不再处理任何报文！线程[35]从线程池中移除
[ZslCustomsAssist.Jobs.ReportSendJob-OnDoReportSend][169][INFO][6] 2024-06-04 16:56:50,907--程序退出中/更新中/卡状态异常,不再处理任何报文！线程[6]从线程池中移除
[ZslCustomsAssist.Jobs.ReportSendJob-OnDoReportSend][169][INFO][38] 2024-06-04 16:56:50,907--程序退出中/更新中/卡状态异常,不再处理任何报文！线程[38]从线程池中移除
[ZslCustomsAssist.Jobs.ReportSendJob-OnDoReportSend][169][INFO][39] 2024-06-04 16:56:50,907--程序退出中/更新中/卡状态异常,不再处理任何报文！线程[39]从线程池中移除
程序关闭!!!!!!
程序开始>>>>>>
[ZslCustomsAssist.Program-LogSystemMsg][58][INFO][1] 2024-06-04 17:51:44,646--当前客户端版本号：1.0.0.0
[ZslCustomsAssist.Program-LogSystemMsg][59][INFO][1] 2024-06-04 17:51:44,676--当前运行环境：Windows 10 Home China(64) 版本号:22000
[ZslCustomsAssist.SPSecure.SPSecureAPI-SpcGetErrMsg][370][INFO][1] 2024-06-04 17:51:46,774--【打开设备0】提示信息！
[ZslCustomsAssist.SPSecure.SPSecureAPI-SpcGetErrMsg][374][INFO][1] 2024-06-04 17:51:46,776--E-PortMsg--==：打开设备成功！
[ZslCustomsAssist.SPSecure.SPSecureAPI-SpcGetErrMsg][370][INFO][1] 2024-06-04 17:51:46,778--【获取卡号0】提示信息！
[ZslCustomsAssist.SPSecure.SPSecureAPI-SpcGetErrMsg][374][INFO][1] 2024-06-04 17:51:46,778--E-PortMsg--==：获取卡号成功！
[ZslCustomsAssist.Jobs.ClearTimeOutFileJob-ClearFile][55][INFO][10] 2024-06-04 17:51:48,708--D:\file\ZslCustomsAssist\ZslCustomsAssist\bin\Debug\net6.0-windows\Log不存在，取消清除！
[ZslCustomsAssist.SPSecure.SPSecureAPI-SpcGetErrMsg][370][INFO][1] 2024-06-04 17:51:49,199--【获取卡内证书算法标识0】提示信息！
[ZslCustomsAssist.SPSecure.SPSecureAPI-SpcGetErrMsg][374][INFO][1] 2024-06-04 17:51:49,199--E-PortMsg--==：获取卡内证书算法标识成功！
[ZslCustomsAssist.SPSecure.SPSecureAPI-SpcGetErrMsg][370][INFO][1] 2024-06-04 17:51:49,200--【获取证书号03000000000bcd8b0】提示信息！
[ZslCustomsAssist.SPSecure.SPSecureAPI-SpcGetErrMsg][374][INFO][1] 2024-06-04 17:51:49,200--E-PortMsg--==：获取证书号03000000000bcd8b成功！
[ZslCustomsAssist.SPSecure.SPSecureAPI-SpcGetErrMsg][370][INFO][1] 2024-06-04 17:51:49,220--【获取申请者名称0】提示信息！
[ZslCustomsAssist.SPSecure.SPSecureAPI-SpcGetErrMsg][374][INFO][1] 2024-06-04 17:51:49,220--E-PortMsg--==：获取申请者名称成功！
[ZslCustomsAssist.SPSecure.SPSecureAPI-SpcGetErrMsg][370][INFO][1] 2024-06-04 17:51:49,220--【获取单位代码0】提示信息！
[ZslCustomsAssist.SPSecure.SPSecureAPI-SpcGetErrMsg][374][INFO][1] 2024-06-04 17:51:49,221--E-PortMsg--==：获取单位代码成功！
[ZslCustomsAssist.SPSecure.SPSecureAPI-SpcGetErrMsg][370][INFO][1] 2024-06-04 17:51:49,221--【获取单位名称0】提示信息！
[ZslCustomsAssist.SPSecure.SPSecureAPI-SpcGetErrMsg][374][INFO][1] 2024-06-04 17:51:49,221--E-PortMsg--==：获取单位名称成功！
[ZslCustomsAssist.SPSecure.SPSecureAPI-SpcGetErrMsg][370][INFO][1] 2024-06-04 17:51:49,222--【获取单位类别0】提示信息！
[ZslCustomsAssist.SPSecure.SPSecureAPI-SpcGetErrMsg][374][INFO][1] 2024-06-04 17:51:49,222--E-PortMsg--==：获取单位类别成功！
[ZslCustomsAssist.SPSecure.SPSecureAPI-SpcGetErrMsg][370][INFO][1] 2024-06-04 17:51:49,222--【获取卡签名证书0】提示信息！
[ZslCustomsAssist.SPSecure.SPSecureAPI-SpcGetErrMsg][374][INFO][1] 2024-06-04 17:51:49,222--E-PortMsg--==：获取卡签名证书成功！
[ZslCustomsAssist.Jobs.SynchronousConfigurationJob-SynchronousConfigurationStart][71][INFO][1] 2024-06-04 17:51:49,403--本次同步配置共耗时：0.168s
[ZslCustomsAssist.FormMain-FormMain_Load][337][INFO][1] 2024-06-04 17:51:49,424--客户端启动中...
[ZslCustomsAssist.FormMain-StartThreads][199][INFO][1] 2024-06-04 17:51:49,433--开启请求报文服务！
[ZslCustomsAssist.FormMain-StartThreads][205][INFO][1] 2024-06-04 17:51:49,438--开启报文发送服务！
[ZslCustomsAssist.FormMain-StartThreads][211][INFO][1] 2024-06-04 17:51:49,441--开启回执接收任务！
[ZslCustomsAssist.Jobs.ReportSendJob-OnDoJob][49][DEBUG][15] 2024-06-04 17:51:50,454--报文发送业务线程，开始!
[ZslCustomsAssist.Jobs.ReportSendJob-CtrlReportSendThreads][60][INFO][15] 2024-06-04 17:51:50,455--开始处理报文发送业务，预计开启线程数：10
[ZslCustomsAssist.Jobs.ReportSendJob-OnDoReportSend][83][ERROR][32] 2024-06-04 17:51:51,471--执行了OnDoReportSend！
[ZslCustomsAssist.Jobs.ReportSendJob-OnDoReportSend][83][ERROR][33] 2024-06-04 17:51:52,475--执行了OnDoReportSend！
[ZslCustomsAssist.Jobs.ReportSendJob-OnDoReportSend][83][ERROR][26] 2024-06-04 17:51:53,479--执行了OnDoReportSend！
[ZslCustomsAssist.Jobs.ReportSendJob-OnDoReportSend][83][ERROR][22] 2024-06-04 17:51:54,480--执行了OnDoReportSend！
[ZslCustomsAssist.Jobs.ReportSendJob-OnDoReportSend][83][ERROR][34] 2024-06-04 17:51:55,486--执行了OnDoReportSend！
[ZslCustomsAssist.Jobs.ReportSendJob-OnDoReportSend][83][ERROR][35] 2024-06-04 17:51:56,492--执行了OnDoReportSend！
[ZslCustomsAssist.Jobs.ReportSendJob-OnDoReportSend][83][ERROR][36] 2024-06-04 17:51:57,501--执行了OnDoReportSend！
[ZslCustomsAssist.Jobs.ReportSendJob-OnDoReportSend][83][ERROR][37] 2024-06-04 17:51:58,512--执行了OnDoReportSend！
[ZslCustomsAssist.Jobs.ReportSendJob-OnDoReportSend][83][ERROR][38] 2024-06-04 17:51:59,521--执行了OnDoReportSend！
[ZslCustomsAssist.Jobs.ReportSendJob-OnDoReportSend][83][ERROR][39] 2024-06-04 17:52:00,533--执行了OnDoReportSend！
程序开始>>>>>>
[ZslCustomsAssist.Program-LogSystemMsg][58][INFO][1] 2024-06-04 17:52:31,984--当前客户端版本号：1.0.0.0
[ZslCustomsAssist.Program-LogSystemMsg][59][INFO][1] 2024-06-04 17:52:32,003--当前运行环境：Windows 10 Home China(64) 版本号:22000
[ZslCustomsAssist.SPSecure.SPSecureAPI-SpcGetErrMsg][370][INFO][1] 2024-06-04 17:52:34,179--【打开设备0】提示信息！
[ZslCustomsAssist.SPSecure.SPSecureAPI-SpcGetErrMsg][374][INFO][1] 2024-06-04 17:52:34,181--E-PortMsg--==：打开设备成功！
[ZslCustomsAssist.SPSecure.SPSecureAPI-SpcGetErrMsg][370][INFO][1] 2024-06-04 17:52:34,193--【获取卡号0】提示信息！
[ZslCustomsAssist.SPSecure.SPSecureAPI-SpcGetErrMsg][374][INFO][1] 2024-06-04 17:52:34,194--E-PortMsg--==：获取卡号成功！
[ZslCustomsAssist.Jobs.ClearTimeOutFileJob-ClearFile][55][INFO][11] 2024-06-04 17:52:41,098--D:\file\ZslCustomsAssist\ZslCustomsAssist\bin\Debug\net6.0-windows\Log不存在，取消清除！
[ZslCustomsAssist.SPSecure.SPSecureAPI-SpcGetErrMsg][370][INFO][1] 2024-06-04 17:52:41,624--【获取卡内证书算法标识0】提示信息！
[ZslCustomsAssist.SPSecure.SPSecureAPI-SpcGetErrMsg][374][INFO][1] 2024-06-04 17:52:41,625--E-PortMsg--==：获取卡内证书算法标识成功！
[ZslCustomsAssist.SPSecure.SPSecureAPI-SpcGetErrMsg][370][INFO][1] 2024-06-04 17:52:41,625--【获取证书号03000000000bcd8b0】提示信息！
[ZslCustomsAssist.SPSecure.SPSecureAPI-SpcGetErrMsg][374][INFO][1] 2024-06-04 17:52:41,626--E-PortMsg--==：获取证书号03000000000bcd8b成功！
[ZslCustomsAssist.SPSecure.SPSecureAPI-SpcGetErrMsg][370][INFO][1] 2024-06-04 17:52:41,643--【获取申请者名称0】提示信息！
[ZslCustomsAssist.SPSecure.SPSecureAPI-SpcGetErrMsg][374][INFO][1] 2024-06-04 17:52:41,644--E-PortMsg--==：获取申请者名称成功！
[ZslCustomsAssist.SPSecure.SPSecureAPI-SpcGetErrMsg][370][INFO][1] 2024-06-04 17:52:41,644--【获取单位代码0】提示信息！
[ZslCustomsAssist.SPSecure.SPSecureAPI-SpcGetErrMsg][374][INFO][1] 2024-06-04 17:52:41,644--E-PortMsg--==：获取单位代码成功！
[ZslCustomsAssist.SPSecure.SPSecureAPI-SpcGetErrMsg][370][INFO][1] 2024-06-04 17:52:41,645--【获取单位名称0】提示信息！
[ZslCustomsAssist.SPSecure.SPSecureAPI-SpcGetErrMsg][374][INFO][1] 2024-06-04 17:52:41,645--E-PortMsg--==：获取单位名称成功！
[ZslCustomsAssist.SPSecure.SPSecureAPI-SpcGetErrMsg][370][INFO][1] 2024-06-04 17:52:41,645--【获取单位类别0】提示信息！
[ZslCustomsAssist.SPSecure.SPSecureAPI-SpcGetErrMsg][374][INFO][1] 2024-06-04 17:52:41,645--E-PortMsg--==：获取单位类别成功！
[ZslCustomsAssist.SPSecure.SPSecureAPI-SpcGetErrMsg][370][INFO][1] 2024-06-04 17:52:41,646--【获取卡签名证书0】提示信息！
[ZslCustomsAssist.SPSecure.SPSecureAPI-SpcGetErrMsg][374][INFO][1] 2024-06-04 17:52:41,646--E-PortMsg--==：获取卡签名证书成功！
[ZslCustomsAssist.Jobs.SynchronousConfigurationJob-SynchronousConfigurationStart][71][INFO][1] 2024-06-04 17:52:42,666--本次同步配置共耗时：1.008s
[ZslCustomsAssist.FormMain-FormMain_Load][337][INFO][1] 2024-06-04 17:52:42,684--客户端启动中...
[ZslCustomsAssist.FormMain-StartThreads][199][INFO][1] 2024-06-04 17:52:42,692--开启请求报文服务！
[ZslCustomsAssist.FormMain-StartThreads][205][INFO][1] 2024-06-04 17:52:42,697--开启报文发送服务！
[ZslCustomsAssist.FormMain-StartThreads][211][INFO][1] 2024-06-04 17:52:42,700--开启回执接收任务！
[ZslCustomsAssist.Jobs.ReportSendJob-OnDoJob][49][DEBUG][16] 2024-06-04 17:52:43,714--报文发送业务线程，开始!
[ZslCustomsAssist.Jobs.ReportSendJob-CtrlReportSendThreads][60][INFO][16] 2024-06-04 17:52:43,715--开始处理报文发送业务，预计开启线程数：10
[ZslCustomsAssist.Jobs.ReportSendJob-OnDoReportSend][83][ERROR][32] 2024-06-04 17:52:44,722--执行了OnDoReportSend！
[ZslCustomsAssist.Jobs.ReportSendJob-OnDoReportSend][83][ERROR][33] 2024-06-04 17:52:45,729--执行了OnDoReportSend！
[ZslCustomsAssist.Jobs.ReportSendJob-OnDoReportSend][83][ERROR][23] 2024-06-04 17:52:46,735--执行了OnDoReportSend！
[ZslCustomsAssist.Jobs.ReportSendJob-OnDoReportSend][83][ERROR][34] 2024-06-04 17:52:47,740--执行了OnDoReportSend！
[ZslCustomsAssist.Jobs.ReportSendJob-OnDoReportSend][83][ERROR][7] 2024-06-04 17:52:48,741--执行了OnDoReportSend！
[ZslCustomsAssist.Jobs.ReportSendJob-OnDoReportSend][83][ERROR][36] 2024-06-04 17:52:49,750--执行了OnDoReportSend！
[ZslCustomsAssist.Jobs.SendAbstractRequestJob-RequestReport][71][ERROR][14] 2024-06-04 17:52:50,260--请求摘要数据=============================
[ZslCustomsAssist.Jobs.SendAbstractRequestJob-RequestReport][78][ERROR][14] 2024-06-04 17:52:50,262--{
  "id": "293411200407",
  "type": 1,
  "guid": "170E196C-A2C6-A836-E756-4DA541088FA5",
  "orderNo": "293411200407",
  "fileName": "SZCPORTCEB311Message_EDI4403961X7S_E001_293411200407",
  "xmlMessage": "<?xml version=\"1.0\" encoding=\"UTF-8\"?>\n<ceb:CEB311Message xmlns:ceb=\"http://www.chinaport.gov.cn/ceb\" guid=\"170E196C-A2C6-A836-E756-4DA541088FA5\" version=\"1.0\"  xmlns:xsi=\"http://www.w3.org/2001/XMLSchema-instance\">\n        <ceb:Order>\n            <ceb:OrderHead>\n                <ceb:guid>170E196C-A2C6-A836-E756-4DA541088FA5</ceb:guid>\n                <ceb:appType>1</ceb:appType>\n                <ceb:appTime>20240604175248</ceb:appTime>\n                <ceb:appStatus>2</ceb:appStatus>\n                <ceb:orderType>I</ceb:orderType>\n                <ceb:orderNo>293411200407</ceb:orderNo>\n                <ceb:ebpCode>31149679BZ</ceb:ebpCode>\n                <ceb:ebpName>上海京东才奥电子商务有限公司</ceb:ebpName>\n                <ceb:ebcCode>4403961X7S</ceb:ebcCode>\n                <ceb:ebcName>深圳市中英街商旅服务有限公司</ceb:ebcName>\n                <ceb:goodsValue>154.42</ceb:goodsValue>\n                <ceb:freight>0.0</ceb:freight>\n                <ceb:discount>0.00</ceb:discount>\n                <ceb:taxTotal>44.58</ceb:taxTotal>\n                <ceb:acturalPaid>199.00</ceb:acturalPaid>\n                <ceb:currency>142</ceb:currency>\n                <ceb:buyerRegNo>293411200407</ceb:buyerRegNo>\n                <ceb:buyerName>黄志聪</ceb:buyerName>\n                <ceb:buyerTelephone>13599166502</ceb:buyerTelephone>\n                <ceb:buyerIdType>1</ceb:buyerIdType>\n                <ceb:buyerIdNumber>350583197701178339</ceb:buyerIdNumber>\n                <ceb:payCode>4403169D3W</ceb:payCode>\n                <ceb:payName>财付通支付科技有限公司</ceb:payName>\n                <ceb:payTransactionId>420000217120240529098125771500</ceb:payTransactionId>\n                <ceb:batchNumbers></ceb:batchNumbers>\n                <ceb:consignee>黄志聪</ceb:consignee>\n                <ceb:consigneeTelephone>13599166502</ceb:consigneeTelephone>\n                <ceb:consigneeAddress>福建泉州市南安市罗东镇金山豪庭4楼 手机号后四位6502</ceb:consigneeAddress>\n            </ceb:OrderHead>\n            <ceb:OrderList>\n                <ceb:gnum>1</ceb:gnum>\n                <ceb:itemNo>20231101034</ceb:itemNo>\n                <ceb:itemName>芝华士(Chivas Regal)12年苏格兰调和型威士忌40度洋酒 1000ml</ceb:itemName>\n                <ceb:gmodel>1L/瓶</ceb:gmodel>\n                <ceb:itemDescribe>芝华士(Chivas Regal)12年苏格兰调和型威士忌40度洋酒 1000ml</ceb:itemDescribe>\n                <ceb:barCode>无</ceb:barCode>\n                <ceb:unit>142</ceb:unit>\n                <ceb:qty>1</ceb:qty>\n                <ceb:price>154.42</ceb:price>\n                <ceb:totalPrice>154.42</ceb:totalPrice>\n                <ceb:currency>142</ceb:currency>\n                <ceb:country>303</ceb:country>\n            </ceb:OrderList>\n        </ceb:Order>\n    <ceb:BaseTransfer>\n    <ceb:copCode>4403961X7S</ceb:copCode>\n    <ceb:copName>深圳市中英街商旅服务有限公司</ceb:copName>\n    <ceb:dxpMode>DXP</ceb:dxpMode>\n    <ceb:dxpId>DXPENT0000486448</ceb:dxpId>\n</ceb:BaseTransfer>\n</ceb:CEB311Message>\n",
  "digestValue": "<ds:SignedInfo xmlns:ceb=\"http://www.chinaport.gov.cn/ceb\" xmlns:ds=\"http://www.w3.org/2000/09/xmldsig#\" xmlns:xsi=\"http://www.w3.org/2001/XMLSchema-instance\" ><ds:CanonicalizationMethod Algorithm=\"http://www.w3.org/TR/2001/REC-xml-c14n-20010315\"></ds:CanonicalizationMethod><ds:SignatureMethod Algorithm=\"http://www.w3.org/2000/09/xmldsig#rsa-sha1\"></ds:SignatureMethod><ds:Reference URI=\"\"><ds:Transforms><ds:Transform Algorithm=\"http://www.w3.org/2000/09/xmldsig#enveloped-signature\"></ds:Transform></ds:Transforms><ds:DigestMethod Algorithm=\"http://www.w3.org/2000/09/xmldsig#sha1\"></ds:DigestMethod><ds:DigestValue>PmA66RFSyuGf407rmkv6MYrm32g=</ds:DigestValue></ds:Reference></ds:SignedInfo>",
  "signInfo": null
}请求摘要数据=============================000
[ZslCustomsAssist.SPSecure.SPSecureAPI-SpcSignData][37][INFO][14] 2024-06-04 17:52:50,282--==<ds:SignedInfo xmlns:ceb="http://www.chinaport.gov.cn/ceb" xmlns:ds="http://www.w3.org/2000/09/xmldsig#" xmlns:xsi="http://www.w3.org/2001/XMLSchema-instance"><ds:CanonicalizationMethod Algorithm="http://www.w3.org/TR/2001/REC-xml-c14n-20010315"></ds:CanonicalizationMethod><ds:SignatureMethod Algorithm="http://www.w3.org/2000/09/xmldsig#rsa-sha1"></ds:SignatureMethod><ds:Reference URI=""><ds:Transforms><ds:Transform Algorithm="http://www.w3.org/2000/09/xmldsig#enveloped-signature"></ds:Transform></ds:Transforms><ds:DigestMethod Algorithm="http://www.w3.org/2000/09/xmldsig#sha1"></ds:DigestMethod><ds:DigestValue>PmA66RFSyuGf407rmkv6MYrm32g=</ds:DigestValue></ds:Reference></ds:SignedInfo>——————————————————————————！System.Byte[]【System.Byte[]】XML字符串加业务签信息！695】XML字符串加业务签信息！695】XML字符串加业务签信息！True
[ZslCustomsAssist.SPSecure.SPSecureAPI-SpcGetErrMsg][370][INFO][14] 2024-06-04 17:52:50,396--【XML字符串加业务签0】提示信息！
[ZslCustomsAssist.SPSecure.SPSecureAPI-SpcGetErrMsg][374][INFO][14] 2024-06-04 17:52:50,396--E-PortMsg--==：XML字符串加业务签成功！
[ZslCustomsAssist.Jobs.SendAbstractRequestJob-RequestReport][88][ERROR][14] 2024-06-04 17:52:50,397--{
  "id": "293411200407",
  "type": 1,
  "guid": "170E196C-A2C6-A836-E756-4DA541088FA5",
  "orderNo": "293411200407",
  "fileName": "SZCPORTCEB311Message_EDI4403961X7S_E001_293411200407",
  "xmlMessage": "<?xml version=\"1.0\" encoding=\"UTF-8\"?>\n<ceb:CEB311Message xmlns:ceb=\"http://www.chinaport.gov.cn/ceb\" guid=\"170E196C-A2C6-A836-E756-4DA541088FA5\" version=\"1.0\"  xmlns:xsi=\"http://www.w3.org/2001/XMLSchema-instance\">\n        <ceb:Order>\n            <ceb:OrderHead>\n                <ceb:guid>170E196C-A2C6-A836-E756-4DA541088FA5</ceb:guid>\n                <ceb:appType>1</ceb:appType>\n                <ceb:appTime>20240604175248</ceb:appTime>\n                <ceb:appStatus>2</ceb:appStatus>\n                <ceb:orderType>I</ceb:orderType>\n                <ceb:orderNo>293411200407</ceb:orderNo>\n                <ceb:ebpCode>31149679BZ</ceb:ebpCode>\n                <ceb:ebpName>上海京东才奥电子商务有限公司</ceb:ebpName>\n                <ceb:ebcCode>4403961X7S</ceb:ebcCode>\n                <ceb:ebcName>深圳市中英街商旅服务有限公司</ceb:ebcName>\n                <ceb:goodsValue>154.42</ceb:goodsValue>\n                <ceb:freight>0.0</ceb:freight>\n                <ceb:discount>0.00</ceb:discount>\n                <ceb:taxTotal>44.58</ceb:taxTotal>\n                <ceb:acturalPaid>199.00</ceb:acturalPaid>\n                <ceb:currency>142</ceb:currency>\n                <ceb:buyerRegNo>293411200407</ceb:buyerRegNo>\n                <ceb:buyerName>黄志聪</ceb:buyerName>\n                <ceb:buyerTelephone>13599166502</ceb:buyerTelephone>\n                <ceb:buyerIdType>1</ceb:buyerIdType>\n                <ceb:buyerIdNumber>350583197701178339</ceb:buyerIdNumber>\n                <ceb:payCode>4403169D3W</ceb:payCode>\n                <ceb:payName>财付通支付科技有限公司</ceb:payName>\n                <ceb:payTransactionId>420000217120240529098125771500</ceb:payTransactionId>\n                <ceb:batchNumbers></ceb:batchNumbers>\n                <ceb:consignee>黄志聪</ceb:consignee>\n                <ceb:consigneeTelephone>13599166502</ceb:consigneeTelephone>\n                <ceb:consigneeAddress>福建泉州市南安市罗东镇金山豪庭4楼 手机号后四位6502</ceb:consigneeAddress>\n            </ceb:OrderHead>\n            <ceb:OrderList>\n                <ceb:gnum>1</ceb:gnum>\n                <ceb:itemNo>20231101034</ceb:itemNo>\n                <ceb:itemName>芝华士(Chivas Regal)12年苏格兰调和型威士忌40度洋酒 1000ml</ceb:itemName>\n                <ceb:gmodel>1L/瓶</ceb:gmodel>\n                <ceb:itemDescribe>芝华士(Chivas Regal)12年苏格兰调和型威士忌40度洋酒 1000ml</ceb:itemDescribe>\n                <ceb:barCode>无</ceb:barCode>\n                <ceb:unit>142</ceb:unit>\n                <ceb:qty>1</ceb:qty>\n                <ceb:price>154.42</ceb:price>\n                <ceb:totalPrice>154.42</ceb:totalPrice>\n                <ceb:currency>142</ceb:currency>\n                <ceb:country>303</ceb:country>\n            </ceb:OrderList>\n        </ceb:Order>\n    <ceb:BaseTransfer>\n    <ceb:copCode>4403961X7S</ceb:copCode>\n    <ceb:copName>深圳市中英街商旅服务有限公司</ceb:copName>\n    <ceb:dxpMode>DXP</ceb:dxpMode>\n    <ceb:dxpId>DXPENT0000486448</ceb:dxpId>\n</ceb:BaseTransfer>\n</ceb:CEB311Message>\n",
  "digestValue": "PGRzOlNpZ25lZEluZm8geG1sbnM6Y2ViPSJodHRwOi8vd3d3LmNoaW5hcG9ydC5nb3YuY24vY2ViIiB4bWxuczpkcz0iaHR0cDovL3d3dy53My5vcmcvMjAwMC8wOS94bWxkc2lnIyIgeG1sbnM6eHNpPSJodHRwOi8vd3d3LnczLm9yZy8yMDAxL1hNTFNjaGVtYS1pbnN0YW5jZSIgPjxkczpDYW5vbmljYWxpemF0aW9uTWV0aG9kIEFsZ29yaXRobT0iaHR0cDovL3d3dy53My5vcmcvVFIvMjAwMS9SRUMteG1sLWMxNG4tMjAwMTAzMTUiPjwvZHM6Q2Fub25pY2FsaXphdGlvbk1ldGhvZD48ZHM6U2lnbmF0dXJlTWV0aG9kIEFsZ29yaXRobT0iaHR0cDovL3d3dy53My5vcmcvMjAwMC8wOS94bWxkc2lnI3JzYS1zaGExIj48L2RzOlNpZ25hdHVyZU1ldGhvZD48ZHM6UmVmZXJlbmNlIFVSST0iIj48ZHM6VHJhbnNmb3Jtcz48ZHM6VHJhbnNmb3JtIEFsZ29yaXRobT0iaHR0cDovL3d3dy53My5vcmcvMjAwMC8wOS94bWxkc2lnI2VudmVsb3BlZC1zaWduYXR1cmUiPjwvZHM6VHJhbnNmb3JtPjwvZHM6VHJhbnNmb3Jtcz48ZHM6RGlnZXN0TWV0aG9kIEFsZ29yaXRobT0iaHR0cDovL3d3dy53My5vcmcvMjAwMC8wOS94bWxkc2lnI3NoYTEiPjwvZHM6RGlnZXN0TWV0aG9kPjxkczpEaWdlc3RWYWx1ZT5QbUE2NlJGU3l1R2Y0MDdybWt2Nk1Zcm0zMmc9PC9kczpEaWdlc3RWYWx1ZT48L2RzOlJlZmVyZW5jZT48L2RzOlNpZ25lZEluZm8+",
  "signInfo": "v8h/9kZFD5cXfX+sfI0KpKBTD/J7axGne+jMQvLcPlijSkoJ30vMwsqaNg6sy40+H/ip/LYxgyjYUqa/9Ygzig=="
}请求摘要数据=============================111
[ZslCustomsAssist.Service.ApiService-SendDataCallbackAbstract][263][INFO][14] 2024-06-04 17:52:50,397--【{"id":"293411200407","type":1,"guid":"170E196C-A2C6-A836-E756-4DA541088FA5","orderNo":"293411200407","fileName":"SZCPORTCEB311Message_EDI4403961X7S_E001_293411200407","xmlMessage":"<?xml version=\"1.0\" encoding=\"UTF-8\"?>\n<ceb:CEB311Message xmlns:ceb=\"http://www.chinaport.gov.cn/ceb\" guid=\"170E196C-A2C6-A836-E756-4DA541088FA5\" version=\"1.0\"  xmlns:xsi=\"http://www.w3.org/2001/XMLSchema-instance\">\n        <ceb:Order>\n            <ceb:OrderHead>\n                <ceb:guid>170E196C-A2C6-A836-E756-4DA541088FA5</ceb:guid>\n                <ceb:appType>1</ceb:appType>\n                <ceb:appTime>20240604175248</ceb:appTime>\n                <ceb:appStatus>2</ceb:appStatus>\n                <ceb:orderType>I</ceb:orderType>\n                <ceb:orderNo>293411200407</ceb:orderNo>\n                <ceb:ebpCode>31149679BZ</ceb:ebpCode>\n                <ceb:ebpName>上海京东才奥电子商务有限公司</ceb:ebpName>\n                <ceb:ebcCode>4403961X7S</ceb:ebcCode>\n                <ceb:ebcName>深圳市中英街商旅服务有限公司</ceb:ebcName>\n                <ceb:goodsValue>154.42</ceb:goodsValue>\n                <ceb:freight>0.0</ceb:freight>\n                <ceb:discount>0.00</ceb:discount>\n                <ceb:taxTotal>44.58</ceb:taxTotal>\n                <ceb:acturalPaid>199.00</ceb:acturalPaid>\n                <ceb:currency>142</ceb:currency>\n                <ceb:buyerRegNo>293411200407</ceb:buyerRegNo>\n                <ceb:buyerName>黄志聪</ceb:buyerName>\n                <ceb:buyerTelephone>13599166502</ceb:buyerTelephone>\n                <ceb:buyerIdType>1</ceb:buyerIdType>\n                <ceb:buyerIdNumber>350583197701178339</ceb:buyerIdNumber>\n                <ceb:payCode>4403169D3W</ceb:payCode>\n                <ceb:payName>财付通支付科技有限公司</ceb:payName>\n                <ceb:payTransactionId>420000217120240529098125771500</ceb:payTransactionId>\n                <ceb:batchNumbers></ceb:batchNumbers>\n                <ceb:consignee>黄志聪</ceb:consignee>\n                <ceb:consigneeTelephone>13599166502</ceb:consigneeTelephone>\n                <ceb:consigneeAddress>福建泉州市南安市罗东镇金山豪庭4楼 手机号后四位6502</ceb:consigneeAddress>\n            </ceb:OrderHead>\n            <ceb:OrderList>\n                <ceb:gnum>1</ceb:gnum>\n                <ceb:itemNo>20231101034</ceb:itemNo>\n                <ceb:itemName>芝华士(Chivas Regal)12年苏格兰调和型威士忌40度洋酒 1000ml</ceb:itemName>\n                <ceb:gmodel>1L/瓶</ceb:gmodel>\n                <ceb:itemDescribe>芝华士(Chivas Regal)12年苏格兰调和型威士忌40度洋酒 1000ml</ceb:itemDescribe>\n                <ceb:barCode>无</ceb:barCode>\n                <ceb:unit>142</ceb:unit>\n                <ceb:qty>1</ceb:qty>\n                <ceb:price>154.42</ceb:price>\n                <ceb:totalPrice>154.42</ceb:totalPrice>\n                <ceb:currency>142</ceb:currency>\n                <ceb:country>303</ceb:country>\n            </ceb:OrderList>\n        </ceb:Order>\n    <ceb:BaseTransfer>\n    <ceb:copCode>4403961X7S</ceb:copCode>\n    <ceb:copName>深圳市中英街商旅服务有限公司</ceb:copName>\n    <ceb:dxpMode>DXP</ceb:dxpMode>\n    <ceb:dxpId>DXPENT0000486448</ceb:dxpId>\n</ceb:BaseTransfer>\n</ceb:CEB311Message>\n","digestValue":"PGRzOlNpZ25lZEluZm8geG1sbnM6Y2ViPSJodHRwOi8vd3d3LmNoaW5hcG9ydC5nb3YuY24vY2ViIiB4bWxuczpkcz0iaHR0cDovL3d3dy53My5vcmcvMjAwMC8wOS94bWxkc2lnIyIgeG1sbnM6eHNpPSJodHRwOi8vd3d3LnczLm9yZy8yMDAxL1hNTFNjaGVtYS1pbnN0YW5jZSIgPjxkczpDYW5vbmljYWxpemF0aW9uTWV0aG9kIEFsZ29yaXRobT0iaHR0cDovL3d3dy53My5vcmcvVFIvMjAwMS9SRUMteG1sLWMxNG4tMjAwMTAzMTUiPjwvZHM6Q2Fub25pY2FsaXphdGlvbk1ldGhvZD48ZHM6U2lnbmF0dXJlTWV0aG9kIEFsZ29yaXRobT0iaHR0cDovL3d3dy53My5vcmcvMjAwMC8wOS94bWxkc2lnI3JzYS1zaGExIj48L2RzOlNpZ25hdHVyZU1ldGhvZD48ZHM6UmVmZXJlbmNlIFVSST0iIj48ZHM6VHJhbnNmb3Jtcz48ZHM6VHJhbnNmb3JtIEFsZ29yaXRobT0iaHR0cDovL3d3dy53My5vcmcvMjAwMC8wOS94bWxkc2lnI2VudmVsb3BlZC1zaWduYXR1cmUiPjwvZHM6VHJhbnNmb3JtPjwvZHM6VHJhbnNmb3Jtcz48ZHM6RGlnZXN0TWV0aG9kIEFsZ29yaXRobT0iaHR0cDovL3d3dy53My5vcmcvMjAwMC8wOS94bWxkc2lnI3NoYTEiPjwvZHM6RGlnZXN0TWV0aG9kPjxkczpEaWdlc3RWYWx1ZT5QbUE2NlJGU3l1R2Y0MDdybWt2Nk1Zcm0zMmc9PC9kczpEaWdlc3RWYWx1ZT48L2RzOlJlZmVyZW5jZT48L2RzOlNpZ25lZEluZm8+","signInfo":"v8h/9kZFD5cXfX+sfI0KpKBTD/J7axGne+jMQvLcPlijSkoJ30vMwsqaNg6sy40+H/ip/LYxgyjYUqa/9Ygzig=="}】postStr数据！
[ZslCustomsAssist.Jobs.ReportSendJob-OnDoReportSend][83][ERROR][37] 2024-06-04 17:52:50,757--执行了OnDoReportSend！
[ZslCustomsAssist.Service.ApiService-SendDataCallbackAbstract][267][INFO][14] 2024-06-04 17:52:51,113--调用中商旅辅助系统回执接口完成
[ZslCustomsAssist.Jobs.ReportSendJob-OnDoReportSend][83][ERROR][38] 2024-06-04 17:52:51,760--执行了OnDoReportSend！
[ZslCustomsAssist.Jobs.ReportSendJob-OnDoReportSend][83][ERROR][39] 2024-06-04 17:52:52,774--执行了OnDoReportSend！
[ZslCustomsAssist.Jobs.ReportSendJob-OnDoReportSend][83][ERROR][40] 2024-06-04 17:52:53,781--执行了OnDoReportSend！
[ZslCustomsAssist.SPSecure.SPSecureAPI-SpcGetErrMsg][370][INFO][21] 2024-06-04 17:53:42,798--【打开设备0】提示信息！
[ZslCustomsAssist.SPSecure.SPSecureAPI-SpcGetErrMsg][374][INFO][21] 2024-06-04 17:53:42,799--E-PortMsg--==：打开设备成功！
[ZslCustomsAssist.SPSecure.SPSecureAPI-SpcGetErrMsg][370][INFO][21] 2024-06-04 17:53:42,799--【获取卡号0】提示信息！
[ZslCustomsAssist.SPSecure.SPSecureAPI-SpcGetErrMsg][374][INFO][21] 2024-06-04 17:53:42,799--E-PortMsg--==：获取卡号成功！
[ZslCustomsAssist.Jobs.CheckCardStateJob-CheckCardState][79][INFO][21] 2024-06-04 17:53:42,799--插卡状态正常！2100060064918---2100060064918True
[ZslCustomsAssist.SPSecure.SPSecureAPI-SpcGetErrMsg][370][INFO][21] 2024-06-04 17:54:42,887--【打开设备0】提示信息！
[ZslCustomsAssist.SPSecure.SPSecureAPI-SpcGetErrMsg][374][INFO][21] 2024-06-04 17:54:42,887--E-PortMsg--==：打开设备成功！
[ZslCustomsAssist.SPSecure.SPSecureAPI-SpcGetErrMsg][370][INFO][21] 2024-06-04 17:54:42,887--【获取卡号0】提示信息！
[ZslCustomsAssist.SPSecure.SPSecureAPI-SpcGetErrMsg][374][INFO][21] 2024-06-04 17:54:42,887--E-PortMsg--==：获取卡号成功！
[ZslCustomsAssist.Jobs.CheckCardStateJob-CheckCardState][79][INFO][21] 2024-06-04 17:54:42,887--插卡状态正常！2100060064918---2100060064918True
[ZslCustomsAssist.Jobs.SendAbstractRequestJob-RequestReport][71][ERROR][14] 2024-06-04 17:55:36,465--请求摘要数据=============================
[ZslCustomsAssist.Jobs.SendAbstractRequestJob-RequestReport][78][ERROR][14] 2024-06-04 17:55:36,465--{
  "id": "296187815649",
  "type": 1,
  "guid": "8A311C0B-6D86-5510-7EBA-3B379F17D5A3",
  "orderNo": "296187815649",
  "fileName": "SZCPORTCEB311Message_EDI4403961X7S_E001_296187815649",
  "xmlMessage": "<?xml version=\"1.0\" encoding=\"UTF-8\"?>\n<ceb:CEB311Message xmlns:ceb=\"http://www.chinaport.gov.cn/ceb\" guid=\"8A311C0B-6D86-5510-7EBA-3B379F17D5A3\" version=\"1.0\"  xmlns:xsi=\"http://www.w3.org/2001/XMLSchema-instance\">\n        <ceb:Order>\n            <ceb:OrderHead>\n                <ceb:guid>8A311C0B-6D86-5510-7EBA-3B379F17D5A3</ceb:guid>\n                <ceb:appType>1</ceb:appType>\n                <ceb:appTime>20240604175534</ceb:appTime>\n                <ceb:appStatus>2</ceb:appStatus>\n                <ceb:orderType>I</ceb:orderType>\n                <ceb:orderNo>296187815649</ceb:orderNo>\n                <ceb:ebpCode>31149679BZ</ceb:ebpCode>\n                <ceb:ebpName>上海京东才奥电子商务有限公司</ceb:ebpName>\n                <ceb:ebcCode>4403961X7S</ceb:ebcCode>\n                <ceb:ebcName>深圳市中英街商旅服务有限公司</ceb:ebcName>\n                <ceb:goodsValue>154.42</ceb:goodsValue>\n                <ceb:freight>0.0</ceb:freight>\n                <ceb:discount>5.02</ceb:discount>\n                <ceb:taxTotal>44.58</ceb:taxTotal>\n                <ceb:acturalPaid>193.98</ceb:acturalPaid>\n                <ceb:currency>142</ceb:currency>\n                <ceb:buyerRegNo>296187815649</ceb:buyerRegNo>\n                <ceb:buyerName>刘胡威</ceb:buyerName>\n                <ceb:buyerTelephone>18950828801</ceb:buyerTelephone>\n                <ceb:buyerIdType>1</ceb:buyerIdType>\n                <ceb:buyerIdNumber>350822198901210039</ceb:buyerIdNumber>\n                <ceb:payCode>1108980025</ceb:payCode>\n                <ceb:payName>网银在线（北京）科技有限公司</ceb:payName>\n                <ceb:payTransactionId>0052171701227507771</ceb:payTransactionId>\n                <ceb:batchNumbers></ceb:batchNumbers>\n                <ceb:consignee>刘胡威</ceb:consignee>\n                <ceb:consigneeTelephone>18950828801</ceb:consigneeTelephone>\n                <ceb:consigneeAddress>福建龙岩市新罗区东肖街道龙岩大道与兴业路交汇处东北角融侨悦府16a幢102 手机号后四位8801</ceb:consigneeAddress>\n            </ceb:OrderHead>\n            <ceb:OrderList>\n                <ceb:gnum>1</ceb:gnum>\n                <ceb:itemNo>20231101034</ceb:itemNo>\n                <ceb:itemName>芝华士(Chivas Regal)12年苏格兰调和型威士忌40度洋酒 1000ml</ceb:itemName>\n                <ceb:gmodel>1L/瓶</ceb:gmodel>\n                <ceb:itemDescribe>芝华士(Chivas Regal)12年苏格兰调和型威士忌40度洋酒 1000ml</ceb:itemDescribe>\n                <ceb:barCode>无</ceb:barCode>\n                <ceb:unit>142</ceb:unit>\n                <ceb:qty>1</ceb:qty>\n                <ceb:price>154.42</ceb:price>\n                <ceb:totalPrice>154.42</ceb:totalPrice>\n                <ceb:currency>142</ceb:currency>\n                <ceb:country>303</ceb:country>\n            </ceb:OrderList>\n        </ceb:Order>\n    <ceb:BaseTransfer>\n    <ceb:copCode>4403961X7S</ceb:copCode>\n    <ceb:copName>深圳市中英街商旅服务有限公司</ceb:copName>\n    <ceb:dxpMode>DXP</ceb:dxpMode>\n    <ceb:dxpId>DXPENT0000486448</ceb:dxpId>\n</ceb:BaseTransfer>\n</ceb:CEB311Message>\n",
  "digestValue": "<ds:SignedInfo xmlns:ceb=\"http://www.chinaport.gov.cn/ceb\" xmlns:ds=\"http://www.w3.org/2000/09/xmldsig#\" xmlns:xsi=\"http://www.w3.org/2001/XMLSchema-instance\" ><ds:CanonicalizationMethod Algorithm=\"http://www.w3.org/TR/2001/REC-xml-c14n-20010315\"></ds:CanonicalizationMethod><ds:SignatureMethod Algorithm=\"http://www.w3.org/2000/09/xmldsig#rsa-sha1\"></ds:SignatureMethod><ds:Reference URI=\"\"><ds:Transforms><ds:Transform Algorithm=\"http://www.w3.org/2000/09/xmldsig#enveloped-signature\"></ds:Transform></ds:Transforms><ds:DigestMethod Algorithm=\"http://www.w3.org/2000/09/xmldsig#sha1\"></ds:DigestMethod><ds:DigestValue>+udz4tm3EgehChf+eCvVCeBjOc4=</ds:DigestValue></ds:Reference></ds:SignedInfo>",
  "signInfo": null
}请求摘要数据=============================000
[ZslCustomsAssist.SPSecure.SPSecureAPI-SpcSignData][37][INFO][14] 2024-06-04 17:55:36,465--==<ds:SignedInfo xmlns:ceb="http://www.chinaport.gov.cn/ceb" xmlns:ds="http://www.w3.org/2000/09/xmldsig#" xmlns:xsi="http://www.w3.org/2001/XMLSchema-instance"><ds:CanonicalizationMethod Algorithm="http://www.w3.org/TR/2001/REC-xml-c14n-20010315"></ds:CanonicalizationMethod><ds:SignatureMethod Algorithm="http://www.w3.org/2000/09/xmldsig#rsa-sha1"></ds:SignatureMethod><ds:Reference URI=""><ds:Transforms><ds:Transform Algorithm="http://www.w3.org/2000/09/xmldsig#enveloped-signature"></ds:Transform></ds:Transforms><ds:DigestMethod Algorithm="http://www.w3.org/2000/09/xmldsig#sha1"></ds:DigestMethod><ds:DigestValue>+udz4tm3EgehChf+eCvVCeBjOc4=</ds:DigestValue></ds:Reference></ds:SignedInfo>——————————————————————————！System.Byte[]【System.Byte[]】XML字符串加业务签信息！695】XML字符串加业务签信息！695】XML字符串加业务签信息！True
[ZslCustomsAssist.SPSecure.SPSecureAPI-SpcGetErrMsg][370][INFO][14] 2024-06-04 17:55:36,581--【XML字符串加业务签0】提示信息！
[ZslCustomsAssist.SPSecure.SPSecureAPI-SpcGetErrMsg][374][INFO][14] 2024-06-04 17:55:36,581--E-PortMsg--==：XML字符串加业务签成功！
[ZslCustomsAssist.Jobs.SendAbstractRequestJob-RequestReport][88][ERROR][14] 2024-06-04 17:55:36,581--{
  "id": "296187815649",
  "type": 1,
  "guid": "8A311C0B-6D86-5510-7EBA-3B379F17D5A3",
  "orderNo": "296187815649",
  "fileName": "SZCPORTCEB311Message_EDI4403961X7S_E001_296187815649",
  "xmlMessage": "<?xml version=\"1.0\" encoding=\"UTF-8\"?>\n<ceb:CEB311Message xmlns:ceb=\"http://www.chinaport.gov.cn/ceb\" guid=\"8A311C0B-6D86-5510-7EBA-3B379F17D5A3\" version=\"1.0\"  xmlns:xsi=\"http://www.w3.org/2001/XMLSchema-instance\">\n        <ceb:Order>\n            <ceb:OrderHead>\n                <ceb:guid>8A311C0B-6D86-5510-7EBA-3B379F17D5A3</ceb:guid>\n                <ceb:appType>1</ceb:appType>\n                <ceb:appTime>20240604175534</ceb:appTime>\n                <ceb:appStatus>2</ceb:appStatus>\n                <ceb:orderType>I</ceb:orderType>\n                <ceb:orderNo>296187815649</ceb:orderNo>\n                <ceb:ebpCode>31149679BZ</ceb:ebpCode>\n                <ceb:ebpName>上海京东才奥电子商务有限公司</ceb:ebpName>\n                <ceb:ebcCode>4403961X7S</ceb:ebcCode>\n                <ceb:ebcName>深圳市中英街商旅服务有限公司</ceb:ebcName>\n                <ceb:goodsValue>154.42</ceb:goodsValue>\n                <ceb:freight>0.0</ceb:freight>\n                <ceb:discount>5.02</ceb:discount>\n                <ceb:taxTotal>44.58</ceb:taxTotal>\n                <ceb:acturalPaid>193.98</ceb:acturalPaid>\n                <ceb:currency>142</ceb:currency>\n                <ceb:buyerRegNo>296187815649</ceb:buyerRegNo>\n                <ceb:buyerName>刘胡威</ceb:buyerName>\n                <ceb:buyerTelephone>18950828801</ceb:buyerTelephone>\n                <ceb:buyerIdType>1</ceb:buyerIdType>\n                <ceb:buyerIdNumber>350822198901210039</ceb:buyerIdNumber>\n                <ceb:payCode>1108980025</ceb:payCode>\n                <ceb:payName>网银在线（北京）科技有限公司</ceb:payName>\n                <ceb:payTransactionId>0052171701227507771</ceb:payTransactionId>\n                <ceb:batchNumbers></ceb:batchNumbers>\n                <ceb:consignee>刘胡威</ceb:consignee>\n                <ceb:consigneeTelephone>18950828801</ceb:consigneeTelephone>\n                <ceb:consigneeAddress>福建龙岩市新罗区东肖街道龙岩大道与兴业路交汇处东北角融侨悦府16a幢102 手机号后四位8801</ceb:consigneeAddress>\n            </ceb:OrderHead>\n            <ceb:OrderList>\n                <ceb:gnum>1</ceb:gnum>\n                <ceb:itemNo>20231101034</ceb:itemNo>\n                <ceb:itemName>芝华士(Chivas Regal)12年苏格兰调和型威士忌40度洋酒 1000ml</ceb:itemName>\n                <ceb:gmodel>1L/瓶</ceb:gmodel>\n                <ceb:itemDescribe>芝华士(Chivas Regal)12年苏格兰调和型威士忌40度洋酒 1000ml</ceb:itemDescribe>\n                <ceb:barCode>无</ceb:barCode>\n                <ceb:unit>142</ceb:unit>\n                <ceb:qty>1</ceb:qty>\n                <ceb:price>154.42</ceb:price>\n                <ceb:totalPrice>154.42</ceb:totalPrice>\n                <ceb:currency>142</ceb:currency>\n                <ceb:country>303</ceb:country>\n            </ceb:OrderList>\n        </ceb:Order>\n    <ceb:BaseTransfer>\n    <ceb:copCode>4403961X7S</ceb:copCode>\n    <ceb:copName>深圳市中英街商旅服务有限公司</ceb:copName>\n    <ceb:dxpMode>DXP</ceb:dxpMode>\n    <ceb:dxpId>DXPENT0000486448</ceb:dxpId>\n</ceb:BaseTransfer>\n</ceb:CEB311Message>\n",
  "digestValue": "PGRzOlNpZ25lZEluZm8geG1sbnM6Y2ViPSJodHRwOi8vd3d3LmNoaW5hcG9ydC5nb3YuY24vY2ViIiB4bWxuczpkcz0iaHR0cDovL3d3dy53My5vcmcvMjAwMC8wOS94bWxkc2lnIyIgeG1sbnM6eHNpPSJodHRwOi8vd3d3LnczLm9yZy8yMDAxL1hNTFNjaGVtYS1pbnN0YW5jZSIgPjxkczpDYW5vbmljYWxpemF0aW9uTWV0aG9kIEFsZ29yaXRobT0iaHR0cDovL3d3dy53My5vcmcvVFIvMjAwMS9SRUMteG1sLWMxNG4tMjAwMTAzMTUiPjwvZHM6Q2Fub25pY2FsaXphdGlvbk1ldGhvZD48ZHM6U2lnbmF0dXJlTWV0aG9kIEFsZ29yaXRobT0iaHR0cDovL3d3dy53My5vcmcvMjAwMC8wOS94bWxkc2lnI3JzYS1zaGExIj48L2RzOlNpZ25hdHVyZU1ldGhvZD48ZHM6UmVmZXJlbmNlIFVSST0iIj48ZHM6VHJhbnNmb3Jtcz48ZHM6VHJhbnNmb3JtIEFsZ29yaXRobT0iaHR0cDovL3d3dy53My5vcmcvMjAwMC8wOS94bWxkc2lnI2VudmVsb3BlZC1zaWduYXR1cmUiPjwvZHM6VHJhbnNmb3JtPjwvZHM6VHJhbnNmb3Jtcz48ZHM6RGlnZXN0TWV0aG9kIEFsZ29yaXRobT0iaHR0cDovL3d3dy53My5vcmcvMjAwMC8wOS94bWxkc2lnI3NoYTEiPjwvZHM6RGlnZXN0TWV0aG9kPjxkczpEaWdlc3RWYWx1ZT4rdWR6NHRtM0VnZWhDaGYrZUN2VkNlQmpPYzQ9PC9kczpEaWdlc3RWYWx1ZT48L2RzOlJlZmVyZW5jZT48L2RzOlNpZ25lZEluZm8+",
  "signInfo": "dTPyfj0w5U6VLhYm5adipTyrGXNL2OdV6L5RkGJezUqNl8aJNnW0zeqiyXz/X7RcgAHguZpu3XM1IZdA1bHq0A=="
}请求摘要数据=============================111
[ZslCustomsAssist.Service.ApiService-SendDataCallbackAbstract][263][INFO][14] 2024-06-04 17:55:36,581--【{"id":"296187815649","type":1,"guid":"8A311C0B-6D86-5510-7EBA-3B379F17D5A3","orderNo":"296187815649","fileName":"SZCPORTCEB311Message_EDI4403961X7S_E001_296187815649","xmlMessage":"<?xml version=\"1.0\" encoding=\"UTF-8\"?>\n<ceb:CEB311Message xmlns:ceb=\"http://www.chinaport.gov.cn/ceb\" guid=\"8A311C0B-6D86-5510-7EBA-3B379F17D5A3\" version=\"1.0\"  xmlns:xsi=\"http://www.w3.org/2001/XMLSchema-instance\">\n        <ceb:Order>\n            <ceb:OrderHead>\n                <ceb:guid>8A311C0B-6D86-5510-7EBA-3B379F17D5A3</ceb:guid>\n                <ceb:appType>1</ceb:appType>\n                <ceb:appTime>20240604175534</ceb:appTime>\n                <ceb:appStatus>2</ceb:appStatus>\n                <ceb:orderType>I</ceb:orderType>\n                <ceb:orderNo>296187815649</ceb:orderNo>\n                <ceb:ebpCode>31149679BZ</ceb:ebpCode>\n                <ceb:ebpName>上海京东才奥电子商务有限公司</ceb:ebpName>\n                <ceb:ebcCode>4403961X7S</ceb:ebcCode>\n                <ceb:ebcName>深圳市中英街商旅服务有限公司</ceb:ebcName>\n                <ceb:goodsValue>154.42</ceb:goodsValue>\n                <ceb:freight>0.0</ceb:freight>\n                <ceb:discount>5.02</ceb:discount>\n                <ceb:taxTotal>44.58</ceb:taxTotal>\n                <ceb:acturalPaid>193.98</ceb:acturalPaid>\n                <ceb:currency>142</ceb:currency>\n                <ceb:buyerRegNo>296187815649</ceb:buyerRegNo>\n                <ceb:buyerName>刘胡威</ceb:buyerName>\n                <ceb:buyerTelephone>18950828801</ceb:buyerTelephone>\n                <ceb:buyerIdType>1</ceb:buyerIdType>\n                <ceb:buyerIdNumber>350822198901210039</ceb:buyerIdNumber>\n                <ceb:payCode>1108980025</ceb:payCode>\n                <ceb:payName>网银在线（北京）科技有限公司</ceb:payName>\n                <ceb:payTransactionId>0052171701227507771</ceb:payTransactionId>\n                <ceb:batchNumbers></ceb:batchNumbers>\n                <ceb:consignee>刘胡威</ceb:consignee>\n                <ceb:consigneeTelephone>18950828801</ceb:consigneeTelephone>\n                <ceb:consigneeAddress>福建龙岩市新罗区东肖街道龙岩大道与兴业路交汇处东北角融侨悦府16a幢102 手机号后四位8801</ceb:consigneeAddress>\n            </ceb:OrderHead>\n            <ceb:OrderList>\n                <ceb:gnum>1</ceb:gnum>\n                <ceb:itemNo>20231101034</ceb:itemNo>\n                <ceb:itemName>芝华士(Chivas Regal)12年苏格兰调和型威士忌40度洋酒 1000ml</ceb:itemName>\n                <ceb:gmodel>1L/瓶</ceb:gmodel>\n                <ceb:itemDescribe>芝华士(Chivas Regal)12年苏格兰调和型威士忌40度洋酒 1000ml</ceb:itemDescribe>\n                <ceb:barCode>无</ceb:barCode>\n                <ceb:unit>142</ceb:unit>\n                <ceb:qty>1</ceb:qty>\n                <ceb:price>154.42</ceb:price>\n                <ceb:totalPrice>154.42</ceb:totalPrice>\n                <ceb:currency>142</ceb:currency>\n                <ceb:country>303</ceb:country>\n            </ceb:OrderList>\n        </ceb:Order>\n    <ceb:BaseTransfer>\n    <ceb:copCode>4403961X7S</ceb:copCode>\n    <ceb:copName>深圳市中英街商旅服务有限公司</ceb:copName>\n    <ceb:dxpMode>DXP</ceb:dxpMode>\n    <ceb:dxpId>DXPENT0000486448</ceb:dxpId>\n</ceb:BaseTransfer>\n</ceb:CEB311Message>\n","digestValue":"PGRzOlNpZ25lZEluZm8geG1sbnM6Y2ViPSJodHRwOi8vd3d3LmNoaW5hcG9ydC5nb3YuY24vY2ViIiB4bWxuczpkcz0iaHR0cDovL3d3dy53My5vcmcvMjAwMC8wOS94bWxkc2lnIyIgeG1sbnM6eHNpPSJodHRwOi8vd3d3LnczLm9yZy8yMDAxL1hNTFNjaGVtYS1pbnN0YW5jZSIgPjxkczpDYW5vbmljYWxpemF0aW9uTWV0aG9kIEFsZ29yaXRobT0iaHR0cDovL3d3dy53My5vcmcvVFIvMjAwMS9SRUMteG1sLWMxNG4tMjAwMTAzMTUiPjwvZHM6Q2Fub25pY2FsaXphdGlvbk1ldGhvZD48ZHM6U2lnbmF0dXJlTWV0aG9kIEFsZ29yaXRobT0iaHR0cDovL3d3dy53My5vcmcvMjAwMC8wOS94bWxkc2lnI3JzYS1zaGExIj48L2RzOlNpZ25hdHVyZU1ldGhvZD48ZHM6UmVmZXJlbmNlIFVSST0iIj48ZHM6VHJhbnNmb3Jtcz48ZHM6VHJhbnNmb3JtIEFsZ29yaXRobT0iaHR0cDovL3d3dy53My5vcmcvMjAwMC8wOS94bWxkc2lnI2VudmVsb3BlZC1zaWduYXR1cmUiPjwvZHM6VHJhbnNmb3JtPjwvZHM6VHJhbnNmb3Jtcz48ZHM6RGlnZXN0TWV0aG9kIEFsZ29yaXRobT0iaHR0cDovL3d3dy53My5vcmcvMjAwMC8wOS94bWxkc2lnI3NoYTEiPjwvZHM6RGlnZXN0TWV0aG9kPjxkczpEaWdlc3RWYWx1ZT4rdWR6NHRtM0VnZWhDaGYrZUN2VkNlQmpPYzQ9PC9kczpEaWdlc3RWYWx1ZT48L2RzOlJlZmVyZW5jZT48L2RzOlNpZ25lZEluZm8+","signInfo":"dTPyfj0w5U6VLhYm5adipTyrGXNL2OdV6L5RkGJezUqNl8aJNnW0zeqiyXz/X7RcgAHguZpu3XM1IZdA1bHq0A=="}】postStr数据！
[ZslCustomsAssist.Service.ApiService-SendDataCallbackAbstract][267][INFO][14] 2024-06-04 17:55:37,041--调用中商旅辅助系统回执接口完成
[ZslCustomsAssist.SPSecure.SPSecureAPI-SpcGetErrMsg][370][INFO][21] 2024-06-04 17:55:42,958--【打开设备0】提示信息！
[ZslCustomsAssist.SPSecure.SPSecureAPI-SpcGetErrMsg][374][INFO][21] 2024-06-04 17:55:42,959--E-PortMsg--==：打开设备成功！
[ZslCustomsAssist.SPSecure.SPSecureAPI-SpcGetErrMsg][370][INFO][21] 2024-06-04 17:55:42,959--【获取卡号0】提示信息！
[ZslCustomsAssist.SPSecure.SPSecureAPI-SpcGetErrMsg][374][INFO][21] 2024-06-04 17:55:42,959--E-PortMsg--==：获取卡号成功！
[ZslCustomsAssist.Jobs.CheckCardStateJob-CheckCardState][79][INFO][21] 2024-06-04 17:55:42,959--插卡状态正常！2100060064918---2100060064918True
[ZslCustomsAssist.SPSecure.SPSecureAPI-SpcGetErrMsg][0][INFO][21] 2024-06-04 17:56:43,039--【打开设备0】提示信息！
[ZslCustomsAssist.SPSecure.SPSecureAPI-SpcGetErrMsg][0][INFO][21] 2024-06-04 17:56:43,040--E-PortMsg--==：打开设备成功！
[ZslCustomsAssist.SPSecure.SPSecureAPI-SpcGetErrMsg][0][INFO][21] 2024-06-04 17:56:43,040--【获取卡号0】提示信息！
[ZslCustomsAssist.SPSecure.SPSecureAPI-SpcGetErrMsg][0][INFO][21] 2024-06-04 17:56:43,040--E-PortMsg--==：获取卡号成功！
[ZslCustomsAssist.Jobs.CheckCardStateJob-CheckCardState][0][INFO][21] 2024-06-04 17:56:43,040--插卡状态正常！2100060064918---2100060064918True
[ZslCustomsAssist.SPSecure.SPSecureAPI-SpcGetErrMsg][0][INFO][21] 2024-06-04 17:57:43,122--【打开设备0】提示信息！
[ZslCustomsAssist.SPSecure.SPSecureAPI-SpcGetErrMsg][0][INFO][21] 2024-06-04 17:57:43,122--E-PortMsg--==：打开设备成功！
[ZslCustomsAssist.SPSecure.SPSecureAPI-SpcGetErrMsg][0][INFO][21] 2024-06-04 17:57:43,122--【获取卡号0】提示信息！
[ZslCustomsAssist.SPSecure.SPSecureAPI-SpcGetErrMsg][0][INFO][21] 2024-06-04 17:57:43,123--E-PortMsg--==：获取卡号成功！
[ZslCustomsAssist.Jobs.CheckCardStateJob-CheckCardState][0][INFO][21] 2024-06-04 17:57:43,123--插卡状态正常！2100060064918---2100060064918True
[ZslCustomsAssist.SPSecure.SPSecureAPI-SpcGetErrMsg][0][INFO][21] 2024-06-04 17:58:43,198--【打开设备0】提示信息！
[ZslCustomsAssist.SPSecure.SPSecureAPI-SpcGetErrMsg][0][INFO][21] 2024-06-04 17:58:43,198--E-PortMsg--==：打开设备成功！
[ZslCustomsAssist.SPSecure.SPSecureAPI-SpcGetErrMsg][0][INFO][21] 2024-06-04 17:58:43,198--【获取卡号0】提示信息！
[ZslCustomsAssist.SPSecure.SPSecureAPI-SpcGetErrMsg][0][INFO][21] 2024-06-04 17:58:43,198--E-PortMsg--==：获取卡号成功！
[ZslCustomsAssist.Jobs.CheckCardStateJob-CheckCardState][0][INFO][21] 2024-06-04 17:58:43,198--插卡状态正常！2100060064918---2100060064918True
[ZslCustomsAssist.SPSecure.SPSecureAPI-SpcGetErrMsg][0][INFO][21] 2024-06-04 17:59:43,270--【打开设备0】提示信息！
[ZslCustomsAssist.SPSecure.SPSecureAPI-SpcGetErrMsg][0][INFO][21] 2024-06-04 17:59:43,271--E-PortMsg--==：打开设备成功！
[ZslCustomsAssist.SPSecure.SPSecureAPI-SpcGetErrMsg][0][INFO][21] 2024-06-04 17:59:43,271--【获取卡号0】提示信息！
[ZslCustomsAssist.SPSecure.SPSecureAPI-SpcGetErrMsg][0][INFO][21] 2024-06-04 17:59:43,271--E-PortMsg--==：获取卡号成功！
[ZslCustomsAssist.Jobs.CheckCardStateJob-CheckCardState][0][INFO][21] 2024-06-04 17:59:43,271--插卡状态正常！2100060064918---2100060064918True
[ZslCustomsAssist.SPSecure.SPSecureAPI-SpcGetErrMsg][0][INFO][21] 2024-06-04 18:00:43,360--【打开设备0】提示信息！
[ZslCustomsAssist.SPSecure.SPSecureAPI-SpcGetErrMsg][0][INFO][21] 2024-06-04 18:00:43,360--E-PortMsg--==：打开设备成功！
[ZslCustomsAssist.SPSecure.SPSecureAPI-SpcGetErrMsg][0][INFO][21] 2024-06-04 18:00:43,361--【获取卡号0】提示信息！
[ZslCustomsAssist.SPSecure.SPSecureAPI-SpcGetErrMsg][0][INFO][21] 2024-06-04 18:00:43,361--E-PortMsg--==：获取卡号成功！
[ZslCustomsAssist.Jobs.CheckCardStateJob-CheckCardState][0][INFO][21] 2024-06-04 18:00:43,361--插卡状态正常！2100060064918---2100060064918True
[ZslCustomsAssist.SPSecure.SPSecureAPI-SpcGetErrMsg][0][INFO][21] 2024-06-04 18:01:43,439--【打开设备0】提示信息！
[ZslCustomsAssist.SPSecure.SPSecureAPI-SpcGetErrMsg][0][INFO][21] 2024-06-04 18:01:43,441--E-PortMsg--==：打开设备成功！
[ZslCustomsAssist.SPSecure.SPSecureAPI-SpcGetErrMsg][0][INFO][21] 2024-06-04 18:01:43,441--【获取卡号0】提示信息！
[ZslCustomsAssist.SPSecure.SPSecureAPI-SpcGetErrMsg][0][INFO][21] 2024-06-04 18:01:43,441--E-PortMsg--==：获取卡号成功！
[ZslCustomsAssist.Jobs.CheckCardStateJob-CheckCardState][0][INFO][21] 2024-06-04 18:01:43,441--插卡状态正常！2100060064918---2100060064918True
