程序开始>>>>>>
[ZslCustomsAssist.Program-LogSystemMsg][58][INFO][1] 2024-06-07 09:39:43,908--当前客户端版本号：1.0.0.0
[ZslCustomsAssist.Program-LogSystemMsg][59][INFO][1] 2024-06-07 09:39:43,935--当前运行环境：Windows 10 Home China(64) 版本号:22000
[ZslCustomsAssist.SPSecure.SPSecureAPI-SpcGetErrMsg][370][INFO][1] 2024-06-07 09:39:46,050--【打开设备0】提示信息！
[ZslCustomsAssist.SPSecure.SPSecureAPI-SpcGetErrMsg][374][INFO][1] 2024-06-07 09:39:46,066--E-PortMsg--==：打开设备成功！
[ZslCustomsAssist.SPSecure.SPSecureAPI-SpcGetErrMsg][370][INFO][1] 2024-06-07 09:39:46,068--【获取卡号0】提示信息！
[ZslCustomsAssist.SPSecure.SPSecureAPI-SpcGetErrMsg][374][INFO][1] 2024-06-07 09:39:46,068--E-PortMsg--==：获取卡号成功！
[ZslCustomsAssist.Jobs.ClearTimeOutFileJob-ClearFile][55][INFO][10] 2024-06-07 09:39:46,434--D:\file\ZslCustomsAssist\ZslCustomsAssist\bin\Debug\net6.0-windows\Log不存在，取消清除！
[ZslCustomsAssist.SPSecure.SPSecureAPI-SpcGetErrMsg][370][INFO][1] 2024-06-07 09:39:46,928--【获取卡内证书算法标识0】提示信息！
[ZslCustomsAssist.SPSecure.SPSecureAPI-SpcGetErrMsg][374][INFO][1] 2024-06-07 09:39:46,929--E-PortMsg--==：获取卡内证书算法标识成功！
[ZslCustomsAssist.SPSecure.SPSecureAPI-SpcGetErrMsg][370][INFO][1] 2024-06-07 09:39:46,930--【获取证书号03000000000bcd8b0】提示信息！
[ZslCustomsAssist.SPSecure.SPSecureAPI-SpcGetErrMsg][374][INFO][1] 2024-06-07 09:39:46,930--E-PortMsg--==：获取证书号03000000000bcd8b成功！
[ZslCustomsAssist.SPSecure.SPSecureAPI-SpcGetErrMsg][370][INFO][1] 2024-06-07 09:39:46,955--【获取申请者名称0】提示信息！
[ZslCustomsAssist.SPSecure.SPSecureAPI-SpcGetErrMsg][374][INFO][1] 2024-06-07 09:39:46,955--E-PortMsg--==：获取申请者名称成功！
[ZslCustomsAssist.SPSecure.SPSecureAPI-SpcGetErrMsg][370][INFO][1] 2024-06-07 09:39:46,956--【获取单位代码0】提示信息！
[ZslCustomsAssist.SPSecure.SPSecureAPI-SpcGetErrMsg][374][INFO][1] 2024-06-07 09:39:46,956--E-PortMsg--==：获取单位代码成功！
[ZslCustomsAssist.SPSecure.SPSecureAPI-SpcGetErrMsg][370][INFO][1] 2024-06-07 09:39:46,956--【获取单位名称0】提示信息！
[ZslCustomsAssist.SPSecure.SPSecureAPI-SpcGetErrMsg][374][INFO][1] 2024-06-07 09:39:46,956--E-PortMsg--==：获取单位名称成功！
[ZslCustomsAssist.SPSecure.SPSecureAPI-SpcGetErrMsg][370][INFO][1] 2024-06-07 09:39:46,957--【获取单位类别0】提示信息！
[ZslCustomsAssist.SPSecure.SPSecureAPI-SpcGetErrMsg][374][INFO][1] 2024-06-07 09:39:46,957--E-PortMsg--==：获取单位类别成功！
[ZslCustomsAssist.SPSecure.SPSecureAPI-SpcGetErrMsg][370][INFO][1] 2024-06-07 09:39:46,957--【获取卡签名证书0】提示信息！
[ZslCustomsAssist.SPSecure.SPSecureAPI-SpcGetErrMsg][374][INFO][1] 2024-06-07 09:39:46,957--E-PortMsg--==：获取卡签名证书成功！
[ZslCustomsAssist.Jobs.SynchronousConfigurationJob-SynchronousConfigurationStart][71][INFO][1] 2024-06-07 09:39:47,327--本次同步配置共耗时：0.357s
[ZslCustomsAssist.FormMain-FormMain_Load][337][INFO][1] 2024-06-07 09:39:47,358--客户端启动中...
[ZslCustomsAssist.FormMain-StartThreads][199][INFO][1] 2024-06-07 09:39:47,370--开启请求报文服务！
[ZslCustomsAssist.FormMain-StartThreads][205][INFO][1] 2024-06-07 09:39:47,378--开启报文发送服务！
[ZslCustomsAssist.FormMain-StartThreads][211][INFO][1] 2024-06-07 09:39:47,379--开启回执接收任务！
[ZslCustomsAssist.Jobs.ReportSendJob-OnDoJob][49][DEBUG][15] 2024-06-07 09:39:48,392--报文发送业务线程，开始!
[ZslCustomsAssist.Jobs.ReportSendJob-CtrlReportSendThreads][60][INFO][15] 2024-06-07 09:39:48,393--开始处理报文发送业务，预计开启线程数：10
[ZslCustomsAssist.Jobs.ReportSendJob-OnDoReportSend][83][ERROR][32] 2024-06-07 09:39:49,400--执行了OnDoReportSend！
[ZslCustomsAssist.Jobs.ReportSendJob-OnDoReportSend][83][ERROR][33] 2024-06-07 09:39:50,412--执行了OnDoReportSend！
[ZslCustomsAssist.Jobs.ReportSendJob-OnDoReportSend][83][ERROR][26] 2024-06-07 09:39:51,415--执行了OnDoReportSend！
[ZslCustomsAssist.Jobs.ReportSendJob-OnDoReportSend][83][ERROR][22] 2024-06-07 09:39:52,416--执行了OnDoReportSend！
[ZslCustomsAssist.Jobs.ReportSendJob-OnDoReportSend][83][ERROR][34] 2024-06-07 09:39:53,431--执行了OnDoReportSend！
[ZslCustomsAssist.Jobs.ReportSendJob-OnDoReportSend][83][ERROR][35] 2024-06-07 09:39:54,433--执行了OnDoReportSend！
[ZslCustomsAssist.Jobs.ReportSendJob-OnDoReportSend][83][ERROR][36] 2024-06-07 09:39:55,438--执行了OnDoReportSend！
[ZslCustomsAssist.Jobs.ReportSendJob-OnDoReportSend][83][ERROR][37] 2024-06-07 09:39:56,440--执行了OnDoReportSend！
[ZslCustomsAssist.Jobs.ReportSendJob-OnDoReportSend][83][ERROR][38] 2024-06-07 09:39:57,457--执行了OnDoReportSend！
[ZslCustomsAssist.Jobs.ReportSendJob-OnDoReportSend][83][ERROR][39] 2024-06-07 09:39:58,462--执行了OnDoReportSend！
[ZslCustomsAssist.SPSecure.SPSecureAPI-SpcGetErrMsg][370][INFO][20] 2024-06-07 09:40:47,475--【打开设备0】提示信息！
[ZslCustomsAssist.SPSecure.SPSecureAPI-SpcGetErrMsg][374][INFO][20] 2024-06-07 09:40:47,475--E-PortMsg--==：打开设备成功！
[ZslCustomsAssist.SPSecure.SPSecureAPI-SpcGetErrMsg][370][INFO][20] 2024-06-07 09:40:47,475--【获取卡号0】提示信息！
[ZslCustomsAssist.SPSecure.SPSecureAPI-SpcGetErrMsg][374][INFO][20] 2024-06-07 09:40:47,475--E-PortMsg--==：获取卡号成功！
[ZslCustomsAssist.Jobs.CheckCardStateJob-CheckCardState][79][INFO][20] 2024-06-07 09:40:47,475--插卡状态正常！2100060064918---2100060064918True
[ZslCustomsAssist.Jobs.ReportSendJob-OnDoReportSend][169][INFO][38] 2024-06-07 09:41:34,276--程序退出中/更新中/卡状态异常,不再处理任何报文！线程[38]从线程池中移除
[ZslCustomsAssist.Jobs.ReportSendJob-OnDoReportSend][169][INFO][22] 2024-06-07 09:41:34,276--程序退出中/更新中/卡状态异常,不再处理任何报文！线程[22]从线程池中移除
[ZslCustomsAssist.Jobs.ReportSendJob-OnDoReportSend][169][INFO][32] 2024-06-07 09:41:34,277--程序退出中/更新中/卡状态异常,不再处理任何报文！线程[32]从线程池中移除
[ZslCustomsAssist.Jobs.ReportSendJob-OnDoReportSend][169][INFO][33] 2024-06-07 09:41:34,277--程序退出中/更新中/卡状态异常,不再处理任何报文！线程[33]从线程池中移除
[ZslCustomsAssist.Jobs.ReportSendJob-OnDoReportSend][169][INFO][26] 2024-06-07 09:41:34,277--程序退出中/更新中/卡状态异常,不再处理任何报文！线程[26]从线程池中移除
[ZslCustomsAssist.Jobs.ReportSendJob-OnDoReportSend][169][INFO][34] 2024-06-07 09:41:34,276--程序退出中/更新中/卡状态异常,不再处理任何报文！线程[34]从线程池中移除
[ZslCustomsAssist.Jobs.ReportSendJob-OnDoReportSend][169][INFO][35] 2024-06-07 09:41:34,277--程序退出中/更新中/卡状态异常,不再处理任何报文！线程[35]从线程池中移除
[ZslCustomsAssist.Jobs.ReportSendJob-OnDoReportSend][169][INFO][36] 2024-06-07 09:41:34,277--程序退出中/更新中/卡状态异常,不再处理任何报文！线程[36]从线程池中移除
[ZslCustomsAssist.Jobs.ReportSendJob-OnDoReportSend][169][INFO][37] 2024-06-07 09:41:34,277--程序退出中/更新中/卡状态异常,不再处理任何报文！线程[37]从线程池中移除
[ZslCustomsAssist.Jobs.ReportSendJob-OnDoReportSend][169][INFO][39] 2024-06-07 09:41:34,277--程序退出中/更新中/卡状态异常,不再处理任何报文！线程[39]从线程池中移除
程序关闭!!!!!!
程序开始>>>>>>
[ZslCustomsAssist.Program-LogSystemMsg][58][INFO][1] 2024-06-07 09:43:23,760--当前客户端版本号：1.0.0.0
[ZslCustomsAssist.Program-LogSystemMsg][59][INFO][1] 2024-06-07 09:43:23,782--当前运行环境：Windows 10 Home China(64) 版本号:22000
[ZslCustomsAssist.SPSecure.SPSecureAPI-SpcGetErrMsg][370][INFO][1] 2024-06-07 09:43:25,803--【打开设备0】提示信息！
[ZslCustomsAssist.SPSecure.SPSecureAPI-SpcGetErrMsg][374][INFO][1] 2024-06-07 09:43:25,805--E-PortMsg--==：打开设备成功！
[ZslCustomsAssist.SPSecure.SPSecureAPI-SpcGetErrMsg][370][INFO][1] 2024-06-07 09:43:25,807--【获取卡号0】提示信息！
[ZslCustomsAssist.SPSecure.SPSecureAPI-SpcGetErrMsg][374][INFO][1] 2024-06-07 09:43:25,808--E-PortMsg--==：获取卡号成功！
[ZslCustomsAssist.Jobs.ClearTimeOutFileJob-ClearFile][55][INFO][10] 2024-06-07 09:43:26,667--D:\file\ZslCustomsAssist\ZslCustomsAssist\bin\Debug\net6.0-windows\Log不存在，取消清除！
[ZslCustomsAssist.SPSecure.SPSecureAPI-SpcGetErrMsg][370][INFO][1] 2024-06-07 09:43:27,168--【获取卡内证书算法标识0】提示信息！
[ZslCustomsAssist.SPSecure.SPSecureAPI-SpcGetErrMsg][374][INFO][1] 2024-06-07 09:43:27,169--E-PortMsg--==：获取卡内证书算法标识成功！
[ZslCustomsAssist.SPSecure.SPSecureAPI-SpcGetErrMsg][370][INFO][1] 2024-06-07 09:43:27,169--【获取证书号03000000000bcd8b0】提示信息！
[ZslCustomsAssist.SPSecure.SPSecureAPI-SpcGetErrMsg][374][INFO][1] 2024-06-07 09:43:27,169--E-PortMsg--==：获取证书号03000000000bcd8b成功！
[ZslCustomsAssist.SPSecure.SPSecureAPI-SpcGetErrMsg][370][INFO][1] 2024-06-07 09:43:27,190--【获取申请者名称0】提示信息！
[ZslCustomsAssist.SPSecure.SPSecureAPI-SpcGetErrMsg][374][INFO][1] 2024-06-07 09:43:27,190--E-PortMsg--==：获取申请者名称成功！
[ZslCustomsAssist.SPSecure.SPSecureAPI-SpcGetErrMsg][370][INFO][1] 2024-06-07 09:43:27,190--【获取单位代码0】提示信息！
[ZslCustomsAssist.SPSecure.SPSecureAPI-SpcGetErrMsg][374][INFO][1] 2024-06-07 09:43:27,191--E-PortMsg--==：获取单位代码成功！
[ZslCustomsAssist.SPSecure.SPSecureAPI-SpcGetErrMsg][370][INFO][1] 2024-06-07 09:43:27,191--【获取单位名称0】提示信息！
[ZslCustomsAssist.SPSecure.SPSecureAPI-SpcGetErrMsg][374][INFO][1] 2024-06-07 09:43:27,191--E-PortMsg--==：获取单位名称成功！
[ZslCustomsAssist.SPSecure.SPSecureAPI-SpcGetErrMsg][370][INFO][1] 2024-06-07 09:43:27,192--【获取单位类别0】提示信息！
[ZslCustomsAssist.SPSecure.SPSecureAPI-SpcGetErrMsg][374][INFO][1] 2024-06-07 09:43:27,192--E-PortMsg--==：获取单位类别成功！
[ZslCustomsAssist.SPSecure.SPSecureAPI-SpcGetErrMsg][370][INFO][1] 2024-06-07 09:43:27,192--【获取卡签名证书0】提示信息！
[ZslCustomsAssist.SPSecure.SPSecureAPI-SpcGetErrMsg][374][INFO][1] 2024-06-07 09:43:27,193--E-PortMsg--==：获取卡签名证书成功！
[ZslCustomsAssist.Jobs.SynchronousConfigurationJob-SynchronousConfigurationStart][71][INFO][1] 2024-06-07 09:43:27,660--本次同步配置共耗时：0.455s
[ZslCustomsAssist.FormMain-FormMain_Load][337][INFO][1] 2024-06-07 09:43:27,679--客户端启动中...
[ZslCustomsAssist.FormMain-StartThreads][199][INFO][1] 2024-06-07 09:43:27,689--开启请求报文服务！
[ZslCustomsAssist.FormMain-StartThreads][205][INFO][1] 2024-06-07 09:43:27,695--开启报文发送服务！
[ZslCustomsAssist.FormMain-StartThreads][211][INFO][1] 2024-06-07 09:43:27,698--开启回执接收任务！
[ZslCustomsAssist.Jobs.ReportSendJob-OnDoJob][49][DEBUG][15] 2024-06-07 09:43:28,711--报文发送业务线程，开始!
[ZslCustomsAssist.Jobs.ReportSendJob-CtrlReportSendThreads][60][INFO][15] 2024-06-07 09:43:28,712--开始处理报文发送业务，预计开启线程数：10
[ZslCustomsAssist.Jobs.ReportSendJob-OnDoReportSend][83][ERROR][32] 2024-06-07 09:43:29,728--执行了OnDoReportSend！
[ZslCustomsAssist.Jobs.ReportSendJob-OnDoReportSend][83][ERROR][33] 2024-06-07 09:43:30,731--执行了OnDoReportSend！
[ZslCustomsAssist.Jobs.ReportSendJob-OnDoReportSend][83][ERROR][26] 2024-06-07 09:43:31,736--执行了OnDoReportSend！
[ZslCustomsAssist.Jobs.ReportSendJob-OnDoReportSend][83][ERROR][22] 2024-06-07 09:43:32,742--执行了OnDoReportSend！
[ZslCustomsAssist.Jobs.ReportSendJob-OnDoReportSend][83][ERROR][34] 2024-06-07 09:43:33,744--执行了OnDoReportSend！
[ZslCustomsAssist.Jobs.ReportSendJob-OnDoReportSend][83][ERROR][35] 2024-06-07 09:43:34,757--执行了OnDoReportSend！
[ZslCustomsAssist.Jobs.ReportSendJob-OnDoReportSend][83][ERROR][36] 2024-06-07 09:43:35,768--执行了OnDoReportSend！
[ZslCustomsAssist.Jobs.ReportSendJob-OnDoReportSend][83][ERROR][37] 2024-06-07 09:43:36,770--执行了OnDoReportSend！
[ZslCustomsAssist.Jobs.ReportSendJob-OnDoReportSend][83][ERROR][38] 2024-06-07 09:43:37,775--执行了OnDoReportSend！
[ZslCustomsAssist.Jobs.ReportSendJob-OnDoReportSend][83][ERROR][39] 2024-06-07 09:43:38,777--执行了OnDoReportSend！
[ZslCustomsAssist.SPSecure.SPSecureAPI-SpcGetErrMsg][370][INFO][20] 2024-06-07 09:44:27,811--【打开设备0】提示信息！
[ZslCustomsAssist.SPSecure.SPSecureAPI-SpcGetErrMsg][374][INFO][20] 2024-06-07 09:44:27,812--E-PortMsg--==：打开设备成功！
[ZslCustomsAssist.SPSecure.SPSecureAPI-SpcGetErrMsg][370][INFO][20] 2024-06-07 09:44:27,812--【获取卡号0】提示信息！
[ZslCustomsAssist.SPSecure.SPSecureAPI-SpcGetErrMsg][374][INFO][20] 2024-06-07 09:44:27,812--E-PortMsg--==：获取卡号成功！
[ZslCustomsAssist.Jobs.CheckCardStateJob-CheckCardState][79][INFO][20] 2024-06-07 09:44:27,812--插卡状态正常！2100060064918---2100060064918True
[ZslCustomsAssist.SPSecure.SPSecureAPI-SpcGetErrMsg][370][INFO][20] 2024-06-07 09:45:27,903--【打开设备0】提示信息！
[ZslCustomsAssist.SPSecure.SPSecureAPI-SpcGetErrMsg][374][INFO][20] 2024-06-07 09:45:27,903--E-PortMsg--==：打开设备成功！
[ZslCustomsAssist.SPSecure.SPSecureAPI-SpcGetErrMsg][370][INFO][20] 2024-06-07 09:45:27,903--【获取卡号0】提示信息！
[ZslCustomsAssist.SPSecure.SPSecureAPI-SpcGetErrMsg][374][INFO][20] 2024-06-07 09:45:27,903--E-PortMsg--==：获取卡号成功！
[ZslCustomsAssist.Jobs.CheckCardStateJob-CheckCardState][79][INFO][20] 2024-06-07 09:45:27,903--插卡状态正常！2100060064918---2100060064918True
[ZslCustomsAssist.SPSecure.SPSecureAPI-SpcGetErrMsg][370][INFO][20] 2024-06-07 09:46:27,988--【打开设备0】提示信息！
[ZslCustomsAssist.SPSecure.SPSecureAPI-SpcGetErrMsg][374][INFO][20] 2024-06-07 09:46:27,988--E-PortMsg--==：打开设备成功！
[ZslCustomsAssist.SPSecure.SPSecureAPI-SpcGetErrMsg][370][INFO][20] 2024-06-07 09:46:27,989--【获取卡号0】提示信息！
[ZslCustomsAssist.SPSecure.SPSecureAPI-SpcGetErrMsg][374][INFO][20] 2024-06-07 09:46:27,989--E-PortMsg--==：获取卡号成功！
[ZslCustomsAssist.Jobs.CheckCardStateJob-CheckCardState][79][INFO][20] 2024-06-07 09:46:27,989--插卡状态正常！2100060064918---2100060064918True
[ZslCustomsAssist.Jobs.ReportSendJob-OnDoReportSend][169][INFO][39] 2024-06-07 09:46:37,148--程序退出中/更新中/卡状态异常,不再处理任何报文！线程[39]从线程池中移除
[ZslCustomsAssist.Jobs.ReportSendJob-OnDoReportSend][169][INFO][32] 2024-06-07 09:46:37,149--程序退出中/更新中/卡状态异常,不再处理任何报文！线程[32]从线程池中移除
[ZslCustomsAssist.Jobs.ReportSendJob-OnDoReportSend][169][INFO][33] 2024-06-07 09:46:37,149--程序退出中/更新中/卡状态异常,不再处理任何报文！线程[33]从线程池中移除
[ZslCustomsAssist.Jobs.ReportSendJob-OnDoReportSend][169][INFO][26] 2024-06-07 09:46:37,149--程序退出中/更新中/卡状态异常,不再处理任何报文！线程[26]从线程池中移除
[ZslCustomsAssist.Jobs.ReportSendJob-OnDoReportSend][169][INFO][22] 2024-06-07 09:46:37,149--程序退出中/更新中/卡状态异常,不再处理任何报文！线程[22]从线程池中移除
[ZslCustomsAssist.Jobs.ReportSendJob-OnDoReportSend][169][INFO][34] 2024-06-07 09:46:37,148--程序退出中/更新中/卡状态异常,不再处理任何报文！线程[34]从线程池中移除
[ZslCustomsAssist.Jobs.ReportSendJob-OnDoReportSend][169][INFO][35] 2024-06-07 09:46:37,149--程序退出中/更新中/卡状态异常,不再处理任何报文！线程[35]从线程池中移除
[ZslCustomsAssist.Jobs.ReportSendJob-OnDoReportSend][169][INFO][36] 2024-06-07 09:46:37,148--程序退出中/更新中/卡状态异常,不再处理任何报文！线程[36]从线程池中移除
[ZslCustomsAssist.Jobs.ReportSendJob-OnDoReportSend][169][INFO][37] 2024-06-07 09:46:37,149--程序退出中/更新中/卡状态异常,不再处理任何报文！线程[37]从线程池中移除
[ZslCustomsAssist.Jobs.ReportSendJob-OnDoReportSend][169][INFO][38] 2024-06-07 09:46:37,149--程序退出中/更新中/卡状态异常,不再处理任何报文！线程[38]从线程池中移除
程序关闭!!!!!!
