程序开始>>>>>>
[ZslCustomsAssist.Program-LogSystemMsg][58][INFO][1] 2023-03-10 16:15:03,104--当前客户端版本号：1.0.0.0
[ZslCustomsAssist.Program-LogSystemMsg][59][INFO][1] 2023-03-10 16:15:03,120--当前运行环境：Windows 10 Home China(64) 版本号:22000
[ZslCustomsAssist.SPSecure.SPSecureAPI-SpcGetErrMsg][370][INFO][1] 2023-03-10 16:15:03,863--E-PortMsg：打开设备成功！
[ZslCustomsAssist.SPSecure.SPSecureAPI-SpcGetErrMsg][370][INFO][1] 2023-03-10 16:15:04,327--E-PortMsg：获取卡号成功！
[ZslCustomsAssist.Jobs.ClearTimeOutFileJob-ClearFile][55][INFO][6] 2023-03-10 16:15:04,943--D:\file\ZslCustomsAssist\ZslCustomsAssist\bin\Release\net6.0-windows\Log不存在，取消清除！
[ZslCustomsAssist.SPSecure.SPSecureAPI-SpcGetErrMsg][370][INFO][1] 2023-03-10 16:15:05,362--E-PortMsg：获取卡内证书算法标识成功！
[ZslCustomsAssist.SPSecure.SPSecureAPI-SpcGetErrMsg][370][INFO][1] 2023-03-10 16:15:05,362--E-PortMsg：获取证书号成功！
[ZslCustomsAssist.SPSecure.SPSecureAPI-SpcGetErrMsg][370][INFO][1] 2023-03-10 16:15:05,384--E-PortMsg：获取申请者名称成功！
[ZslCustomsAssist.SPSecure.SPSecureAPI-SpcGetErrMsg][370][INFO][1] 2023-03-10 16:15:05,384--E-PortMsg：获取单位代码成功！
[ZslCustomsAssist.SPSecure.SPSecureAPI-SpcGetErrMsg][370][INFO][1] 2023-03-10 16:15:05,385--E-PortMsg：获取单位名称成功！
[ZslCustomsAssist.SPSecure.SPSecureAPI-SpcGetErrMsg][370][INFO][1] 2023-03-10 16:15:05,385--E-PortMsg：获取单位类别成功！
[ZslCustomsAssist.SPSecure.SPSecureAPI-SpcGetErrMsg][370][INFO][1] 2023-03-10 16:15:05,851--E-PortMsg：获取卡签名证书成功！
[ZslCustomsAssist.Jobs.SynchronousConfigurationJob-SynchronousConfigurationStart][71][INFO][1] 2023-03-10 16:15:06,009--本次同步配置共耗时：0.149s
[ZslCustomsAssist.FormMain-FormMain_Load][318][INFO][1] 2023-03-10 16:15:06,023--客户端启动中...
[ZslCustomsAssist.FormMain-StartThreads][183][INFO][1] 2023-03-10 16:15:06,028--开启请求报文服务！
[ZslCustomsAssist.FormMain-StartThreads][189][INFO][1] 2023-03-10 16:15:06,028--开启报文发送服务！
[ZslCustomsAssist.FormMain-StartThreads][195][INFO][1] 2023-03-10 16:15:06,028--开启回执接收任务！
[ZslCustomsAssist.Utils.Log.LogHelper-SaveLog][113][INFO][8] 2023-03-10 16:15:06,085--调用中商旅辅助系统登录返回结果：{"code":0,"msg":"success","data":{"token":"5bba5be8f260d5a1d10faa7534b4d514","validity":7200,"appid":"4927415bf99e37ea60524fc9aa6e9f28"}}
[ZslCustomsAssist.Jobs.ReportSendJob-OnDoJob][47][DEBUG][10] 2023-03-10 16:15:07,032--报文发送业务线程，开始!
[ZslCustomsAssist.Jobs.ReportSendJob-CtrlReportSendThreads][58][INFO][10] 2023-03-10 16:15:07,034--开始处理报文发送业务，预计开启线程数：10
[ZslCustomsAssist.SPSecure.SPSecureAPI-SpcGetErrMsg][370][INFO][44] 2023-03-10 16:15:08,623--E-PortMsg：XML字符串加业务签成功！
[ZslCustomsAssist.Jobs.ReportSendJob-SendReport][382][INFO][44] 2023-03-10 16:15:08,638--【D:\file\ZslCustomsAssist\ZslCustomsAssist\bin\Release\net6.0-windows\runtimes\Server\Sending\SZCPORTCEB311Message_EDI4403961X7S_E001_202302221425534432.report\SZCPORTCEB311Message_EDI4403961X7S_E001_202302221425534432.xml】卡加签成功！
[ZslCustomsAssist.SPSecure.SPSecureAPI-SpcGetErrMsg][370][INFO][43] 2023-03-10 16:15:09,562--E-PortMsg：XML字符串加业务签成功！
[ZslCustomsAssist.Jobs.ReportSendJob-SendReport][382][INFO][43] 2023-03-10 16:15:09,563--【D:\file\ZslCustomsAssist\ZslCustomsAssist\bin\Release\net6.0-windows\runtimes\Server\Sending\SZCPORTCEB311Message_EDI4403961X7S_E001_202302232046495619.report\SZCPORTCEB311Message_EDI4403961X7S_E001_202302232046495619.xml】卡加签成功！
[ZslCustomsAssist.SPSecure.SPSecureAPI-SpcGetErrMsg][370][INFO][42] 2023-03-10 16:15:10,589--E-PortMsg：XML字符串加业务签成功！
[ZslCustomsAssist.Jobs.ReportSendJob-SendReport][382][INFO][42] 2023-03-10 16:15:10,590--【D:\file\ZslCustomsAssist\ZslCustomsAssist\bin\Release\net6.0-windows\runtimes\Server\Sending\SZCPORTCEB311Message_EDI4403961X7S_E001_202302232113472450.report\SZCPORTCEB311Message_EDI4403961X7S_E001_202302232113472450.xml】卡加签成功！
[ZslCustomsAssist.Jobs.ReportSendJob-SendReport][511][INFO][42] 2023-03-10 16:15:10,688--报文处理共耗时：0.616s
[ZslCustomsAssist.Jobs.ReportSendJob-SendReport][517][INFO][42] 2023-03-10 16:15:10,688--报文【SZCPORTCEB311Message_EDI4403961X7S_E001_202302232113472450.xml】发送成功！
[ZslCustomsAssist.Jobs.ReportSendJob-SendReport][511][INFO][44] 2023-03-10 16:15:10,895--报文处理共耗时：2.832s
[ZslCustomsAssist.Jobs.ReportSendJob-SendReport][517][INFO][44] 2023-03-10 16:15:10,895--报文【SZCPORTCEB311Message_EDI4403961X7S_E001_202302221425534432.xml】发送成功！
[ZslCustomsAssist.SPSecure.SPSecureAPI-SpcGetErrMsg][370][INFO][42] 2023-03-10 16:15:11,238--E-PortMsg：XML字符串加业务签成功！
[ZslCustomsAssist.Jobs.ReportSendJob-SendReport][382][INFO][42] 2023-03-10 16:15:11,239--【D:\file\ZslCustomsAssist\ZslCustomsAssist\bin\Release\net6.0-windows\runtimes\Server\Sending\SZCPORTCEB311Message_EDI4403961X7S_E001_202302241452456009.report\SZCPORTCEB311Message_EDI4403961X7S_E001_202302241452456009.xml】卡加签成功！
[ZslCustomsAssist.Jobs.ReportSendJob-SendReport][511][INFO][42] 2023-03-10 16:15:11,347--报文处理共耗时：0.606s
[ZslCustomsAssist.Jobs.ReportSendJob-SendReport][517][INFO][42] 2023-03-10 16:15:11,347--报文【SZCPORTCEB311Message_EDI4403961X7S_E001_202302241452456009.xml】发送成功！
[ZslCustomsAssist.SPSecure.SPSecureAPI-SpcGetErrMsg][370][INFO][44] 2023-03-10 16:15:11,839--E-PortMsg：XML字符串加业务签成功！
[ZslCustomsAssist.Jobs.ReportSendJob-SendReport][382][INFO][44] 2023-03-10 16:15:11,840--【D:\file\ZslCustomsAssist\ZslCustomsAssist\bin\Release\net6.0-windows\runtimes\Server\Sending\SZCPORTCEB311Message_EDI4403961X7S_E001_202302241456036413.report\SZCPORTCEB311Message_EDI4403961X7S_E001_202302241456036413.xml】卡加签成功！
[ZslCustomsAssist.Jobs.ReportSendJob-SendReport][511][INFO][44] 2023-03-10 16:15:11,936--报文处理共耗时：0.979s
[ZslCustomsAssist.Jobs.ReportSendJob-SendReport][517][INFO][44] 2023-03-10 16:15:11,937--报文【SZCPORTCEB311Message_EDI4403961X7S_E001_202302241456036413.xml】发送成功！
[ZslCustomsAssist.Jobs.ReportReceiptDownloadJob-DownloadRportReceipt][123][INFO][30] 2023-03-10 16:15:12,337--回执下载成功,耗时：0.113s;描述：下载回执【3】条！
[ZslCustomsAssist.Jobs.ReportReceiptDownloadJob+<>c__DisplayClass8_0-<SendReceiptReceived>b__0][287][INFO][30] 2023-03-10 16:15:12,338--已下载回执【SZCPORTCEB312Message_DXPEDCCEB0000002_675075495347467471.xml】
[ZslCustomsAssist.Jobs.ReportReceiptDownloadJob+<>c__DisplayClass8_0-<SendReceiptReceived>b__0][287][INFO][30] 2023-03-10 16:15:12,338--已下载回执【SZCPORTCEB312Message_DXPEDCCEB0000002_290466876591963629.xml】
[ZslCustomsAssist.Jobs.ReportReceiptDownloadJob+<>c__DisplayClass8_0-<SendReceiptReceived>b__0][287][INFO][30] 2023-03-10 16:15:12,338--已下载回执【SZCPORTCEB312Message_DXPEDCCEB0000002_227206527248963278.xml】
[ZslCustomsAssist.SPSecure.SPSecureAPI-SpcGetErrMsg][370][INFO][41] 2023-03-10 16:15:12,463--E-PortMsg：XML字符串加业务签成功！
[ZslCustomsAssist.Jobs.ReportSendJob-SendReport][382][INFO][41] 2023-03-10 16:15:12,464--【D:\file\ZslCustomsAssist\ZslCustomsAssist\bin\Release\net6.0-windows\runtimes\Server\Sending\SZCPORTCEB311Message_EDI4403961X7S_E001_202302241702543328.report\SZCPORTCEB311Message_EDI4403961X7S_E001_202302241702543328.xml】卡加签成功！
[ZslCustomsAssist.Jobs.ReportSendJob-SendReport][511][INFO][41] 2023-03-10 16:15:12,552--报文处理共耗时：1.472s
[ZslCustomsAssist.Jobs.ReportSendJob-SendReport][517][INFO][41] 2023-03-10 16:15:12,552--报文【SZCPORTCEB311Message_EDI4403961X7S_E001_202302241702543328.xml】发送成功！
[ZslCustomsAssist.Jobs.ReportSendJob-SendReport][511][INFO][43] 2023-03-10 16:15:12,742--报文处理共耗时：3.675s
[ZslCustomsAssist.Jobs.ReportSendJob-SendReport][517][INFO][43] 2023-03-10 16:15:12,742--报文【SZCPORTCEB311Message_EDI4403961X7S_E001_202302232046495619.xml】发送成功！
[ZslCustomsAssist.Jobs.ReportReceiptWritingJob-WriteRportReceipt][161][INFO][29] 2023-03-10 16:15:15,205--回执【D:\file\ZslCustomsAssist\ZslCustomsAssist\bin\Release\net6.0-windows\runtimes\Server\Receipt\SZCPORTCEB312Message_DXPEDCCEB0000002_675075495347467471.receipt】推送成功
[ZslCustomsAssist.Jobs.ReportReceiptWritingJob-WriteRportReceipt][161][INFO][29] 2023-03-10 16:15:15,249--回执【D:\file\ZslCustomsAssist\ZslCustomsAssist\bin\Release\net6.0-windows\runtimes\Server\Receipt\SZCPORTCEB312Message_DXPEDCCEB0000002_290466876591963629.receipt】推送成功
[ZslCustomsAssist.Jobs.ReportReceiptWritingJob-WriteRportReceipt][161][INFO][29] 2023-03-10 16:15:15,284--回执【D:\file\ZslCustomsAssist\ZslCustomsAssist\bin\Release\net6.0-windows\runtimes\Server\Receipt\SZCPORTCEB312Message_DXPEDCCEB0000002_227206527248963278.receipt】推送成功
[ZslCustomsAssist.Jobs.ReportReceiptDownloadJob-DownloadRportReceipt][123][INFO][30] 2023-03-10 16:15:16,993--回执下载成功,耗时：1.648s;描述：下载回执【3】条！
[ZslCustomsAssist.Jobs.ReportReceiptDownloadJob+<>c__DisplayClass8_0-<SendReceiptReceived>b__0][287][INFO][30] 2023-03-10 16:15:16,994--已下载回执【SZCPORTCEB312Message_DXPEDCCEB0000002_242504222397216033.xml】
[ZslCustomsAssist.Jobs.ReportReceiptDownloadJob+<>c__DisplayClass8_0-<SendReceiptReceived>b__0][287][INFO][30] 2023-03-10 16:15:16,994--已下载回执【SZCPORTCEB312Message_DXPEDCCEB0000002_190860856743071030.xml】
[ZslCustomsAssist.Jobs.ReportReceiptDownloadJob+<>c__DisplayClass8_0-<SendReceiptReceived>b__0][287][INFO][30] 2023-03-10 16:15:16,994--已下载回执【SZCPORTCEB312Message_DXPEDCCEB0000002_869076193177079790.xml】
[ZslCustomsAssist.Jobs.ReportReceiptWritingJob-WriteRportReceipt][161][INFO][29] 2023-03-10 16:15:18,343--回执【D:\file\ZslCustomsAssist\ZslCustomsAssist\bin\Release\net6.0-windows\runtimes\Server\Receipt\SZCPORTCEB312Message_DXPEDCCEB0000002_242504222397216033.receipt】推送成功
[ZslCustomsAssist.Jobs.ReportReceiptWritingJob-WriteRportReceipt][161][INFO][29] 2023-03-10 16:15:18,384--回执【D:\file\ZslCustomsAssist\ZslCustomsAssist\bin\Release\net6.0-windows\runtimes\Server\Receipt\SZCPORTCEB312Message_DXPEDCCEB0000002_190860856743071030.receipt】推送成功
[ZslCustomsAssist.Jobs.ReportReceiptWritingJob-WriteRportReceipt][161][INFO][29] 2023-03-10 16:15:18,422--回执【D:\file\ZslCustomsAssist\ZslCustomsAssist\bin\Release\net6.0-windows\runtimes\Server\Receipt\SZCPORTCEB312Message_DXPEDCCEB0000002_869076193177079790.receipt】推送成功
[ZslCustomsAssist.SPSecure.SPSecureAPI-SpcGetErrMsg][370][INFO][15] 2023-03-10 16:16:06,602--E-PortMsg：打开设备成功！
[ZslCustomsAssist.SPSecure.SPSecureAPI-SpcGetErrMsg][370][INFO][15] 2023-03-10 16:16:07,045--E-PortMsg：获取卡号成功！
[ZslCustomsAssist.Jobs.ReportSendJob-SendReport][393][ERROR][39] 2023-03-10 16:16:47,019--【SZCPORTCEB311Message_EDI4403961X7S_E001_202302221425534432.report】加签失败,已移动到【发送失败目录】
reportContent：<?xml version="1.0" encoding="UTF-8"?>
<ceb:CEB311Message xmlns:ceb="http://www.chinaport.gov.cn/ceb" version="1.0" guid="519F8135-7C01-49CF-AA9B-1234FEDBC997" xmlns:xsi="http://www.w3.org/2001/XMLSchema-instance"><ceb:Order><ceb:OrderHead><ceb:guid>71347791-BB73-4A3F-996A-FC0879DF1D09</ceb:guid><ceb:appType>1</ceb:appType><ceb:appTime>20230222142553</ceb:appTime><ceb:appStatus>2</ceb:appStatus><ceb:orderType>I</ceb:orderType><ceb:orderNo>pc2023020200001</ceb:orderNo><ceb:ebpCode>4403961X7S</ceb:ebpCode><ceb:ebpName>深圳市中英街商旅服务有限公司</ceb:ebpName><ceb:ebcCode>4403961X7S</ceb:ebcCode><ceb:ebcName>深圳市中英街商旅服务有限公司</ceb:ebcName><ceb:goodsValue>110.0</ceb:goodsValue><ceb:freight>0.0</ceb:freight><ceb:discount>10.0</ceb:discount><ceb:taxTotal>10.0</ceb:taxTotal><ceb:acturalPaid>100.0</ceb:acturalPaid><ceb:currency>142</ceb:currency><ceb:buyerRegNo>13555555555</ceb:buyerRegNo><ceb:buyerName>方合</ceb:buyerName><ceb:buyerTelephone>13555555555</ceb:buyerTelephone><ceb:buyerIdType>1</ceb:buyerIdType><ceb:buyerIdNumber>420983199909090909</ceb:buyerIdNumber><ceb:payCode>4403169D3W</ceb:payCode><ceb:payName>财付通支付科技有限公司</ceb:payName><ceb:payTransactionId>6316426534615426534</ceb:payTransactionId><ceb:batchNumbers/><ceb:consignee>方先生</ceb:consignee><ceb:consigneeTelephone>13555555555</ceb:consigneeTelephone><ceb:consigneeAddress>广东省深圳市盐田区某某街道123小区123房</ceb:consigneeAddress><ceb:note/></ceb:OrderHead><ceb:OrderList><ceb:gnum>1</ceb:gnum><ceb:itemNo>12331735</ceb:itemNo><ceb:itemName>惠氏启赋蕴萃 较大婴儿配方 奶粉（900g)【自定义名称】</ceb:itemName><ceb:gmodel>4|3|乳糖37.99%、脱脂乳粉30.07%、植物油(葵 花籽油, 菜籽油)20.54%、乳清蛋白粉5.2%、低 聚果糖2.43%、维生素和矿物质等其他配料3.77%|供婴幼儿食用|供婴幼儿食用，适用于6-12月龄婴儿|900克*6 罐/箱|惠氏wyeth|||7613035982222</ceb:gmodel><ceb:itemDescribe/><ceb:barCode>691536984563</ceb:barCode><ceb:unit>122</ceb:unit><ceb:qty>1</ceb:qty><ceb:price>12.76</ceb:price><ceb:totalPrice>12.76</ceb:totalPrice><ceb:currency>142</ceb:currency><ceb:country>IRL</ceb:country><ceb:note/></ceb:OrderList></ceb:Order><ceb:BaseTransfer><ceb:copCode>4403961X7S</ceb:copCode><ceb:copName>深圳市中英街商旅服务有限公司</ceb:copName><ceb:dxpMode>DXP</ceb:dxpMode><ceb:dxpId>DXPENT0000480367</ceb:dxpId><ceb:note/></ceb:BaseTransfer></ceb:CEB311Message>
System.Exception: [智能卡应用模块]输入参数错误:错误码=51500
   at ZslCustomsAssist.SPSecure.SPSecureAPI.SpcGetErrMsg(String operation, UInt32 errorCode) in D:\file\ZslCustomsAssist\ZslCustomsAssist\SPSecure\SPSecureAPI.cs:line 368
   at ZslCustomsAssist.SPSecure.SPSecureAPI.SpcSignData(String inData) in D:\file\ZslCustomsAssist\ZslCustomsAssist\SPSecure\SPSecureAPI.cs:line 37
   at ZslCustomsAssist.Utils.SignXmlUtil.SignXmlDoc(XmlDocument xmlDoc, String digestValue) in D:\file\ZslCustomsAssist\ZslCustomsAssist\Utils\SignXmlUtil.cs:line 37
   at ZslCustomsAssist.Utils.DeclareMessageXmlSign.XmlSign(String report, String privateKeyStr, String publicKeyStr) in D:\file\ZslCustomsAssist\ZslCustomsAssist\Utils\DeclareMessageXmlSign.cs:line 29
   at ZslCustomsAssist.Jobs.ReportSendJob.SendReport(String fullPath) in D:\file\ZslCustomsAssist\ZslCustomsAssist\Jobs\ReportSendJob.cs:line 365
[ZslCustomsAssist.Jobs.ReportSendJob-SendReport][393][ERROR][42] 2023-03-10 16:16:47,129--【SZCPORTCEB311Message_EDI4403961X7S_E001_202302232046495619.report】加签失败,已移动到【发送失败目录】
reportContent：<?xml version="1.0" encoding="UTF-8"?><ceb:CEB311Message xmlns:ceb="http://www.chinaport.gov.cn/ceb" version="1.0" guid="1FF0B9F5-158A-489E-A869-ABE9D30E5395" xmlns:xsi="http://www.w3.org/2001/XMLSchema-instance"><ceb:Order><ceb:OrderHead><ceb:guid>5FE83DF3-48DA-4A4C-9269-B2A21B4CFEE6</ceb:guid><ceb:appType>1</ceb:appType><ceb:appTime>20230224145603</ceb:appTime><ceb:appStatus>2</ceb:appStatus><ceb:orderType>I</ceb:orderType><ceb:orderNo>pc202302240006</ceb:orderNo><ceb:ebpCode>3105961682</ceb:ebpCode><ceb:ebpName>深圳市中英街商旅服务有限公司</ceb:ebpName><ceb:ebcCode>4403961X7S</ceb:ebcCode><ceb:ebcName>深圳市中英街商旅服务有限公司</ceb:ebcName><ceb:goodsValue>420.0</ceb:goodsValue><ceb:freight>0.0</ceb:freight><ceb:discount>10.0</ceb:discount><ceb:taxTotal>10.0</ceb:taxTotal><ceb:acturalPaid>410.0</ceb:acturalPaid><ceb:currency>142</ceb:currency><ceb:buyerRegNo>13555555557</ceb:buyerRegNo><ceb:buyerName>方合</ceb:buyerName><ceb:buyerTelephone>13555555557</ceb:buyerTelephone><ceb:buyerIdType>1</ceb:buyerIdType><ceb:buyerIdNumber>420983199909090909</ceb:buyerIdNumber><ceb:payCode>4403169D3W</ceb:payCode><ceb:payName>财付通支付科技有限公司</ceb:payName><ceb:payTransactionId>6316426532215426534</ceb:payTransactionId><ceb:batchNumbers/><ceb:consignee>方生</ceb:consignee><ceb:consigneeTelephone>13555555557</ceb:consigneeTelephone><ceb:consigneeAddress>广东省深圳市盐田区某某街道123小区123号</ceb:consigneeAddress><ceb:note/></ceb:OrderHead><ceb:OrderList><ceb:gnum>1</ceb:gnum><ceb:itemNo>12331735</ceb:itemNo><ceb:itemName>测试商品002</ceb:itemName><ceb:gmodel>4|3|乳糖37.99%、脱脂乳粉30.07%、植物油(葵 花籽油, 菜籽油)20.54%、乳清蛋白粉5.2%、低 聚果糖2.43%、维生素和矿物质等其他配料3.77%|供婴幼儿食用|供婴幼儿食用，适用于6-12月龄婴儿|900克*6 罐/箱|惠氏wyeth|||7613035982222</ceb:gmodel><ceb:itemDescribe/><ceb:barCode>691536984563</ceb:barCode><ceb:unit>122</ceb:unit><ceb:qty>2</ceb:qty><ceb:price>12.76</ceb:price><ceb:totalPrice>25.52</ceb:totalPrice><ceb:currency>142</ceb:currency><ceb:country>IRL</ceb:country><ceb:note/></ceb:OrderList><ceb:OrderList><ceb:gnum>2</ceb:gnum><ceb:itemNo>20230224002-01</ceb:itemNo><ceb:itemName>测试商品03</ceb:itemName><ceb:gmodel>3|0|用于壁挂电视|SANUS牌无中文品牌|LLF225-B1|||塑胶+铁制</ceb:gmodel><ceb:itemDescribe/><ceb:barCode>6936983800015</ceb:barCode><ceb:unit>001</ceb:unit><ceb:qty>2</ceb:qty><ceb:price>300.0</ceb:price><ceb:totalPrice>600.0</ceb:totalPrice><ceb:currency>142</ceb:currency><ceb:country>AUS</ceb:country><ceb:note/></ceb:OrderList></ceb:Order><ceb:BaseTransfer><ceb:copCode>4403961X7S</ceb:copCode><ceb:copName>深圳市中英街商旅服务有限公司</ceb:copName><ceb:dxpMode>DXP</ceb:dxpMode><ceb:dxpId>DXPENT0000480367</ceb:dxpId><ceb:note/></ceb:BaseTransfer></ceb:CEB311Message>
System.Exception: [智能卡应用模块]输入参数错误:错误码=51500
   at ZslCustomsAssist.SPSecure.SPSecureAPI.SpcGetErrMsg(String operation, UInt32 errorCode) in D:\file\ZslCustomsAssist\ZslCustomsAssist\SPSecure\SPSecureAPI.cs:line 368
   at ZslCustomsAssist.SPSecure.SPSecureAPI.SpcSignData(String inData) in D:\file\ZslCustomsAssist\ZslCustomsAssist\SPSecure\SPSecureAPI.cs:line 37
   at ZslCustomsAssist.Utils.SignXmlUtil.SignXmlDoc(XmlDocument xmlDoc, String digestValue) in D:\file\ZslCustomsAssist\ZslCustomsAssist\Utils\SignXmlUtil.cs:line 37
   at ZslCustomsAssist.Utils.DeclareMessageXmlSign.XmlSign(String report, String privateKeyStr, String publicKeyStr) in D:\file\ZslCustomsAssist\ZslCustomsAssist\Utils\DeclareMessageXmlSign.cs:line 29
   at ZslCustomsAssist.Jobs.ReportSendJob.SendReport(String fullPath) in D:\file\ZslCustomsAssist\ZslCustomsAssist\Jobs\ReportSendJob.cs:line 365
[ZslCustomsAssist.Jobs.ReportSendJob-SendReport][393][ERROR][40] 2023-03-10 16:16:47,231--【SZCPORTCEB311Message_EDI4403961X7S_E001_202302232113472450.report】加签失败,已移动到【发送失败目录】
reportContent：<?xml version="1.0" encoding="UTF-8"?><ceb:CEB311Message xmlns:ceb="http://www.chinaport.gov.cn/ceb" version="1.0" guid="1FF0B9F5-158A-489E-A869-ABE9D30E5395" xmlns:xsi="http://www.w3.org/2001/XMLSchema-instance"><ceb:Order><ceb:OrderHead><ceb:guid>5FE83DF3-48DA-4A4C-9269-B2A21B4CFEE6</ceb:guid><ceb:appType>1</ceb:appType><ceb:appTime>20230224145603</ceb:appTime><ceb:appStatus>2</ceb:appStatus><ceb:orderType>I</ceb:orderType><ceb:orderNo>pc202302240006</ceb:orderNo><ceb:ebpCode>3105961682</ceb:ebpCode><ceb:ebpName>深圳市中英街商旅服务有限公司</ceb:ebpName><ceb:ebcCode>4403961X7S</ceb:ebcCode><ceb:ebcName>深圳市中英街商旅服务有限公司</ceb:ebcName><ceb:goodsValue>420.0</ceb:goodsValue><ceb:freight>0.0</ceb:freight><ceb:discount>10.0</ceb:discount><ceb:taxTotal>10.0</ceb:taxTotal><ceb:acturalPaid>410.0</ceb:acturalPaid><ceb:currency>142</ceb:currency><ceb:buyerRegNo>13555555557</ceb:buyerRegNo><ceb:buyerName>方合</ceb:buyerName><ceb:buyerTelephone>13555555557</ceb:buyerTelephone><ceb:buyerIdType>1</ceb:buyerIdType><ceb:buyerIdNumber>420983199909090909</ceb:buyerIdNumber><ceb:payCode>4403169D3W</ceb:payCode><ceb:payName>财付通支付科技有限公司</ceb:payName><ceb:payTransactionId>6316426532215426534</ceb:payTransactionId><ceb:batchNumbers/><ceb:consignee>方生</ceb:consignee><ceb:consigneeTelephone>13555555557</ceb:consigneeTelephone><ceb:consigneeAddress>广东省深圳市盐田区某某街道123小区123号</ceb:consigneeAddress><ceb:note/></ceb:OrderHead><ceb:OrderList><ceb:gnum>1</ceb:gnum><ceb:itemNo>12331735</ceb:itemNo><ceb:itemName>测试商品002</ceb:itemName><ceb:gmodel>4|3|乳糖37.99%、脱脂乳粉30.07%、植物油(葵 花籽油, 菜籽油)20.54%、乳清蛋白粉5.2%、低 聚果糖2.43%、维生素和矿物质等其他配料3.77%|供婴幼儿食用|供婴幼儿食用，适用于6-12月龄婴儿|900克*6 罐/箱|惠氏wyeth|||7613035982222</ceb:gmodel><ceb:itemDescribe/><ceb:barCode>691536984563</ceb:barCode><ceb:unit>122</ceb:unit><ceb:qty>2</ceb:qty><ceb:price>12.76</ceb:price><ceb:totalPrice>25.52</ceb:totalPrice><ceb:currency>142</ceb:currency><ceb:country>IRL</ceb:country><ceb:note/></ceb:OrderList><ceb:OrderList><ceb:gnum>2</ceb:gnum><ceb:itemNo>20230224002-01</ceb:itemNo><ceb:itemName>测试商品03</ceb:itemName><ceb:gmodel>3|0|用于壁挂电视|SANUS牌无中文品牌|LLF225-B1|||塑胶+铁制</ceb:gmodel><ceb:itemDescribe/><ceb:barCode>6936983800015</ceb:barCode><ceb:unit>001</ceb:unit><ceb:qty>2</ceb:qty><ceb:price>300.0</ceb:price><ceb:totalPrice>600.0</ceb:totalPrice><ceb:currency>142</ceb:currency><ceb:country>AUS</ceb:country><ceb:note/></ceb:OrderList></ceb:Order><ceb:BaseTransfer><ceb:copCode>4403961X7S</ceb:copCode><ceb:copName>深圳市中英街商旅服务有限公司</ceb:copName><ceb:dxpMode>DXP</ceb:dxpMode><ceb:dxpId>DXPENT0000480367</ceb:dxpId><ceb:note/></ceb:BaseTransfer></ceb:CEB311Message>
System.Exception: [智能卡应用模块]输入参数错误:错误码=51500
   at ZslCustomsAssist.SPSecure.SPSecureAPI.SpcGetErrMsg(String operation, UInt32 errorCode) in D:\file\ZslCustomsAssist\ZslCustomsAssist\SPSecure\SPSecureAPI.cs:line 368
   at ZslCustomsAssist.SPSecure.SPSecureAPI.SpcSignData(String inData) in D:\file\ZslCustomsAssist\ZslCustomsAssist\SPSecure\SPSecureAPI.cs:line 37
   at ZslCustomsAssist.Utils.SignXmlUtil.SignXmlDoc(XmlDocument xmlDoc, String digestValue) in D:\file\ZslCustomsAssist\ZslCustomsAssist\Utils\SignXmlUtil.cs:line 37
   at ZslCustomsAssist.Utils.DeclareMessageXmlSign.XmlSign(String report, String privateKeyStr, String publicKeyStr) in D:\file\ZslCustomsAssist\ZslCustomsAssist\Utils\DeclareMessageXmlSign.cs:line 29
   at ZslCustomsAssist.Jobs.ReportSendJob.SendReport(String fullPath) in D:\file\ZslCustomsAssist\ZslCustomsAssist\Jobs\ReportSendJob.cs:line 365
[ZslCustomsAssist.Jobs.ReportSendJob-SendReport][393][ERROR][36] 2023-03-10 16:16:47,355--【SZCPORTCEB311Message_EDI4403961X7S_E001_202302241452456009.report】加签失败,已移动到【发送失败目录】
reportContent：<?xml version="1.0" encoding="UTF-8"?><ceb:CEB311Message xmlns:ceb="http://www.chinaport.gov.cn/ceb" version="1.0" guid="1FF0B9F5-158A-489E-A869-ABE9D30E5395" xmlns:xsi="http://www.w3.org/2001/XMLSchema-instance"><ceb:Order><ceb:OrderHead><ceb:guid>5FE83DF3-48DA-4A4C-9269-B2A21B4CFEE6</ceb:guid><ceb:appType>1</ceb:appType><ceb:appTime>20230224145603</ceb:appTime><ceb:appStatus>2</ceb:appStatus><ceb:orderType>I</ceb:orderType><ceb:orderNo>pc202302240006</ceb:orderNo><ceb:ebpCode>3105961682</ceb:ebpCode><ceb:ebpName>深圳市中英街商旅服务有限公司</ceb:ebpName><ceb:ebcCode>4403961X7S</ceb:ebcCode><ceb:ebcName>深圳市中英街商旅服务有限公司</ceb:ebcName><ceb:goodsValue>420.0</ceb:goodsValue><ceb:freight>0.0</ceb:freight><ceb:discount>10.0</ceb:discount><ceb:taxTotal>10.0</ceb:taxTotal><ceb:acturalPaid>410.0</ceb:acturalPaid><ceb:currency>142</ceb:currency><ceb:buyerRegNo>13555555557</ceb:buyerRegNo><ceb:buyerName>方合</ceb:buyerName><ceb:buyerTelephone>13555555557</ceb:buyerTelephone><ceb:buyerIdType>1</ceb:buyerIdType><ceb:buyerIdNumber>420983199909090909</ceb:buyerIdNumber><ceb:payCode>4403169D3W</ceb:payCode><ceb:payName>财付通支付科技有限公司</ceb:payName><ceb:payTransactionId>6316426532215426534</ceb:payTransactionId><ceb:batchNumbers/><ceb:consignee>方生</ceb:consignee><ceb:consigneeTelephone>13555555557</ceb:consigneeTelephone><ceb:consigneeAddress>广东省深圳市盐田区某某街道123小区123号</ceb:consigneeAddress><ceb:note/></ceb:OrderHead><ceb:OrderList><ceb:gnum>1</ceb:gnum><ceb:itemNo>12331735</ceb:itemNo><ceb:itemName>测试商品002</ceb:itemName><ceb:gmodel>4|3|乳糖37.99%、脱脂乳粉30.07%、植物油(葵 花籽油, 菜籽油)20.54%、乳清蛋白粉5.2%、低 聚果糖2.43%、维生素和矿物质等其他配料3.77%|供婴幼儿食用|供婴幼儿食用，适用于6-12月龄婴儿|900克*6 罐/箱|惠氏wyeth|||7613035982222</ceb:gmodel><ceb:itemDescribe/><ceb:barCode>691536984563</ceb:barCode><ceb:unit>122</ceb:unit><ceb:qty>2</ceb:qty><ceb:price>12.76</ceb:price><ceb:totalPrice>25.52</ceb:totalPrice><ceb:currency>142</ceb:currency><ceb:country>IRL</ceb:country><ceb:note/></ceb:OrderList><ceb:OrderList><ceb:gnum>2</ceb:gnum><ceb:itemNo>20230224002-01</ceb:itemNo><ceb:itemName>测试商品03</ceb:itemName><ceb:gmodel>3|0|用于壁挂电视|SANUS牌无中文品牌|LLF225-B1|||塑胶+铁制</ceb:gmodel><ceb:itemDescribe/><ceb:barCode>6936983800015</ceb:barCode><ceb:unit>001</ceb:unit><ceb:qty>2</ceb:qty><ceb:price>300.0</ceb:price><ceb:totalPrice>600.0</ceb:totalPrice><ceb:currency>142</ceb:currency><ceb:country>AUS</ceb:country><ceb:note/></ceb:OrderList></ceb:Order><ceb:BaseTransfer><ceb:copCode>4403961X7S</ceb:copCode><ceb:copName>深圳市中英街商旅服务有限公司</ceb:copName><ceb:dxpMode>DXP</ceb:dxpMode><ceb:dxpId>DXPENT0000480367</ceb:dxpId><ceb:note/></ceb:BaseTransfer></ceb:CEB311Message>
System.Exception: [智能卡应用模块]输入参数错误:错误码=51500
   at ZslCustomsAssist.SPSecure.SPSecureAPI.SpcGetErrMsg(String operation, UInt32 errorCode) in D:\file\ZslCustomsAssist\ZslCustomsAssist\SPSecure\SPSecureAPI.cs:line 368
   at ZslCustomsAssist.SPSecure.SPSecureAPI.SpcSignData(String inData) in D:\file\ZslCustomsAssist\ZslCustomsAssist\SPSecure\SPSecureAPI.cs:line 37
   at ZslCustomsAssist.Utils.SignXmlUtil.SignXmlDoc(XmlDocument xmlDoc, String digestValue) in D:\file\ZslCustomsAssist\ZslCustomsAssist\Utils\SignXmlUtil.cs:line 37
   at ZslCustomsAssist.Utils.DeclareMessageXmlSign.XmlSign(String report, String privateKeyStr, String publicKeyStr) in D:\file\ZslCustomsAssist\ZslCustomsAssist\Utils\DeclareMessageXmlSign.cs:line 29
   at ZslCustomsAssist.Jobs.ReportSendJob.SendReport(String fullPath) in D:\file\ZslCustomsAssist\ZslCustomsAssist\Jobs\ReportSendJob.cs:line 365
[ZslCustomsAssist.Jobs.ReportSendJob-SendReport][393][ERROR][41] 2023-03-10 16:16:47,446--【SZCPORTCEB311Message_EDI4403961X7S_E001_202302241456036413.report】加签失败,已移动到【发送失败目录】
reportContent：<?xml version="1.0" encoding="UTF-8"?><ceb:CEB311Message xmlns:ceb="http://www.chinaport.gov.cn/ceb" version="1.0" guid="1FF0B9F5-158A-489E-A869-ABE9D30E5395" xmlns:xsi="http://www.w3.org/2001/XMLSchema-instance"><ceb:Order><ceb:OrderHead><ceb:guid>5FE83DF3-48DA-4A4C-9269-B2A21B4CFEE6</ceb:guid><ceb:appType>1</ceb:appType><ceb:appTime>20230224145603</ceb:appTime><ceb:appStatus>2</ceb:appStatus><ceb:orderType>I</ceb:orderType><ceb:orderNo>pc202302240007</ceb:orderNo><ceb:ebpCode>3105961682</ceb:ebpCode><ceb:ebpName>深圳市中英街商旅服务有限公司</ceb:ebpName><ceb:ebcCode>4403961X7S</ceb:ebcCode><ceb:ebcName>深圳市中英街商旅服务有限公司</ceb:ebcName><ceb:goodsValue>420.0</ceb:goodsValue><ceb:freight>0.0</ceb:freight><ceb:discount>10.0</ceb:discount><ceb:taxTotal>10.0</ceb:taxTotal><ceb:acturalPaid>410.0</ceb:acturalPaid><ceb:currency>142</ceb:currency><ceb:buyerRegNo>13555555557</ceb:buyerRegNo><ceb:buyerName>方合</ceb:buyerName><ceb:buyerTelephone>13555555557</ceb:buyerTelephone><ceb:buyerIdType>1</ceb:buyerIdType><ceb:buyerIdNumber>420983199909090909</ceb:buyerIdNumber><ceb:payCode>4403169D3W</ceb:payCode><ceb:payName>财付通支付科技有限公司</ceb:payName><ceb:payTransactionId>6316426532215426534</ceb:payTransactionId><ceb:batchNumbers/><ceb:consignee>方生</ceb:consignee><ceb:consigneeTelephone>13555555557</ceb:consigneeTelephone><ceb:consigneeAddress>广东省深圳市盐田区某某街道123小区123号</ceb:consigneeAddress><ceb:note/></ceb:OrderHead><ceb:OrderList><ceb:gnum>1</ceb:gnum><ceb:itemNo>12331735</ceb:itemNo><ceb:itemName>测试商品002</ceb:itemName><ceb:gmodel>4|3|乳糖37.99%、脱脂乳粉30.07%、植物油(葵 花籽油, 菜籽油)20.54%、乳清蛋白粉5.2%、低 聚果糖2.43%、维生素和矿物质等其他配料3.77%|供婴幼儿食用|供婴幼儿食用，适用于6-12月龄婴儿|900克*6 罐/箱|惠氏wyeth|||7613035982222</ceb:gmodel><ceb:itemDescribe/><ceb:barCode>691536984563</ceb:barCode><ceb:unit>122</ceb:unit><ceb:qty>2</ceb:qty><ceb:price>12.76</ceb:price><ceb:totalPrice>25.52</ceb:totalPrice><ceb:currency>142</ceb:currency><ceb:country>IRL</ceb:country><ceb:note/></ceb:OrderList><ceb:OrderList><ceb:gnum>2</ceb:gnum><ceb:itemNo>20230224002-01</ceb:itemNo><ceb:itemName>测试商品03</ceb:itemName><ceb:gmodel>3|0|用于壁挂电视|SANUS牌无中文品牌|LLF225-B1|||塑胶+铁制</ceb:gmodel><ceb:itemDescribe/><ceb:barCode>6936983800015</ceb:barCode><ceb:unit>001</ceb:unit><ceb:qty>2</ceb:qty><ceb:price>300.0</ceb:price><ceb:totalPrice>600.0</ceb:totalPrice><ceb:currency>142</ceb:currency><ceb:country>AUS</ceb:country><ceb:note/></ceb:OrderList></ceb:Order><ceb:BaseTransfer><ceb:copCode>4403961X7S</ceb:copCode><ceb:copName>深圳市中英街商旅服务有限公司</ceb:copName><ceb:dxpMode>DXP</ceb:dxpMode><ceb:dxpId>DXPENT0000480367</ceb:dxpId><ceb:note/></ceb:BaseTransfer></ceb:CEB311Message>
System.Exception: [智能卡应用模块]输入参数错误:错误码=51500
   at ZslCustomsAssist.SPSecure.SPSecureAPI.SpcGetErrMsg(String operation, UInt32 errorCode) in D:\file\ZslCustomsAssist\ZslCustomsAssist\SPSecure\SPSecureAPI.cs:line 368
   at ZslCustomsAssist.SPSecure.SPSecureAPI.SpcSignData(String inData) in D:\file\ZslCustomsAssist\ZslCustomsAssist\SPSecure\SPSecureAPI.cs:line 37
   at ZslCustomsAssist.Utils.SignXmlUtil.SignXmlDoc(XmlDocument xmlDoc, String digestValue) in D:\file\ZslCustomsAssist\ZslCustomsAssist\Utils\SignXmlUtil.cs:line 37
   at ZslCustomsAssist.Utils.DeclareMessageXmlSign.XmlSign(String report, String privateKeyStr, String publicKeyStr) in D:\file\ZslCustomsAssist\ZslCustomsAssist\Utils\DeclareMessageXmlSign.cs:line 29
   at ZslCustomsAssist.Jobs.ReportSendJob.SendReport(String fullPath) in D:\file\ZslCustomsAssist\ZslCustomsAssist\Jobs\ReportSendJob.cs:line 365
[ZslCustomsAssist.Jobs.ReportSendJob-SendReport][393][ERROR][44] 2023-03-10 16:16:47,556--【SZCPORTCEB311Message_EDI4403961X7S_E001_202302241702543328.report】加签失败,已移动到【发送失败目录】
reportContent：<?xml version="1.0" encoding="UTF-8"?><ceb:CEB311Message xmlns:ceb="http://www.chinaport.gov.cn/ceb" version="1.0" guid="1FF0B9F5-158A-489E-A869-ABE9D30E5395" xmlns:xsi="http://www.w3.org/2001/XMLSchema-instance"><ceb:Order><ceb:OrderHead><ceb:guid>5FE83DF3-48DA-4A4C-9269-B2A21B4CFEE6</ceb:guid><ceb:appType>1</ceb:appType><ceb:appTime>20230224145603</ceb:appTime><ceb:appStatus>2</ceb:appStatus><ceb:orderType>I</ceb:orderType><ceb:orderNo>pc202302240007</ceb:orderNo><ceb:ebpCode>3105961682</ceb:ebpCode><ceb:ebpName>深圳市中英街商旅服务有限公司</ceb:ebpName><ceb:ebcCode>4403961X7S</ceb:ebcCode><ceb:ebcName>深圳市中英街商旅服务有限公司</ceb:ebcName><ceb:goodsValue>420.0</ceb:goodsValue><ceb:freight>0.0</ceb:freight><ceb:discount>10.0</ceb:discount><ceb:taxTotal>10.0</ceb:taxTotal><ceb:acturalPaid>410.0</ceb:acturalPaid><ceb:currency>142</ceb:currency><ceb:buyerRegNo>13555555557</ceb:buyerRegNo><ceb:buyerName>方合</ceb:buyerName><ceb:buyerTelephone>13555555557</ceb:buyerTelephone><ceb:buyerIdType>1</ceb:buyerIdType><ceb:buyerIdNumber>420983199909090909</ceb:buyerIdNumber><ceb:payCode>4403169D3W</ceb:payCode><ceb:payName>财付通支付科技有限公司</ceb:payName><ceb:payTransactionId>6316426532215426534</ceb:payTransactionId><ceb:batchNumbers/><ceb:consignee>方生</ceb:consignee><ceb:consigneeTelephone>13555555557</ceb:consigneeTelephone><ceb:consigneeAddress>广东省深圳市盐田区某某街道123小区123号</ceb:consigneeAddress><ceb:note/></ceb:OrderHead><ceb:OrderList><ceb:gnum>1</ceb:gnum><ceb:itemNo>12331735</ceb:itemNo><ceb:itemName>测试商品002</ceb:itemName><ceb:gmodel>4|3|乳糖37.99%、脱脂乳粉30.07%、植物油(葵 花籽油, 菜籽油)20.54%、乳清蛋白粉5.2%、低 聚果糖2.43%、维生素和矿物质等其他配料3.77%|供婴幼儿食用|供婴幼儿食用，适用于6-12月龄婴儿|900克*6 罐/箱|惠氏wyeth|||7613035982222</ceb:gmodel><ceb:itemDescribe/><ceb:barCode>691536984563</ceb:barCode><ceb:unit>122</ceb:unit><ceb:qty>2</ceb:qty><ceb:price>12.76</ceb:price><ceb:totalPrice>25.52</ceb:totalPrice><ceb:currency>142</ceb:currency><ceb:country>IRL</ceb:country><ceb:note/></ceb:OrderList><ceb:OrderList><ceb:gnum>2</ceb:gnum><ceb:itemNo>20230224002-01</ceb:itemNo><ceb:itemName>测试商品03</ceb:itemName><ceb:gmodel>3|0|用于壁挂电视|SANUS牌无中文品牌|LLF225-B1|||塑胶+铁制</ceb:gmodel><ceb:itemDescribe/><ceb:barCode>6936983800015</ceb:barCode><ceb:unit>001</ceb:unit><ceb:qty>2</ceb:qty><ceb:price>300.0</ceb:price><ceb:totalPrice>600.0</ceb:totalPrice><ceb:currency>142</ceb:currency><ceb:country>AUS</ceb:country><ceb:note/></ceb:OrderList></ceb:Order><ceb:BaseTransfer><ceb:copCode>4403961X7S</ceb:copCode><ceb:copName>深圳市中英街商旅服务有限公司</ceb:copName><ceb:dxpMode>DXP</ceb:dxpMode><ceb:dxpId>DXPENT0000480367</ceb:dxpId><ceb:note/></ceb:BaseTransfer></ceb:CEB311Message>
System.Exception: [智能卡应用模块]输入参数错误:错误码=51500
   at ZslCustomsAssist.SPSecure.SPSecureAPI.SpcGetErrMsg(String operation, UInt32 errorCode) in D:\file\ZslCustomsAssist\ZslCustomsAssist\SPSecure\SPSecureAPI.cs:line 368
   at ZslCustomsAssist.SPSecure.SPSecureAPI.SpcSignData(String inData) in D:\file\ZslCustomsAssist\ZslCustomsAssist\SPSecure\SPSecureAPI.cs:line 37
   at ZslCustomsAssist.Utils.SignXmlUtil.SignXmlDoc(XmlDocument xmlDoc, String digestValue) in D:\file\ZslCustomsAssist\ZslCustomsAssist\Utils\SignXmlUtil.cs:line 37
   at ZslCustomsAssist.Utils.DeclareMessageXmlSign.XmlSign(String report, String privateKeyStr, String publicKeyStr) in D:\file\ZslCustomsAssist\ZslCustomsAssist\Utils\DeclareMessageXmlSign.cs:line 29
   at ZslCustomsAssist.Jobs.ReportSendJob.SendReport(String fullPath) in D:\file\ZslCustomsAssist\ZslCustomsAssist\Jobs\ReportSendJob.cs:line 365
[ZslCustomsAssist.Jobs.ReportSendJob-OnDoReportSend][140][INFO][39] 2023-03-10 16:17:07,229--程序退出中/更新中/卡状态异常,不再处理任何报文！线程[39]从线程池中移除
[ZslCustomsAssist.Jobs.ReportSendJob-OnDoReportSend][140][INFO][43] 2023-03-10 16:17:07,229--程序退出中/更新中/卡状态异常,不再处理任何报文！线程[43]从线程池中移除
[ZslCustomsAssist.Jobs.ReportSendJob-OnDoReportSend][140][INFO][44] 2023-03-10 16:17:07,229--程序退出中/更新中/卡状态异常,不再处理任何报文！线程[44]从线程池中移除
[ZslCustomsAssist.Jobs.ReportSendJob-OnDoReportSend][140][INFO][36] 2023-03-10 16:17:07,229--程序退出中/更新中/卡状态异常,不再处理任何报文！线程[36]从线程池中移除
[ZslCustomsAssist.Jobs.ReportSendJob-OnDoReportSend][140][INFO][40] 2023-03-10 16:17:07,229--程序退出中/更新中/卡状态异常,不再处理任何报文！线程[40]从线程池中移除
[ZslCustomsAssist.Jobs.ReportSendJob-OnDoReportSend][140][INFO][35] 2023-03-10 16:17:07,229--程序退出中/更新中/卡状态异常,不再处理任何报文！线程[35]从线程池中移除
[ZslCustomsAssist.Jobs.ReportSendJob-OnDoReportSend][140][INFO][38] 2023-03-10 16:17:07,229--程序退出中/更新中/卡状态异常,不再处理任何报文！线程[38]从线程池中移除
[ZslCustomsAssist.Jobs.ReportSendJob-OnDoReportSend][140][INFO][42] 2023-03-10 16:17:07,229--程序退出中/更新中/卡状态异常,不再处理任何报文！线程[42]从线程池中移除
[ZslCustomsAssist.Jobs.ReportSendJob-OnDoReportSend][140][INFO][37] 2023-03-10 16:17:07,229--程序退出中/更新中/卡状态异常,不再处理任何报文！线程[37]从线程池中移除
[ZslCustomsAssist.Jobs.ReportSendJob-OnDoReportSend][140][INFO][41] 2023-03-10 16:17:07,229--程序退出中/更新中/卡状态异常,不再处理任何报文！线程[41]从线程池中移除
程序关闭!!!!!!
